% Output generated by QOMET v1.5.0 beta (revision N/A)
% time from_node_id from_node_x from_node_y from_node_z to_node_id to_node_x to_node_y to_node_z distance Pr SNR FER num_retr op_rate bandwidth loss_rate delay jitter
0.000000 1 0.000000 0.000000 0.000000 2 0.000000 10.000000 0.000000 10.0000 -76.2127 23.7873 0.0003 0.00 11000000.00 6116088.15 0.0000 3.3394 0.1608
0.020000 1 0.000000 0.000000 0.000000 2 0.050000 10.000000 0.000000 10.0001 -76.2130 23.7870 0.0003 0.00 11000000.00 6116087.57 0.0000 3.3394 0.1608
0.040000 1 0.000000 0.000000 0.000000 2 0.100000 10.000000 0.000000 10.0005 -76.2139 23.7861 0.0003 0.00 11000000.00 6116085.83 0.0000 3.3394 0.1608
0.060000 1 0.000000 0.000000 0.000000 2 0.150000 10.000000 0.000000 10.0011 -76.2155 23.7845 0.0003 0.00 11000000.00 6116082.92 0.0000 3.3394 0.1608
0.080000 1 0.000000 0.000000 0.000000 2 0.200000 10.000000 0.000000 10.0020 -76.2176 23.7824 0.0003 0.00 11000000.00 6116078.84 0.0000 3.3394 0.1608
0.100000 1 0.000000 0.000000 0.000000 2 0.250000 10.000000 0.000000 10.0031 -76.2203 23.7797 0.0003 0.00 11000000.00 6116073.58 0.0000 3.3394 0.1608
0.120000 1 0.000000 0.000000 0.000000 2 0.300000 10.000000 0.000000 10.0045 -76.2237 23.7763 0.0003 0.00 11000000.00 6116067.14 0.0000 3.3394 0.1608
0.140000 1 0.000000 0.000000 0.000000 2 0.350000 10.000000 0.000000 10.0061 -76.2276 23.7724 0.0003 0.00 11000000.00 6116059.50 0.0000 3.3394 0.1608
0.160000 1 0.000000 0.000000 0.000000 2 0.400000 10.000000 0.000000 10.0080 -76.2322 23.7678 0.0003 0.00 11000000.00 6116050.65 0.0000 3.3394 0.1608
0.180000 1 0.000000 0.000000 0.000000 2 0.450000 10.000000 0.000000 10.0101 -76.2373 23.7627 0.0003 0.00 11000000.00 6116040.57 0.0000 3.3394 0.1608
0.200000 1 0.000000 0.000000 0.000000 2 0.500000 10.000000 0.000000 10.0125 -76.2431 23.7569 0.0003 0.00 11000000.00 6116029.26 0.0000 3.3394 0.1608
0.220000 1 0.000000 0.000000 0.000000 2 0.550000 10.000000 0.000000 10.0151 -76.2495 23.7505 0.0003 0.00 11000000.00 6116016.68 0.0000 3.3394 0.1608
0.240000 1 0.000000 0.000000 0.000000 2 0.600000 10.000000 0.000000 10.0180 -76.2564 23.7436 0.0003 0.00 11000000.00 6116002.82 0.0000 3.3394 0.1608
0.260000 1 0.000000 0.000000 0.000000 2 0.650000 10.000000 0.000000 10.0211 -76.2640 23.7360 0.0003 0.00 11000000.00 6115987.65 0.0000 3.3394 0.1608
0.280000 1 0.000000 0.000000 0.000000 2 0.700000 10.000000 0.000000 10.0245 -76.2722 23.7278 0.0003 0.00 11000000.00 6115971.15 0.0000 3.3394 0.1608
0.300000 1 0.000000 0.000000 0.000000 2 0.750000 10.000000 0.000000 10.0281 -76.2809 23.7191 0.0003 0.00 11000000.00 6115953.30 0.0000 3.3394 0.1609
0.320000 1 0.000000 0.000000 0.000000 2 0.800000 10.000000 0.000000 10.0319 -76.2903 23.7097 0.0003 0.00 11000000.00 6115934.05 0.0000 3.3395 0.1609
0.340000 1 0.000000 0.000000 0.000000 2 0.850000 10.000000 0.000000 10.0361 -76.3003 23.6997 0.0003 0.00 11000000.00 6115913.37 0.0000 3.3395 0.1609
0.360000 1 0.000000 0.000000 0.000000 2 0.900000 10.000000 0.000000 10.0404 -76.3108 23.6892 0.0003 0.00 11000000.00 6115891.24 0.0000 3.3395 0.1609
0.380000 1 0.000000 0.000000 0.000000 2 0.950000 10.000000 0.000000 10.0450 -76.3220 23.6780 0.0003 0.00 11000000.00 6115867.60 0.0000 3.3395 0.1609
0.400000 1 0.000000 0.000000 0.000000 2 1.000000 10.000000 0.000000 10.0499 -76.3337 23.6663 0.0003 0.00 11000000.00 6115842.43 0.0000 3.3395 0.1609
0.420000 1 0.000000 0.000000 0.000000 2 1.050000 10.000000 0.000000 10.0550 -76.3461 23.6539 0.0003 0.00 11000000.00 6115815.67 0.0000 3.3395 0.1609
0.440000 1 0.000000 0.000000 0.000000 2 1.100000 10.000000 0.000000 10.0603 -76.3590 23.6410 0.0003 0.00 11000000.00 6115787.27 0.0000 3.3395 0.1609
0.460000 1 0.000000 0.000000 0.000000 2 1.150000 10.000000 0.000000 10.0659 -76.3725 23.6275 0.0003 0.00 11000000.00 6115757.20 0.0000 3.3395 0.1609
0.480000 1 0.000000 0.000000 0.000000 2 1.200000 10.000000 0.000000 10.0717 -76.3866 23.6134 0.0003 0.00 11000000.00 6115725.38 0.0000 3.3395 0.1609
0.500000 1 0.000000 0.000000 0.000000 2 1.250000 10.000000 0.000000 10.0778 -76.4013 23.5987 0.0003 0.00 11000000.00 6115691.78 0.0000 3.3395 0.1610
0.520000 1 0.000000 0.000000 0.000000 2 1.300000 10.000000 0.000000 10.0841 -76.4165 23.5835 0.0003 0.00 11000000.00 6115656.31 0.0000 3.3395 0.1610
0.540000 1 0.000000 0.000000 0.000000 2 1.350000 10.000000 0.000000 10.0907 -76.4323 23.5677 0.0003 0.00 11000000.00 6115618.93 0.0000 3.3395 0.1610
0.560000 1 0.000000 0.000000 0.000000 2 1.400000 10.000000 0.000000 10.0975 -76.4488 23.5512 0.0003 0.00 11000000.00 6115579.56 0.0000 3.3395 0.1610
0.580000 1 0.000000 0.000000 0.000000 2 1.450000 10.000000 0.000000 10.1046 -76.4657 23.5343 0.0003 0.00 11000000.00 6115538.12 0.0000 3.3395 0.1610
0.600000 1 0.000000 0.000000 0.000000 2 1.500000 10.000000 0.000000 10.1119 -76.4833 23.5167 0.0003 0.00 11000000.00 6115494.55 0.0000 3.3395 0.1610
0.620000 1 0.000000 0.000000 0.000000 2 1.550000 10.000000 0.000000 10.1194 -76.5014 23.4986 0.0003 0.00 11000000.00 6115448.75 0.0000 3.3396 0.1611
0.640000 1 0.000000 0.000000 0.000000 2 1.600000 10.000000 0.000000 10.1272 -76.5201 23.4799 0.0003 0.00 11000000.00 6115400.65 0.0000 3.3396 0.1611
0.660000 1 0.000000 0.000000 0.000000 2 1.650000 10.000000 0.000000 10.1352 -76.5394 23.4606 0.0003 0.00 11000000.00 6115350.15 0.0000 3.3396 0.1611
0.680000 1 0.000000 0.000000 0.000000 2 1.700000 10.000000 0.000000 10.1435 -76.5592 23.4408 0.0004 0.00 11000000.00 6115297.15 0.0000 3.3396 0.1611
0.700000 1 0.000000 0.000000 0.000000 2 1.750000 10.000000 0.000000 10.1520 -76.5795 23.4205 0.0004 0.00 11000000.00 6115241.56 0.0000 3.3396 0.1611
0.720000 1 0.000000 0.000000 0.000000 2 1.800000 10.000000 0.000000 10.1607 -76.6005 23.3995 0.0004 0.00 11000000.00 6115183.26 0.0000 3.3396 0.1612
0.740000 1 0.000000 0.000000 0.000000 2 1.850000 10.000000 0.000000 10.1697 -76.6219 23.3781 0.0004 0.00 11000000.00 6115122.14 0.0000 3.3396 0.1612
0.760000 1 0.000000 0.000000 0.000000 2 1.900000 10.000000 0.000000 10.1789 -76.6440 23.3560 0.0004 0.00 11000000.00 6115058.08 0.0000 3.3396 0.1612
0.780000 1 0.000000 0.000000 0.000000 2 1.950000 10.000000 0.000000 10.1884 -76.6665 23.3335 0.0004 0.00 11000000.00 6114990.95 0.0000 3.3397 0.1613
0.800000 1 0.000000 0.000000 0.000000 2 2.000000 10.000000 0.000000 10.1980 -76.6897 23.3103 0.0004 0.00 11000000.00 6114920.62 0.0000 3.3397 0.1613
0.820000 1 0.000000 0.000000 0.000000 2 2.050000 10.000000 0.000000 10.2080 -76.7133 23.2867 0.0004 0.00 11000000.00 6114846.94 0.0000 3.3397 0.1613
0.840000 1 0.000000 0.000000 0.000000 2 2.100000 10.000000 0.000000 10.2181 -76.7375 23.2625 0.0004 0.00 11000000.00 6114769.76 0.0000 3.3397 0.1613
0.860000 1 0.000000 0.000000 0.000000 2 2.150000 10.000000 0.000000 10.2285 -76.7622 23.2378 0.0004 0.00 11000000.00 6114688.94 0.0000 3.3397 0.1614
0.880000 1 0.000000 0.000000 0.000000 2 2.200000 10.000000 0.000000 10.2391 -76.7875 23.2125 0.0004 0.00 11000000.00 6114604.29 0.0000 3.3397 0.1614
0.900000 1 0.000000 0.000000 0.000000 2 2.250000 10.000000 0.000000 10.2500 -76.8133 23.1867 0.0005 0.00 11000000.00 6114515.64 0.0000 3.3398 0.1615
0.920000 1 0.000000 0.000000 0.000000 2 2.300000 10.000000 0.000000 10.2611 -76.8396 23.1604 0.0005 0.00 11000000.00 6114422.81 0.0000 3.3398 0.1615
0.940000 1 0.000000 0.000000 0.000000 2 2.350000 10.000000 0.000000 10.2724 -76.8664 23.1336 0.0005 0.00 11000000.00 6114325.60 0.0000 3.3398 0.1615
0.960000 1 0.000000 0.000000 0.000000 2 2.400000 10.000000 0.000000 10.2840 -76.8937 23.1063 0.0005 0.00 11000000.00 6114223.79 0.0000 3.3398 0.1616
0.980000 1 0.000000 0.000000 0.000000 2 2.450000 10.000000 0.000000 10.2958 -76.9216 23.0784 0.0005 0.00 11000000.00 6114117.18 0.0000 3.3399 0.1616
1.000000 1 0.000000 0.000000 0.000000 2 2.500000 10.000000 0.000000 10.3078 -76.9499 23.0501 0.0005 0.00 11000000.00 6114005.52 0.0000 3.3399 0.1617
1.020000 1 0.000000 0.000000 0.000000 2 2.550000 10.000000 0.000000 10.3200 -76.9788 23.0212 0.0005 0.00 11000000.00 6113888.58 0.0000 3.3399 0.1617
1.040000 1 0.000000 0.000000 0.000000 2 2.600000 10.000000 0.000000 10.3325 -77.0082 22.9918 0.0006 0.00 11000000.00 6113766.09 0.0000 3.3399 0.1618
1.060000 1 0.000000 0.000000 0.000000 2 2.650000 10.000000 0.000000 10.3452 -77.0380 22.9620 0.0006 0.00 11000000.00 6113637.78 0.0000 3.3400 0.1618
1.080000 1 0.000000 0.000000 0.000000 2 2.700000 10.000000 0.000000 10.3581 -77.0684 22.9316 0.0006 0.00 11000000.00 6113503.36 0.0000 3.3400 0.1619
1.100000 1 0.000000 0.000000 0.000000 2 2.750000 10.000000 0.000000 10.3712 -77.0992 22.9008 0.0006 0.00 11000000.00 6113362.53 0.0000 3.3400 0.1619
1.120000 1 0.000000 0.000000 0.000000 2 2.800000 10.000000 0.000000 10.3846 -77.1306 22.8694 0.0006 0.00 11000000.00 6113214.97 0.0000 3.3400 0.1620
1.140000 1 0.000000 0.000000 0.000000 2 2.850000 10.000000 0.000000 10.3982 -77.1624 22.8376 0.0007 0.00 11000000.00 6113060.32 0.0000 3.3401 0.1621
1.160000 1 0.000000 0.000000 0.000000 2 2.900000 10.000000 0.000000 10.4120 -77.1947 22.8053 0.0007 0.00 11000000.00 6112898.24 0.0000 3.3401 0.1621
1.180000 1 0.000000 0.000000 0.000000 2 2.950000 10.000000 0.000000 10.4260 -77.2274 22.7726 0.0007 0.00 11000000.00 6112728.35 0.0000 3.3402 0.1622
1.200000 1 0.000000 0.000000 0.000000 2 3.000000 10.000000 0.000000 10.4403 -77.2607 22.7393 0.0007 0.00 11000000.00 6112550.23 0.0000 3.3402 0.1623
1.220000 1 0.000000 0.000000 0.000000 2 3.050000 10.000000 0.000000 10.4548 -77.2944 22.7056 0.0007 0.00 11000000.00 6112363.47 0.0000 3.3402 0.1623
1.240000 1 0.000000 0.000000 0.000000 2 3.100000 10.000000 0.000000 10.4695 -77.3285 22.6715 0.0008 0.00 11000000.00 6112167.62 0.0000 3.3403 0.1624
1.260000 1 0.000000 0.000000 0.000000 2 3.150000 10.000000 0.000000 10.4844 -77.3631 22.6369 0.0008 0.00 11000000.00 6111962.20 0.0000 3.3403 0.1625
1.280000 1 0.000000 0.000000 0.000000 2 3.200000 10.000000 0.000000 10.4995 -77.3982 22.6018 0.0008 0.00 11000000.00 6111746.70 0.0000 3.3404 0.1626
1.300000 1 0.000000 0.000000 0.000000 2 3.250000 10.000000 0.000000 10.5149 -77.4337 22.5663 0.0009 0.00 11000000.00 6111520.60 0.0000 3.3404 0.1627
1.320000 1 0.000000 0.000000 0.000000 2 3.300000 10.000000 0.000000 10.5304 -77.4697 22.5303 0.0009 0.00 11000000.00 6111283.34 0.0000 3.3405 0.1628
1.340000 1 0.000000 0.000000 0.000000 2 3.350000 10.000000 0.000000 10.5462 -77.5061 22.4939 0.0009 0.00 11000000.00 6111034.32 0.0000 3.3405 0.1629
1.360000 1 0.000000 0.000000 0.000000 2 3.400000 10.000000 0.000000 10.5622 -77.5430 22.4570 0.0010 0.00 11000000.00 6110772.91 0.0000 3.3406 0.1630
1.380000 1 0.000000 0.000000 0.000000 2 3.450000 10.000000 0.000000 10.5784 -77.5802 22.4198 0.0010 0.00 11000000.00 6110498.45 0.0000 3.3406 0.1631
1.400000 1 0.000000 0.000000 0.000000 2 3.500000 10.000000 0.000000 10.5948 -77.6179 22.3821 0.0010 0.00 11000000.00 6110210.23 0.0000 3.3407 0.1632
1.420000 1 0.000000 0.000000 0.000000 2 3.550000 10.000000 0.000000 10.6114 -77.6561 22.3439 0.0011 0.00 11000000.00 6109907.50 0.0000 3.3408 0.1634
1.440000 1 0.000000 0.000000 0.000000 2 3.600000 10.000000 0.000000 10.6283 -77.6946 22.3054 0.0011 0.00 11000000.00 6109589.48 0.0000 3.3408 0.1635
1.460000 1 0.000000 0.000000 0.000000 2 3.650000 10.000000 0.000000 10.6453 -77.7336 22.2664 0.0012 0.00 11000000.00 6109255.33 0.0000 3.3409 0.1636
1.480000 1 0.000000 0.000000 0.000000 2 3.700000 10.000000 0.000000 10.6626 -77.7729 22.2271 0.0012 0.00 11000000.00 6108904.18 0.0000 3.3410 0.1638
1.500000 1 0.000000 0.000000 0.000000 2 3.750000 10.000000 0.000000 10.6800 -77.8127 22.1873 0.0012 0.00 11000000.00 6108535.07 0.0000 3.3411 0.1639
1.520000 1 0.000000 0.000000 0.000000 2 3.800000 10.000000 0.000000 10.6977 -77.8529 22.1471 0.0013 0.00 11000000.00 6108147.02 0.0000 3.3412 0.1641
1.540000 1 0.000000 0.000000 0.000000 2 3.850000 10.000000 0.000000 10.7155 -77.8935 22.1065 0.0014 0.00 11000000.00 6107738.98 0.0000 3.3412 0.1643
1.560000 1 0.000000 0.000000 0.000000 2 3.900000 10.000000 0.000000 10.7336 -77.9344 22.0656 0.0014 0.00 11000000.00 6107309.84 0.0000 3.3413 0.1645
1.580000 1 0.000000 0.000000 0.000000 2 3.950000 10.000000 0.000000 10.7519 -77.9758 22.0242 0.0015 0.00 11000000.00 6106858.42 0.0000 3.3414 0.1646
1.600000 1 0.000000 0.000000 0.000000 2 4.000000 10.000000 0.000000 10.7703 -78.0175 21.9825 0.0015 0.00 11000000.00 6106383.47 0.0000 3.3415 0.1648
1.620000 1 0.000000 0.000000 0.000000 2 4.050000 10.000000 0.000000 10.7890 -78.0597 21.9403 0.0016 0.00 11000000.00 6105883.67 0.0000 3.3417 0.1650
1.640000 1 0.000000 0.000000 0.000000 2 4.100000 10.000000 0.000000 10.8079 -78.1022 21.8978 0.0017 0.00 11000000.00 6105357.61 0.0000 3.3418 0.1653
1.660000 1 0.000000 0.000000 0.000000 2 4.150000 10.000000 0.000000 10.8269 -78.1450 21.8550 0.0017 0.00 11000000.00 6104803.81 0.0000 3.3419 0.1655
1.680000 1 0.000000 0.000000 0.000000 2 4.200000 10.000000 0.000000 10.8462 -78.1883 21.8117 0.0018 0.00 11000000.00 6104220.70 0.0000 3.3420 0.1657
1.700000 1 0.000000 0.000000 0.000000 2 4.250000 10.000000 0.000000 10.8657 -78.2319 21.7681 0.0019 0.00 11000000.00 6103606.60 0.0000 3.3422 0.1660
1.720000 1 0.000000 0.000000 0.000000 2 4.300000 10.000000 0.000000 10.8853 -78.2758 21.7242 0.0020 0.00 11000000.00 6102959.74 0.0000 3.3423 0.1663
1.740000 1 0.000000 0.000000 0.000000 2 4.350000 10.000000 0.000000 10.9052 -78.3201 21.6799 0.0021 0.00 11000000.00 6102278.26 0.0000 3.3424 0.1666
1.760000 1 0.000000 0.000000 0.000000 2 4.400000 10.000000 0.000000 10.9252 -78.3648 21.6352 0.0022 0.00 11000000.00 6101560.15 0.0000 3.3426 0.1669
1.780000 1 0.000000 0.000000 0.000000 2 4.450000 10.000000 0.000000 10.9454 -78.4098 21.5902 0.0023 0.00 11000000.00 6100803.31 0.0000 3.3428 0.1672
1.800000 1 0.000000 0.000000 0.000000 2 4.500000 10.000000 0.000000 10.9659 -78.4551 21.5449 0.0024 0.00 11000000.00 6100005.50 0.0000 3.3429 0.1675
1.820000 1 0.000000 0.000000 0.000000 2 4.550000 10.000000 0.000000 10.9865 -78.5008 21.4992 0.0025 0.00 11000000.00 6099164.33 0.0000 3.3431 0.1679
1.840000 1 0.000000 0.000000 0.000000 2 4.600000 10.000000 0.000000 11.0073 -78.5468 21.4532 0.0026 0.00 11000000.00 6098277.31 0.0000 3.3433 0.1682
1.860000 1 0.000000 0.000000 0.000000 2 4.650000 10.000000 0.000000 11.0283 -78.5931 21.4069 0.0027 0.00 11000000.00 6097341.74 0.0000 3.3435 0.1686
1.880000 1 0.000000 0.000000 0.000000 2 4.700000 10.000000 0.000000 11.0494 -78.6398 21.3602 0.0029 0.00 11000000.00 6096354.80 0.0000 3.3438 0.1690
1.900000 1 0.000000 0.000000 0.000000 2 4.750000 10.000000 0.000000 11.0708 -78.6867 21.3133 0.0030 0.00 11000000.00 6095313.46 0.0000 3.3440 0.1695
1.920000 1 0.000000 0.000000 0.000000 2 4.800000 10.000000 0.000000 11.0923 -78.7340 21.2660 0.0031 0.00 11000000.00 6094214.55 0.0000 3.3442 0.1699
1.940000 1 0.000000 0.000000 0.000000 2 4.850000 10.000000 0.000000 11.1141 -78.7816 21.2184 0.0033 0.00 11000000.00 6093054.67 0.0000 3.3445 0.1704
1.960000 1 0.000000 0.000000 0.000000 2 4.900000 10.000000 0.000000 11.1360 -78.8295 21.1705 0.0035 0.00 11000000.00 6091830.21 0.0000 3.3448 0.1709
1.980000 1 0.000000 0.000000 0.000000 2 4.950000 10.000000 0.000000 11.1581 -78.8777 21.1223 0.0036 0.00 11000000.00 6090537.36 0.0000 3.3450 0.1715
2.000000 1 0.000000 0.000000 0.000000 2 5.000000 10.000000 0.000000 11.1803 -78.9262 21.0738 0.0038 0.00 11000000.00 6089172.06 0.0000 3.3453 0.1720
2.020000 1 0.000000 0.000000 0.000000 2 5.050000 10.000000 0.000000 11.2028 -78.9750 21.0250 0.0040 0.00 11000000.00 6087730.00 0.0000 3.3457 0.1726
2.040000 1 0.000000 0.000000 0.000000 2 5.100000 10.000000 0.000000 11.2254 -79.0241 20.9759 0.0042 0.00 11000000.00 6086206.61 0.0000 3.3460 0.1733
2.060000 1 0.000000 0.000000 0.000000 2 5.150000 10.000000 0.000000 11.2482 -79.0734 20.9266 0.0044 0.00 11000000.00 6084597.03 0.0000 3.3464 0.1739
2.080000 1 0.000000 0.000000 0.000000 2 5.200000 10.000000 0.000000 11.2712 -79.1231 20.8769 0.0046 0.00 11000000.00 6082896.10 0.0000 3.3467 0.1746
2.100000 1 0.000000 0.000000 0.000000 2 5.250000 10.000000 0.000000 11.2944 -79.1730 20.8270 0.0049 0.00 11000000.00 6081098.35 0.0000 3.3471 0.1754
2.120000 1 0.000000 0.000000 0.000000 2 5.300000 10.000000 0.000000 11.3177 -79.2231 20.7769 0.0051 0.01 11000000.00 6079197.93 0.0000 3.3475 0.1762
2.140000 1 0.000000 0.000000 0.000000 2 5.350000 10.000000 0.000000 11.3412 -79.2736 20.7264 0.0054 0.01 11000000.00 6077188.69 0.0000 3.3480 0.1770
2.160000 1 0.000000 0.000000 0.000000 2 5.400000 10.000000 0.000000 11.3649 -79.3243 20.6757 0.0057 0.01 11000000.00 6075064.03 0.0000 3.3485 0.1779
2.180000 1 0.000000 0.000000 0.000000 2 5.450000 10.000000 0.000000 11.3887 -79.3753 20.6247 0.0060 0.01 11000000.00 6072816.99 0.0000 3.3490 0.1789
2.200000 1 0.000000 0.000000 0.000000 2 5.500000 10.000000 0.000000 11.4127 -79.4265 20.5735 0.0063 0.01 11000000.00 6070440.14 0.0000 3.3495 0.1798
2.220000 1 0.000000 0.000000 0.000000 2 5.550000 10.000000 0.000000 11.4369 -79.4780 20.5220 0.0066 0.01 11000000.00 6067925.59 0.0000 3.3500 0.1809
2.240000 1 0.000000 0.000000 0.000000 2 5.600000 10.000000 0.000000 11.4612 -79.5297 20.4703 0.0069 0.01 11000000.00 6065264.98 0.0000 3.3506 0.1820
2.260000 1 0.000000 0.000000 0.000000 2 5.650000 10.000000 0.000000 11.4858 -79.5816 20.4184 0.0073 0.01 11000000.00 6062449.38 0.0000 3.3513 0.1832
2.280000 1 0.000000 0.000000 0.000000 2 5.700000 10.000000 0.000000 11.5104 -79.6338 20.3662 0.0077 0.01 11000000.00 6059469.34 0.0000 3.3519 0.1844
2.300000 1 0.000000 0.000000 0.000000 2 5.750000 10.000000 0.000000 11.5353 -79.6863 20.3137 0.0081 0.01 11000000.00 6056314.79 0.0000 3.3526 0.1858
2.320000 1 0.000000 0.000000 0.000000 2 5.800000 10.000000 0.000000 11.5603 -79.7389 20.2611 0.0086 0.01 11000000.00 6052975.03 0.0000 3.3534 0.1872
2.340000 1 0.000000 0.000000 0.000000 2 5.850000 10.000000 0.000000 11.5854 -79.7918 20.2082 0.0090 0.01 11000000.00 6049438.68 0.0000 3.3542 0.1886
2.360000 1 0.000000 0.000000 0.000000 2 5.900000 10.000000 0.000000 11.6108 -79.8449 20.1551 0.0095 0.01 11000000.00 6045693.64 0.0000 3.3550 0.1902
2.380000 1 0.000000 0.000000 0.000000 2 5.950000 10.000000 0.000000 11.6363 -79.8983 20.1017 0.0100 0.01 11000000.00 6041727.06 0.0000 3.3559 0.1919
2.400000 1 0.000000 0.000000 0.000000 2 6.000000 10.000000 0.000000 11.6619 -79.9518 20.0482 0.0106 0.01 11000000.00 6037525.24 0.0000 3.3568 0.1936
2.420000 1 0.000000 0.000000 0.000000 2 6.050000 10.000000 0.000000 11.6877 -80.0056 19.9944 0.0112 0.01 11000000.00 6033073.65 0.0000 3.3578 0.1955
2.440000 1 0.000000 0.000000 0.000000 2 6.100000 10.000000 0.000000 11.7137 -80.0595 19.9405 0.0118 0.01 11000000.00 6028356.79 0.0000 3.3589 0.1975
2.460000 1 0.000000 0.000000 0.000000 2 6.150000 10.000000 0.000000 11.7398 -80.1137 19.8863 0.0125 0.01 11000000.00 6023358.21 0.0000 3.3600 0.1996
2.480000 1 0.000000 0.000000 0.000000 2 6.200000 10.000000 0.000000 11.7661 -80.1680 19.8320 0.0132 0.01 11000000.00 6018060.38 0.0000 3.3612 0.2018
2.500000 1 0.000000 0.000000 0.000000 2 6.250000 10.000000 0.000000 11.7925 -80.2226 19.7774 0.0139 0.01 11000000.00 6012444.68 0.0000 3.3625 0.2041
2.520000 1 0.000000 0.000000 0.000000 2 6.300000 10.000000 0.000000 11.8191 -80.2774 19.7226 0.0147 0.01 11000000.00 6006491.27 0.0000 3.3639 0.2066
2.540000 1 0.000000 0.000000 0.000000 2 6.350000 10.000000 0.000000 11.8458 -80.3323 19.6677 0.0155 0.02 11000000.00 6000179.04 0.0000 3.3653 0.2093
2.560000 1 0.000000 0.000000 0.000000 2 6.400000 10.000000 0.000000 11.8727 -80.3874 19.6126 0.0164 0.02 11000000.00 5993485.53 0.0000 3.3668 0.2121
2.580000 1 0.000000 0.000000 0.000000 2 6.450000 10.000000 0.000000 11.8997 -80.4427 19.5573 0.0173 0.02 11000000.00 5986386.84 0.0000 3.3684 0.2151
2.600000 1 0.000000 0.000000 0.000000 2 6.500000 10.000000 0.000000 11.9269 -80.4982 19.5018 0.0183 0.02 11000000.00 5978857.52 0.0000 3.3702 0.2183
2.620000 1 0.000000 0.000000 0.000000 2 6.550000 10.000000 0.000000 11.9542 -80.5538 19.4462 0.0194 0.02 11000000.00 5970870.47 0.0000 3.3720 0.2216
2.640000 1 0.000000 0.000000 0.000000 2 6.600000 10.000000 0.000000 11.9817 -80.6097 19.3903 0.0205 0.02 11000000.00 5962396.85 0.0000 3.3739 0.2252
2.660000 1 0.000000 0.000000 0.000000 2 6.650000 10.000000 0.000000 12.0093 -80.6656 19.3344 0.0216 0.02 11000000.00 5953405.94 0.0000 3.3760 0.2290
2.680000 1 0.000000 0.000000 0.000000 2 6.700000 10.000000 0.000000 12.0370 -80.7218 19.2782 0.0229 0.02 11000000.00 5943865.01 0.0000 3.3782 0.2330
2.700000 1 0.000000 0.000000 0.000000 2 6.750000 10.000000 0.000000 12.0649 -80.7781 19.2219 0.0242 0.02 11000000.00 5933739.22 0.0000 3.3806 0.2373
2.720000 1 0.000000 0.000000 0.000000 2 6.800000 10.000000 0.000000 12.0930 -80.8346 19.1654 0.0256 0.03 11000000.00 5922991.44 0.0000 3.3831 0.2418
2.740000 1 0.000000 0.000000 0.000000 2 6.850000 10.000000 0.000000 12.1212 -80.8912 19.1088 0.0271 0.03 11000000.00 5911582.11 0.0000 3.3858 0.2466
2.760000 1 0.000000 0.000000 0.000000 2 6.900000 10.000000 0.000000 12.1495 -80.9480 19.0520 0.0287 0.03 11000000.00 5899469.08 0.0000 3.3886 0.2518
2.780000 1 0.000000 0.000000 0.000000 2 6.950000 10.000000 0.000000 12.1780 -81.0049 18.9951 0.0304 0.03 11000000.00 5886607.41 0.0000 3.3916 0.2572
2.800000 1 0.000000 0.000000 0.000000 2 7.000000 10.000000 0.000000 12.2066 -81.0619 18.9381 0.0322 0.03 11000000.00 5872949.20 0.0000 3.3949 0.2630
2.820000 1 0.000000 0.000000 0.000000 2 7.050000 10.000000 0.000000 12.2353 -81.1191 18.8809 0.0341 0.04 11000000.00 5858443.37 0.0000 3.3983 0.2692
2.840000 1 0.000000 0.000000 0.000000 2 7.100000 10.000000 0.000000 12.2642 -81.1765 18.8235 0.0361 0.04 11000000.00 5843035.44 0.0000 3.4020 0.2757
2.860000 1 0.000000 0.000000 0.000000 2 7.150000 10.000000 0.000000 12.2932 -81.2339 18.7661 0.0382 0.04 11000000.00 5826667.29 0.0000 3.4059 0.2827
2.880000 1 0.000000 0.000000 0.000000 2 7.200000 10.000000 0.000000 12.3223 -81.2915 18.7085 0.0405 0.04 11000000.00 5809276.90 0.0000 3.4102 0.2901
2.900000 1 0.000000 0.000000 0.000000 2 7.250000 10.000000 0.000000 12.3516 -81.3493 18.6507 0.0429 0.04 11000000.00 5790798.07 0.0000 3.4147 0.2980
2.920000 1 0.000000 0.000000 0.000000 2 7.300000 10.000000 0.000000 12.3810 -81.4071 18.5929 0.0454 0.05 11000000.00 5771160.12 0.0000 3.4195 0.3064
2.940000 1 0.000000 0.000000 0.000000 2 7.350000 10.000000 0.000000 12.4106 -81.4651 18.5349 0.0481 0.05 11000000.00 5750287.54 0.0000 3.4246 0.3153
2.960000 1 0.000000 0.000000 0.000000 2 7.400000 10.000000 0.000000 12.4403 -81.5232 18.4768 0.0510 0.05 11000000.00 5728099.66 0.0000 3.4301 0.3248
2.980000 1 0.000000 0.000000 0.000000 2 7.450000 10.000000 0.000000 12.4701 -81.5814 18.4186 0.0541 0.06 11000000.00 5704510.24 0.0000 3.4361 0.3350
3.000000 1 0.000000 0.000000 0.000000 2 7.500000 10.000000 0.000000 12.5000 -81.6397 18.3603 0.0573 0.06 11000000.00 5679427.03 0.0000 3.4424 0.3458
3.020000 1 0.000000 0.000000 0.000000 2 7.550000 10.000000 0.000000 12.5301 -81.6981 18.3019 0.0608 0.06 11000000.00 5652751.34 0.0000 3.4492 0.3573
3.040000 1 0.000000 0.000000 0.000000 2 7.600000 10.000000 0.000000 12.5603 -81.7566 18.2434 0.0644 0.07 11000000.00 5624377.51 0.0000 3.4565 0.3696
3.060000 1 0.000000 0.000000 0.000000 2 7.650000 10.000000 0.000000 12.5906 -81.8153 18.1847 0.0683 0.07 11000000.00 5594192.36 0.0000 3.4644 0.3827
3.080000 1 0.000000 0.000000 0.000000 2 7.700000 10.000000 0.000000 12.6210 -81.8740 18.1260 0.0725 0.08 11000000.00 5562074.53 0.0000 3.4728 0.3967
3.100000 1 0.000000 0.000000 0.000000 2 7.750000 10.000000 0.000000 12.6516 -81.9328 18.0672 0.0768 0.08 11000000.00 5527893.87 0.0000 3.4819 0.4116
3.120000 1 0.000000 0.000000 0.000000 2 7.800000 10.000000 0.000000 12.6823 -81.9918 18.0082 0.0815 0.09 11000000.00 5491510.66 0.0000 3.4918 0.4276
3.140000 1 0.000000 0.000000 0.000000 2 7.850000 10.000000 0.000000 12.7131 -82.0508 17.9492 0.0865 0.09 11000000.00 5452774.77 0.0000 3.5024 0.4446
3.160000 1 0.000000 0.000000 0.000000 2 7.900000 10.000000 0.000000 12.7440 -82.1099 17.8901 0.0917 0.10 11000000.00 5411524.77 0.0000 3.5138 0.4629
3.180000 1 0.000000 0.000000 0.000000 2 7.950000 10.000000 0.000000 12.7751 -82.1691 17.8309 0.0973 0.11 11000000.00 5367586.92 0.0000 3.5262 0.4824
3.200000 1 0.000000 0.000000 0.000000 2 8.000000 10.000000 0.000000 12.8062 -82.2283 17.7717 0.1033 0.12 11000000.00 5320774.07 0.0000 3.5396 0.5033
3.220000 1 0.000000 0.000000 0.000000 2 8.050000 10.000000 0.000000 12.8375 -82.2877 17.7123 0.1096 0.12 11000000.00 5270884.44 0.0000 3.5542 0.5257
3.240000 1 0.000000 0.000000 0.000000 2 8.100000 10.000000 0.000000 12.8690 -82.3471 17.6529 0.1163 0.13 11000000.00 5217700.29 0.0000 3.5700 0.5497
3.260000 1 0.000000 0.000000 0.000000 2 8.150000 10.000000 0.000000 12.9005 -82.4067 17.5933 0.1234 0.14 11000000.00 5160986.52 0.0000 3.5873 0.5755
3.280000 1 0.000000 0.000000 0.000000 2 8.200000 10.000000 0.000000 12.9321 -82.4662 17.5338 0.1310 0.15 11000000.00 5100489.14 0.0000 3.6061 0.6033
3.300000 1 0.000000 0.000000 0.000000 2 8.250000 10.000000 0.000000 12.9639 -82.5259 17.4741 0.1391 0.16 11000000.00 5035933.71 0.0000 3.6267 0.6332
3.320000 1 0.000000 0.000000 0.000000 2 8.300000 10.000000 0.000000 12.9958 -82.5856 17.4144 0.1476 0.17 11000000.00 4967023.80 0.0000 3.6493 0.6653
3.340000 1 0.000000 0.000000 0.000000 2 8.350000 10.000000 0.000000 13.0278 -82.6454 17.3546 0.1567 0.19 11000000.00 4893439.50 0.0000 3.6741 0.7001
3.360000 1 0.000000 0.000000 0.000000 2 8.400000 10.000000 0.000000 13.0599 -82.7053 17.2947 0.1664 0.20 11000000.00 4814836.27 0.0000 3.7014 0.7376
3.380000 1 0.000000 0.000000 0.000000 2 8.450000 10.000000 0.000000 13.0921 -82.7652 17.2348 0.1767 0.21 11000000.00 4730844.22 0.0000 3.7316 0.7783
3.400000 1 0.000000 0.000000 0.000000 2 8.500000 10.000000 0.000000 13.1244 -82.8252 17.1748 0.1876 0.23 11000000.00 4641068.22 0.0000 3.7651 0.8224
3.420000 1 0.000000 0.000000 0.000000 2 8.550000 10.000000 0.000000 13.1568 -82.8852 17.1148 0.1992 0.25 11000000.00 4545089.37 0.0000 3.8024 0.8703
3.440000 1 0.000000 0.000000 0.000000 2 8.600000 10.000000 0.000000 13.1894 -82.9453 17.0547 0.2115 0.27 11000000.00 4442468.41 0.0000 3.8440 0.9226
3.460000 1 0.000000 0.000000 0.000000 2 8.650000 10.000000 0.000000 13.2220 -83.0054 16.9946 0.2246 0.29 11000000.00 4332752.02 0.0000 3.8907 0.9797
3.480000 1 0.000000 0.000000 0.000000 2 8.700000 10.000000 0.000000 13.2548 -83.0656 16.9344 0.2386 0.31 11000000.00 4215483.17 0.0000 3.9433 1.0422
3.500000 1 0.000000 0.000000 0.000000 2 8.750000 10.000000 0.000000 13.2877 -83.1259 16.8741 0.2534 0.34 11000000.00 4090216.80 0.0001 4.0028 1.1108
3.520000 1 0.000000 0.000000 0.000000 2 8.800000 10.000000 0.000000 13.3207 -83.1862 16.8138 0.2691 0.37 11000000.00 3956542.65 0.0001 4.0705 1.1863
3.540000 1 0.000000 0.000000 0.000000 2 8.850000 10.000000 0.000000 13.3537 -83.2465 16.7535 0.2859 0.40 11000000.00 3814116.68 0.0002 4.1478 1.2697
3.560000 1 0.000000 0.000000 0.000000 2 8.900000 10.000000 0.000000 13.3869 -83.3069 16.6931 0.3036 0.44 11000000.00 3662702.67 0.0002 4.2366 1.3618
3.580000 1 0.000000 0.000000 0.000000 2 8.950000 10.000000 0.000000 13.4202 -83.3673 16.6327 0.3226 0.48 11000000.00 3502224.56 0.0004 4.3391 1.4639
3.600000 1 0.000000 0.000000 0.000000 2 9.000000 10.000000 0.000000 13.4536 -83.4277 16.5723 0.3427 0.52 11000000.00 3332828.72 0.0006 4.4580 1.5772
3.620000 1 0.000000 0.000000 0.000000 2 9.050000 10.000000 0.000000 13.4871 -83.4882 16.5118 0.3640 0.57 11000000.00 3154953.02 0.0008 4.5966 1.7028
3.640000 1 0.000000 0.000000 0.000000 2 9.100000 10.000000 0.000000 13.5207 -83.5487 16.4513 0.3867 0.63 11000000.00 2969396.24 0.0013 4.7588 1.8420
3.660000 1 0.000000 0.000000 0.000000 2 9.150000 10.000000 0.000000 13.5544 -83.6093 16.3907 0.4109 0.69 11000000.00 2777377.45 0.0020 4.9495 1.9959
3.680000 1 0.000000 0.000000 0.000000 2 9.200000 10.000000 0.000000 13.5882 -83.6698 16.3302 0.4365 0.77 11000000.00 2580571.71 0.0030 5.1745 2.2523
3.700000 1 0.000000 0.000000 0.000000 2 9.250000 10.000000 0.000000 13.6221 -83.7304 16.2696 0.4638 0.86 11000000.00 2381106.72 0.0046 5.4404 2.5713
3.720000 1 0.000000 0.000000 0.000000 2 9.300000 10.000000 0.000000 13.6561 -83.7911 16.2089 0.4928 0.96 11000000.00 2181506.87 0.0071 5.7552 2.9314
3.740000 1 0.000000 0.000000 0.000000 2 9.350000 10.000000 0.000000 13.6902 -83.8517 16.1483 0.5236 1.08 11000000.00 1984577.96 0.0108 6.1278 3.3330
3.760000 1 0.000000 0.000000 0.000000 2 9.400000 10.000000 0.000000 13.7244 -83.9124 16.0876 0.5564 1.22 11000000.00 1793237.17 0.0165 6.5683 3.7737
3.780000 1 0.000000 0.000000 0.000000 2 9.450000 10.000000 0.000000 13.7587 -83.9731 16.0269 0.5912 1.38 11000000.00 1610306.37 0.0252 7.0872 4.2473
3.800000 1 0.000000 0.000000 0.000000 2 9.500000 10.000000 0.000000 13.7931 -84.0338 15.9662 0.6282 1.59 11000000.00 1438298.78 0.0386 7.6956 4.8642
3.820000 1 0.000000 0.000000 0.000000 2 9.550000 10.000000 0.000000 13.8276 -84.0945 15.9055 0.6675 1.83 11000000.00 1279233.53 0.0590 8.4038 5.5912
3.840000 1 0.000000 0.000000 0.000000 2 9.600000 10.000000 0.000000 13.8622 -84.1553 15.8447 0.7093 2.13 11000000.00 1134508.78 0.0903 9.2207 6.3432
3.860000 1 0.000000 0.000000 0.000000 2 9.650000 10.000000 0.000000 13.8969 -84.2160 15.7840 0.0051 0.01 5500000.00 3852445.89 0.0000 4.1264 0.1839
3.880000 1 0.000000 0.000000 0.000000 2 9.700000 10.000000 0.000000 13.9316 -84.2768 15.7232 0.0054 0.01 5500000.00 3851024.54 0.0000 4.1272 0.1854
3.900000 1 0.000000 0.000000 0.000000 2 9.750000 10.000000 0.000000 13.9665 -84.3376 15.6624 0.0057 0.01 5500000.00 3849513.78 0.0000 4.1281 0.1870
3.920000 1 0.000000 0.000000 0.000000 2 9.800000 10.000000 0.000000 14.0014 -84.3984 15.6016 0.0061 0.01 5500000.00 3847908.01 0.0000 4.1289 0.1887
3.940000 1 0.000000 0.000000 0.000000 2 9.850000 10.000000 0.000000 14.0365 -84.4592 15.5408 0.0065 0.01 5500000.00 3846201.28 0.0000 4.1299 0.1905
3.960000 1 0.000000 0.000000 0.000000 2 9.900000 10.000000 0.000000 14.0716 -84.5200 15.4800 0.0069 0.01 5500000.00 3844387.27 0.0000 4.1309 0.1925
3.980000 1 0.000000 0.000000 0.000000 2 9.950000 10.000000 0.000000 14.1068 -84.5808 15.4192 0.0073 0.01 5500000.00 3842459.26 0.0000 4.1320 0.1945
4.000000 1 0.000000 0.000000 0.000000 2 10.000000 10.000000 0.000000 14.1421 -84.6416 15.3584 0.0078 0.01 5500000.00 3840410.13 0.0000 4.1331 0.1967
4.020000 1 0.000000 0.000000 0.000000 2 10.050000 10.000000 0.000000 14.1775 -84.7024 15.2976 0.0083 0.01 5500000.00 3838232.30 0.0000 4.1343 0.1990
4.040000 1 0.000000 0.000000 0.000000 2 10.100000 10.000000 0.000000 14.2130 -84.7632 15.2368 0.0088 0.01 5500000.00 3835917.74 0.0000 4.1356 0.2014
4.060000 1 0.000000 0.000000 0.000000 2 10.150000 10.000000 0.000000 14.2486 -84.8240 15.1760 0.0093 0.01 5500000.00 3833457.91 0.0000 4.1370 0.2040
4.080000 1 0.000000 0.000000 0.000000 2 10.200000 10.000000 0.000000 14.2843 -84.8847 15.1153 0.0099 0.01 5500000.00 3830843.74 0.0000 4.1384 0.2068
4.100000 1 0.000000 0.000000 0.000000 2 10.250000 10.000000 0.000000 14.3200 -84.9455 15.0545 0.0105 0.01 5500000.00 3828065.60 0.0000 4.1400 0.2097
4.120000 1 0.000000 0.000000 0.000000 2 10.300000 10.000000 0.000000 14.3558 -85.0063 14.9937 0.0112 0.01 5500000.00 3825113.27 0.0000 4.1416 0.2129
4.140000 1 0.000000 0.000000 0.000000 2 10.350000 10.000000 0.000000 14.3918 -85.0671 14.9329 0.0119 0.01 5500000.00 3821975.89 0.0000 4.1434 0.2162
4.160000 1 0.000000 0.000000 0.000000 2 10.400000 10.000000 0.000000 14.4278 -85.1278 14.8722 0.0126 0.01 5500000.00 3818641.94 0.0000 4.1453 0.2197
4.180000 1 0.000000 0.000000 0.000000 2 10.450000 10.000000 0.000000 14.4638 -85.1886 14.8114 0.0134 0.01 5500000.00 3815099.18 0.0000 4.1473 0.2235
4.200000 1 0.000000 0.000000 0.000000 2 10.500000 10.000000 0.000000 14.5000 -85.2493 14.7507 0.0143 0.01 5500000.00 3811334.60 0.0000 4.1494 0.2275
4.220000 1 0.000000 0.000000 0.000000 2 10.550000 10.000000 0.000000 14.5362 -85.3101 14.6899 0.0152 0.02 5500000.00 3807334.42 0.0000 4.1516 0.2317
4.240000 1 0.000000 0.000000 0.000000 2 10.600000 10.000000 0.000000 14.5726 -85.3708 14.6292 0.0161 0.02 5500000.00 3803083.97 0.0000 4.1540 0.2362
4.260000 1 0.000000 0.000000 0.000000 2 10.650000 10.000000 0.000000 14.6090 -85.4314 14.5686 0.0171 0.02 5500000.00 3798567.71 0.0000 4.1566 0.2410
4.280000 1 0.000000 0.000000 0.000000 2 10.700000 10.000000 0.000000 14.6455 -85.4921 14.5079 0.0182 0.02 5500000.00 3793769.10 0.0000 4.1593 0.2461
4.300000 1 0.000000 0.000000 0.000000 2 10.750000 10.000000 0.000000 14.6820 -85.5528 14.4472 0.0193 0.02 5500000.00 3788670.62 0.0000 4.1622 0.2515
4.320000 1 0.000000 0.000000 0.000000 2 10.800000 10.000000 0.000000 14.7187 -85.6134 14.3866 0.0205 0.02 5500000.00 3783253.63 0.0000 4.1653 0.2573
4.340000 1 0.000000 0.000000 0.000000 2 10.850000 10.000000 0.000000 14.7554 -85.6740 14.3260 0.0218 0.02 5500000.00 3777498.35 0.0000 4.1686 0.2634
4.360000 1 0.000000 0.000000 0.000000 2 10.900000 10.000000 0.000000 14.7922 -85.7346 14.2654 0.0232 0.02 5500000.00 3771383.79 0.0000 4.1721 0.2699
4.380000 1 0.000000 0.000000 0.000000 2 10.950000 10.000000 0.000000 14.8291 -85.7952 14.2048 0.0246 0.03 5500000.00 3764887.63 0.0000 4.1759 0.2768
4.400000 1 0.000000 0.000000 0.000000 2 11.000000 10.000000 0.000000 14.8661 -85.8557 14.1443 0.0262 0.03 5500000.00 3757986.19 0.0000 4.1799 0.2841
4.420000 1 0.000000 0.000000 0.000000 2 11.050000 10.000000 0.000000 14.9031 -85.9162 14.0838 0.0278 0.03 5500000.00 3750654.31 0.0000 4.1842 0.2920
4.440000 1 0.000000 0.000000 0.000000 2 11.100000 10.000000 0.000000 14.9402 -85.9767 14.0233 0.0295 0.03 5500000.00 3742865.28 0.0000 4.1887 0.3003
4.460000 1 0.000000 0.000000 0.000000 2 11.150000 10.000000 0.000000 14.9774 -86.0372 13.9628 0.0314 0.03 5500000.00 3734590.69 0.0000 4.1935 0.3091
4.480000 1 0.000000 0.000000 0.000000 2 11.200000 10.000000 0.000000 15.0147 -86.0976 13.9024 0.0333 0.03 5500000.00 3725800.40 0.0000 4.1987 0.3185
4.500000 1 0.000000 0.000000 0.000000 2 11.250000 10.000000 0.000000 15.0520 -86.1580 13.8420 0.0354 0.04 5500000.00 3716462.37 0.0000 4.2042 0.3284
4.520000 1 0.000000 0.000000 0.000000 2 11.300000 10.000000 0.000000 15.0894 -86.2184 13.7816 0.0376 0.04 5500000.00 3706542.54 0.0000 4.2101 0.3390
4.540000 1 0.000000 0.000000 0.000000 2 11.350000 10.000000 0.000000 15.1269 -86.2787 13.7213 0.0400 0.04 5500000.00 3696004.72 0.0000 4.2164 0.3503
4.560000 1 0.000000 0.000000 0.000000 2 11.400000 10.000000 0.000000 15.1644 -86.3390 13.6610 0.0424 0.04 5500000.00 3684810.46 0.0000 4.2232 0.3623
4.580000 1 0.000000 0.000000 0.000000 2 11.450000 10.000000 0.000000 15.2021 -86.3993 13.6007 0.0451 0.05 5500000.00 3672918.84 0.0000 4.2304 0.3751
4.600000 1 0.000000 0.000000 0.000000 2 11.500000 10.000000 0.000000 15.2398 -86.4595 13.5405 0.0479 0.05 5500000.00 3660286.37 0.0000 4.2381 0.3886
4.620000 1 0.000000 0.000000 0.000000 2 11.550000 10.000000 0.000000 15.2775 -86.5197 13.4803 0.0508 0.05 5500000.00 3646866.78 0.0000 4.2463 0.4030
4.640000 1 0.000000 0.000000 0.000000 2 11.600000 10.000000 0.000000 15.3154 -86.5798 13.4202 0.0540 0.06 5500000.00 3632610.82 0.0000 4.2551 0.4184
4.660000 1 0.000000 0.000000 0.000000 2 11.650000 10.000000 0.000000 15.3533 -86.6400 13.3600 0.0573 0.06 5500000.00 3617466.10 0.0000 4.2646 0.4347
4.680000 1 0.000000 0.000000 0.000000 2 11.700000 10.000000 0.000000 15.3912 -86.7000 13.3000 0.0609 0.06 5500000.00 3601376.78 0.0000 4.2747 0.4521
4.700000 1 0.000000 0.000000 0.000000 2 11.750000 10.000000 0.000000 15.4293 -86.7601 13.2399 0.0647 0.07 5500000.00 3584283.43 0.0000 4.2855 0.4705
4.720000 1 0.000000 0.000000 0.000000 2 11.800000 10.000000 0.000000 15.4674 -86.8201 13.1799 0.0687 0.07 5500000.00 3566122.65 0.0000 4.2972 0.4902
4.740000 1 0.000000 0.000000 0.000000 2 11.850000 10.000000 0.000000 15.5056 -86.8800 13.1200 0.0729 0.08 5500000.00 3546826.87 0.0000 4.3097 0.5111
4.760000 1 0.000000 0.000000 0.000000 2 11.900000 10.000000 0.000000 15.5438 -86.9399 13.0601 0.0774 0.08 5500000.00 3526323.98 0.0000 4.3231 0.5334
4.780000 1 0.000000 0.000000 0.000000 2 11.950000 10.000000 0.000000 15.5821 -86.9998 13.0002 0.0822 0.09 5500000.00 3504536.97 0.0000 4.3375 0.5572
4.800000 1 0.000000 0.000000 0.000000 2 12.000000 10.000000 0.000000 15.6205 -87.0596 12.9404 0.0872 0.10 5500000.00 3481383.57 0.0000 4.3531 0.5825
4.820000 1 0.000000 0.000000 0.000000 2 12.050000 10.000000 0.000000 15.6589 -87.1194 12.8806 0.0926 0.10 5500000.00 3456775.81 0.0000 4.3698 0.6095
4.840000 1 0.000000 0.000000 0.000000 2 12.100000 10.000000 0.000000 15.6975 -87.1792 12.8208 0.0983 0.11 5500000.00 3430619.54 0.0000 4.3879 0.6382
4.860000 1 0.000000 0.000000 0.000000 2 12.150000 10.000000 0.000000 15.7360 -87.2388 12.7612 0.1044 0.12 5500000.00 3402813.93 0.0000 4.4074 0.6689
4.880000 1 0.000000 0.000000 0.000000 2 12.200000 10.000000 0.000000 15.7747 -87.2985 12.7015 0.1108 0.12 5500000.00 3373250.89 0.0000 4.4285 0.7016
4.900000 1 0.000000 0.000000 0.000000 2 12.250000 10.000000 0.000000 15.8134 -87.3581 12.6419 0.1176 0.13 5500000.00 3341814.46 0.0000 4.4514 0.7366
4.920000 1 0.000000 0.000000 0.000000 2 12.300000 10.000000 0.000000 15.8521 -87.4176 12.5824 0.1248 0.14 5500000.00 3308380.14 0.0000 4.4761 0.7739
4.940000 1 0.000000 0.000000 0.000000 2 12.350000 10.000000 0.000000 15.8910 -87.4771 12.5229 0.1324 0.15 5500000.00 3272814.17 0.0000 4.5030 0.8138
4.960000 1 0.000000 0.000000 0.000000 2 12.400000 10.000000 0.000000 15.9298 -87.5366 12.4634 0.1406 0.16 5500000.00 3234972.80 0.0000 4.5323 0.8566
4.980000 1 0.000000 0.000000 0.000000 2 12.450000 10.000000 0.000000 15.9688 -87.5960 12.4040 0.1492 0.18 5500000.00 3194701.54 0.0000 4.5642 0.9023
5.000000 1 0.000000 0.000000 0.000000 2 12.500000 10.000000 0.000000 16.0078 -87.6553 12.3447 0.1583 0.19 5500000.00 3151834.39 0.0000 4.5991 0.9514
5.020000 1 0.000000 0.000000 0.000000 2 12.550000 10.000000 0.000000 16.0469 -87.7146 12.2854 0.1679 0.20 5500000.00 3106193.24 0.0000 4.6373 1.0040
5.040000 1 0.000000 0.000000 0.000000 2 12.600000 10.000000 0.000000 16.0860 -87.7738 12.2262 0.1782 0.22 5500000.00 3057587.33 0.0000 4.6792 1.0605
5.060000 1 0.000000 0.000000 0.000000 2 12.650000 10.000000 0.000000 16.1252 -87.8330 12.1670 0.1891 0.23 5500000.00 3005813.15 0.0000 4.7254 1.1214
5.080000 1 0.000000 0.000000 0.000000 2 12.700000 10.000000 0.000000 16.1645 -87.8922 12.1078 0.2006 0.25 5500000.00 2950654.66 0.0000 4.7763 1.1869
5.100000 1 0.000000 0.000000 0.000000 2 12.750000 10.000000 0.000000 16.2038 -87.9512 12.0488 0.2128 0.27 5500000.00 2891884.38 0.0000 4.8328 1.2576
5.120000 1 0.000000 0.000000 0.000000 2 12.800000 10.000000 0.000000 16.2432 -88.0103 11.9897 0.2257 0.29 5500000.00 2829265.49 0.0000 4.8955 1.3341
5.140000 1 0.000000 0.000000 0.000000 2 12.850000 10.000000 0.000000 16.2826 -88.0692 11.9308 0.2394 0.31 5500000.00 2762555.46 0.0000 4.9654 1.4168
5.160000 1 0.000000 0.000000 0.000000 2 12.900000 10.000000 0.000000 16.3221 -88.1281 11.8719 0.2540 0.34 5500000.00 2691511.82 0.0001 5.0436 1.5066
5.180000 1 0.000000 0.000000 0.000000 2 12.950000 10.000000 0.000000 16.3616 -88.1870 11.8130 0.2693 0.37 5500000.00 2615900.65 0.0001 5.1316 1.6041
5.200000 1 0.000000 0.000000 0.000000 2 13.000000 10.000000 0.000000 16.4012 -88.2458 11.7542 0.2857 0.40 5500000.00 2535508.59 0.0002 5.2309 1.7103
5.220000 1 0.000000 0.000000 0.000000 2 13.050000 10.000000 0.000000 16.4409 -88.3045 11.6955 0.3029 0.43 5500000.00 2450159.11 0.0002 5.3435 1.8260
5.240000 1 0.000000 0.000000 0.000000 2 13.100000 10.000000 0.000000 16.4806 -88.3632 11.6368 0.3212 0.47 5500000.00 2359733.65 0.0004 5.4716 1.9522
5.260000 1 0.000000 0.000000 0.000000 2 13.150000 10.000000 0.000000 16.5204 -88.4218 11.5782 0.3406 0.52 5500000.00 2264197.84 0.0005 5.6181 2.0900
5.280000 1 0.000000 0.000000 0.000000 2 13.200000 10.000000 0.000000 16.5602 -88.4804 11.5196 0.3612 0.56 5500000.00 2163632.30 0.0008 5.7862 2.2405
5.300000 1 0.000000 0.000000 0.000000 2 13.250000 10.000000 0.000000 16.6001 -88.5389 11.4611 0.3829 0.62 5500000.00 2058266.65 0.0012 5.9800 2.4045
5.320000 1 0.000000 0.000000 0.000000 2 13.300000 10.000000 0.000000 16.6400 -88.5973 11.4027 0.4060 0.68 5500000.00 1948513.52 0.0018 6.2042 2.5830
5.340000 1 0.000000 0.000000 0.000000 2 13.350000 10.000000 0.000000 16.6800 -88.6557 11.3443 0.4304 0.75 5500000.00 1834998.23 0.0027 6.4643 2.7762
5.360000 1 0.000000 0.000000 0.000000 2 13.400000 10.000000 0.000000 16.7200 -88.7140 11.2860 0.4562 0.83 5500000.00 1718577.81 0.0041 6.7667 3.0931
5.380000 1 0.000000 0.000000 0.000000 2 13.450000 10.000000 0.000000 16.7601 -88.7723 11.2277 0.4836 0.92 5500000.00 1600342.66 0.0062 7.1189 3.4928
5.400000 1 0.000000 0.000000 0.000000 2 13.500000 10.000000 0.000000 16.8003 -88.8305 11.1695 0.5126 1.03 5500000.00 1481594.54 0.0093 7.5292 3.9340
5.420000 1 0.000000 0.000000 0.000000 2 13.550000 10.000000 0.000000 16.8405 -88.8886 11.1114 0.5433 1.16 5500000.00 1363797.23 0.0140 8.0068 4.4145
5.440000 1 0.000000 0.000000 0.000000 2 13.600000 10.000000 0.000000 16.8808 -88.9467 11.0533 0.5758 1.31 5500000.00 1248500.54 0.0210 8.5615 4.9285
5.460000 1 0.000000 0.000000 0.000000 2 13.650000 10.000000 0.000000 16.9211 -89.0047 10.9953 0.6101 1.48 5500000.00 1137244.41 0.0315 9.2034 5.4661
5.480000 1 0.000000 0.000000 0.000000 2 13.700000 10.000000 0.000000 16.9614 -89.0626 10.9374 0.6465 1.70 5500000.00 1031454.73 0.0472 9.9422 6.1113
5.500000 1 0.000000 0.000000 0.000000 2 13.750000 10.000000 0.000000 17.0018 -89.1205 10.8795 0.6851 1.95 5500000.00 932346.16 0.0708 10.7864 6.9162
5.520000 1 0.000000 0.000000 0.000000 2 13.800000 10.000000 0.000000 17.0423 -89.1783 10.8217 0.7258 2.26 5500000.00 840846.41 0.1061 11.7426 7.7272
5.540000 1 0.000000 0.000000 0.000000 2 13.850000 10.000000 0.000000 17.0828 -89.2360 10.7640 0.0141 0.01 2000000.00 1671957.90 0.0000 6.8996 0.3030
5.560000 1 0.000000 0.000000 0.000000 2 13.900000 10.000000 0.000000 17.1234 -89.2937 10.7063 0.0149 0.02 2000000.00 1670441.59 0.0000 6.9041 0.3115
5.580000 1 0.000000 0.000000 0.000000 2 13.950000 10.000000 0.000000 17.1640 -89.3513 10.6487 0.0158 0.02 2000000.00 1668836.95 0.0000 6.9088 0.3205
5.600000 1 0.000000 0.000000 0.000000 2 14.000000 10.000000 0.000000 17.2047 -89.4089 10.5911 0.0167 0.02 2000000.00 1667138.97 0.0000 6.9138 0.3300
5.620000 1 0.000000 0.000000 0.000000 2 14.050000 10.000000 0.000000 17.2454 -89.4664 10.5336 0.0177 0.02 2000000.00 1665342.32 0.0000 6.9191 0.3401
5.640000 1 0.000000 0.000000 0.000000 2 14.100000 10.000000 0.000000 17.2861 -89.5238 10.4762 0.0188 0.02 2000000.00 1663441.41 0.0000 6.9247 0.3507
5.660000 1 0.000000 0.000000 0.000000 2 14.150000 10.000000 0.000000 17.3269 -89.5811 10.4189 0.0199 0.02 2000000.00 1661430.31 0.0000 6.9307 0.3620
5.680000 1 0.000000 0.000000 0.000000 2 14.200000 10.000000 0.000000 17.3678 -89.6384 10.3616 0.0211 0.02 2000000.00 1659302.78 0.0000 6.9370 0.3740
5.700000 1 0.000000 0.000000 0.000000 2 14.250000 10.000000 0.000000 17.4087 -89.6956 10.3044 0.0223 0.02 2000000.00 1657052.21 0.0000 6.9437 0.3866
5.720000 1 0.000000 0.000000 0.000000 2 14.300000 10.000000 0.000000 17.4496 -89.7528 10.2472 0.0236 0.02 2000000.00 1654671.66 0.0000 6.9508 0.4000
5.740000 1 0.000000 0.000000 0.000000 2 14.350000 10.000000 0.000000 17.4906 -89.8098 10.1902 0.0250 0.03 2000000.00 1652153.77 0.0000 6.9584 0.4141
5.760000 1 0.000000 0.000000 0.000000 2 14.400000 10.000000 0.000000 17.5317 -89.8668 10.1332 0.0265 0.03 2000000.00 1649490.79 0.0000 6.9664 0.4291
5.780000 1 0.000000 0.000000 0.000000 2 14.450000 10.000000 0.000000 17.5728 -89.9238 10.0762 0.0280 0.03 2000000.00 1646674.53 0.0000 6.9749 0.4449
5.800000 1 0.000000 0.000000 0.000000 2 14.500000 10.000000 0.000000 17.6139 -89.9807 10.0193 0.0297 0.03 2000000.00 1643696.35 0.0000 6.9839 0.4617
5.820000 1 0.000000 0.000000 0.000000 2 14.550000 10.000000 0.000000 17.6551 -90.0374 9.9626 0.0314 0.03 2000000.00 1640547.15 0.0000 6.9935 0.4794
5.840000 1 0.000000 0.000000 0.000000 2 14.600000 10.000000 0.000000 17.6963 -90.0942 9.9058 0.0332 0.03 2000000.00 1637217.29 0.0000 7.0036 0.4981
5.860000 1 0.000000 0.000000 0.000000 2 14.650000 10.000000 0.000000 17.7376 -90.1508 9.8492 0.0352 0.04 2000000.00 1633696.62 0.0000 7.0144 0.5179
5.880000 1 0.000000 0.000000 0.000000 2 14.700000 10.000000 0.000000 17.7789 -90.2074 9.7926 0.0372 0.04 2000000.00 1629974.42 0.0000 7.0258 0.5389
5.900000 1 0.000000 0.000000 0.000000 2 14.750000 10.000000 0.000000 17.8203 -90.2639 9.7361 0.0394 0.04 2000000.00 1626039.39 0.0000 7.0380 0.5610
5.920000 1 0.000000 0.000000 0.000000 2 14.800000 10.000000 0.000000 17.8617 -90.3204 9.6796 0.0417 0.04 2000000.00 1621879.56 0.0000 7.0509 0.5845
5.940000 1 0.000000 0.000000 0.000000 2 14.850000 10.000000 0.000000 17.9031 -90.3768 9.6232 0.0441 0.05 2000000.00 1617482.35 0.0000 7.0647 0.6092
5.960000 1 0.000000 0.000000 0.000000 2 14.900000 10.000000 0.000000 17.9446 -90.4331 9.5669 0.0466 0.05 2000000.00 1612834.45 0.0000 7.0793 0.6354
5.980000 1 0.000000 0.000000 0.000000 2 14.950000 10.000000 0.000000 17.9862 -90.4893 9.5107 0.0493 0.05 2000000.00 1607921.79 0.0000 7.0948 0.6631
6.000000 1 0.000000 0.000000 0.000000 2 15.000000 10.000000 0.000000 18.0278 -90.5455 9.4545 0.0522 0.06 2000000.00 1602729.56 0.0000 7.1113 0.6924
6.020000 1 0.000000 0.000000 0.000000 2 15.050000 10.000000 0.000000 18.0694 -90.6015 9.3985 0.0552 0.06 2000000.00 1597242.08 0.0000 7.1288 0.7234
6.040000 1 0.000000 0.000000 0.000000 2 15.100000 10.000000 0.000000 18.1110 -90.6576 9.3424 0.0584 0.06 2000000.00 1591442.82 0.0000 7.1475 0.7562
6.060000 1 0.000000 0.000000 0.000000 2 15.150000 10.000000 0.000000 18.1528 -90.7135 9.2865 0.0617 0.07 2000000.00 1585314.30 0.0000 7.1674 0.7908
6.080000 1 0.000000 0.000000 0.000000 2 15.200000 10.000000 0.000000 18.1945 -90.7694 9.2306 0.0653 0.07 2000000.00 1578838.05 0.0000 7.1886 0.8275
6.100000 1 0.000000 0.000000 0.000000 2 15.250000 10.000000 0.000000 18.2363 -90.8252 9.1748 0.0690 0.07 2000000.00 1571994.57 0.0000 7.2112 0.8662
6.120000 1 0.000000 0.000000 0.000000 2 15.300000 10.000000 0.000000 18.2781 -90.8809 9.1191 0.0730 0.08 2000000.00 1564763.24 0.0000 7.2353 0.9072
6.140000 1 0.000000 0.000000 0.000000 2 15.350000 10.000000 0.000000 18.3200 -90.9366 9.0634 0.0771 0.08 2000000.00 1557122.26 0.0000 7.2610 0.9505
6.160000 1 0.000000 0.000000 0.000000 2 15.400000 10.000000 0.000000 18.3619 -90.9921 9.0079 0.0815 0.09 2000000.00 1549048.58 0.0000 7.2884 0.9964
6.180000 1 0.000000 0.000000 0.000000 2 15.450000 10.000000 0.000000 18.4039 -91.0476 8.9524 0.0862 0.09 2000000.00 1540517.79 0.0000 7.3177 1.0448
6.200000 1 0.000000 0.000000 0.000000 2 15.500000 10.000000 0.000000 18.4459 -91.1031 8.8969 0.0911 0.10 2000000.00 1531504.10 0.0000 7.3490 1.0961
6.220000 1 0.000000 0.000000 0.000000 2 15.550000 10.000000 0.000000 18.4879 -91.1584 8.8416 0.0963 0.11 2000000.00 1521980.17 0.0000 7.3825 1.1503
6.240000 1 0.000000 0.000000 0.000000 2 15.600000 10.000000 0.000000 18.5300 -91.2137 8.7863 0.1018 0.11 2000000.00 1511917.06 0.0000 7.4183 1.2077
6.260000 1 0.000000 0.000000 0.000000 2 15.650000 10.000000 0.000000 18.5721 -91.2689 8.7311 0.1075 0.12 2000000.00 1501284.09 0.0000 7.4567 1.2685
6.280000 1 0.000000 0.000000 0.000000 2 15.700000 10.000000 0.000000 18.6142 -91.3241 8.6759 0.1136 0.13 2000000.00 1490048.75 0.0000 7.4978 1.3327
6.300000 1 0.000000 0.000000 0.000000 2 15.750000 10.000000 0.000000 18.6564 -91.3791 8.6209 0.1201 0.14 2000000.00 1478176.55 0.0000 7.5420 1.4008
6.320000 1 0.000000 0.000000 0.000000 2 15.800000 10.000000 0.000000 18.6987 -91.4341 8.5659 0.1269 0.15 2000000.00 1465630.91 0.0000 7.5894 1.4728
6.340000 1 0.000000 0.000000 0.000000 2 15.850000 10.000000 0.000000 18.7409 -91.4890 8.5110 0.1340 0.15 2000000.00 1452372.99 0.0000 7.6404 1.5491
6.360000 1 0.000000 0.000000 0.000000 2 15.900000 10.000000 0.000000 18.7832 -91.5439 8.4561 0.1416 0.16 2000000.00 1438361.57 0.0000 7.6954 1.6299
6.380000 1 0.000000 0.000000 0.000000 2 15.950000 10.000000 0.000000 18.8256 -91.5986 8.4014 0.1496 0.18 2000000.00 1423552.88 0.0000 7.7546 1.7156
6.400000 1 0.000000 0.000000 0.000000 2 16.000000 10.000000 0.000000 18.8680 -91.6533 8.3467 0.1580 0.19 2000000.00 1407900.47 0.0000 7.8186 1.8063
6.420000 1 0.000000 0.000000 0.000000 2 16.050000 10.000000 0.000000 18.9104 -91.7079 8.2921 0.1668 0.20 2000000.00 1391355.07 0.0000 7.8878 1.9026
6.440000 1 0.000000 0.000000 0.000000 2 16.100000 10.000000 0.000000 18.9528 -91.7625 8.2375 0.1762 0.21 2000000.00 1373864.46 0.0000 7.9627 2.0048
6.460000 1 0.000000 0.000000 0.000000 2 16.150000 10.000000 0.000000 18.9953 -91.8169 8.1831 0.1860 0.23 2000000.00 1355373.42 0.0000 8.0441 2.1132
6.480000 1 0.000000 0.000000 0.000000 2 16.200000 10.000000 0.000000 19.0379 -91.8713 8.1287 0.1964 0.24 2000000.00 1335823.70 0.0000 8.1325 2.2284
6.500000 1 0.000000 0.000000 0.000000 2 16.250000 10.000000 0.000000 19.0804 -91.9256 8.0744 0.2074 0.26 2000000.00 1315154.11 0.0000 8.2289 2.3508
6.520000 1 0.000000 0.000000 0.000000 2 16.300000 10.000000 0.000000 19.1230 -91.9799 8.0201 0.2190 0.28 2000000.00 1293300.73 0.0000 8.3342 2.4809
6.540000 1 0.000000 0.000000 0.000000 2 16.350000 10.000000 0.000000 19.1657 -92.0341 7.9659 0.2311 0.30 2000000.00 1270197.32 0.0000 8.4494 2.6194
6.560000 1 0.000000 0.000000 0.000000 2 16.400000 10.000000 0.000000 19.2083 -92.0881 7.9119 0.2440 0.32 2000000.00 1245775.99 0.0001 8.5758 2.7669
6.580000 1 0.000000 0.000000 0.000000 2 16.450000 10.000000 0.000000 19.2510 -92.1422 7.8578 0.2575 0.35 2000000.00 1219968.26 0.0001 8.7149 2.9239
6.600000 1 0.000000 0.000000 0.000000 2 16.500000 10.000000 0.000000 19.2938 -92.1961 7.8039 0.2718 0.37 2000000.00 1192706.54 0.0001 8.8684 3.0914
6.620000 1 0.000000 0.000000 0.000000 2 16.550000 10.000000 0.000000 19.3366 -92.2500 7.7500 0.2868 0.40 2000000.00 1163926.25 0.0002 9.0382 3.2700
6.640000 1 0.000000 0.000000 0.000000 2 16.600000 10.000000 0.000000 19.3794 -92.3037 7.6963 0.3027 0.43 2000000.00 1133568.63 0.0002 9.2267 3.4604
6.660000 1 0.000000 0.000000 0.000000 2 16.650000 10.000000 0.000000 19.4222 -92.3575 7.6425 0.3194 0.47 2000000.00 1101584.49 0.0003 9.4366 3.6636
6.680000 1 0.000000 0.000000 0.000000 2 16.700000 10.000000 0.000000 19.4651 -92.4111 7.5889 0.3370 0.51 2000000.00 1067938.86 0.0005 9.6709 3.8802
6.700000 1 0.000000 0.000000 0.000000 2 16.750000 10.000000 0.000000 19.5080 -92.4646 7.5354 0.3555 0.55 2000000.00 1032616.76 0.0007 9.9332 4.1110
6.720000 1 0.000000 0.000000 0.000000 2 16.800000 10.000000 0.000000 19.5510 -92.5181 7.4819 0.3751 0.60 2000000.00 995629.94 0.0010 10.2280 4.3564
6.740000 1 0.000000 0.000000 0.000000 2 16.850000 10.000000 0.000000 19.5939 -92.5715 7.4285 0.3957 0.65 2000000.00 957024.42 0.0015 10.5599 4.6168
6.760000 1 0.000000 0.000000 0.000000 2 16.900000 10.000000 0.000000 19.6370 -92.6249 7.3751 0.4173 0.71 2000000.00 916888.47 0.0022 10.9346 4.8919
6.780000 1 0.000000 0.000000 0.000000 2 16.950000 10.000000 0.000000 19.6800 -92.6781 7.3219 0.4402 0.78 2000000.00 875360.24 0.0032 11.3584 5.1811
6.800000 1 0.000000 0.000000 0.000000 2 17.000000 10.000000 0.000000 19.7231 -92.7313 7.2687 0.4642 0.86 2000000.00 832634.27 0.0046 11.8387 5.4828
6.820000 1 0.000000 0.000000 0.000000 2 17.050000 10.000000 0.000000 19.7662 -92.7844 7.2156 0.4895 0.95 2000000.00 788965.49 0.0067 12.3832 6.0014
6.840000 1 0.000000 0.000000 0.000000 2 17.100000 10.000000 0.000000 19.8093 -92.8374 7.1626 0.5162 1.05 2000000.00 744669.56 0.0098 13.0009 6.6311
6.860000 1 0.000000 0.000000 0.000000 2 17.150000 10.000000 0.000000 19.8525 -92.8904 7.1096 0.5442 1.16 2000000.00 700118.41 0.0141 13.7009 7.3004
6.880000 1 0.000000 0.000000 0.000000 2 17.200000 10.000000 0.000000 19.8957 -92.9433 7.0567 0.5738 1.30 2000000.00 655729.95 0.0205 14.4929 8.0004
6.900000 1 0.000000 0.000000 0.000000 2 17.250000 10.000000 0.000000 19.9390 -92.9961 7.0039 0.6049 1.46 2000000.00 611952.27 0.0296 15.3867 8.7183
6.920000 1 0.000000 0.000000 0.000000 2 17.300000 10.000000 0.000000 19.9822 -93.0488 6.9512 0.6377 1.64 2000000.00 569242.75 0.0429 16.3910 9.4362
6.940000 1 0.000000 0.000000 0.000000 2 17.350000 10.000000 0.000000 20.0255 -93.1014 6.8986 0.6721 1.86 2000000.00 528044.33 0.0620 17.5138 10.1313
6.960000 1 0.000000 0.000000 0.000000 2 17.400000 10.000000 0.000000 20.0689 -93.1540 6.8460 0.7084 2.12 2000000.00 488761.22 0.0895 18.7607 11.0986
6.980000 1 0.000000 0.000000 0.000000 2 17.450000 10.000000 0.000000 20.1122 -93.2065 6.7935 0.0372 0.04 1000000.00 848588.04 0.0000 11.6537 0.8698
7.000000 1 0.000000 0.000000 0.000000 2 17.500000 10.000000 0.000000 20.1556 -93.2589 6.7411 0.0392 0.04 1000000.00 846756.57 0.0000 11.6746 0.9081
7.020000 1 0.000000 0.000000 0.000000 2 17.550000 10.000000 0.000000 20.1991 -93.3113 6.6887 0.0413 0.04 1000000.00 844829.07 0.0000 11.6966 0.9484
7.040000 1 0.000000 0.000000 0.000000 2 17.600000 10.000000 0.000000 20.2425 -93.3635 6.6365 0.0435 0.05 1000000.00 842800.66 0.0000 11.7200 0.9909
7.060000 1 0.000000 0.000000 0.000000 2 17.650000 10.000000 0.000000 20.2860 -93.4157 6.5843 0.0458 0.05 1000000.00 840666.19 0.0000 11.7447 1.0356
7.080000 1 0.000000 0.000000 0.000000 2 17.700000 10.000000 0.000000 20.3295 -93.4679 6.5321 0.0483 0.05 1000000.00 838420.26 0.0000 11.7708 1.0826
7.100000 1 0.000000 0.000000 0.000000 2 17.750000 10.000000 0.000000 20.3731 -93.5199 6.4801 0.0509 0.05 1000000.00 836057.20 0.0000 11.7984 1.1321
7.120000 1 0.000000 0.000000 0.000000 2 17.800000 10.000000 0.000000 20.4167 -93.5719 6.4281 0.0536 0.06 1000000.00 833571.05 0.0000 11.8276 1.1842
7.140000 1 0.000000 0.000000 0.000000 2 17.850000 10.000000 0.000000 20.4603 -93.6238 6.3762 0.0564 0.06 1000000.00 830955.58 0.0000 11.8585 1.2390
7.160000 1 0.000000 0.000000 0.000000 2 17.900000 10.000000 0.000000 20.5039 -93.6756 6.3244 0.0594 0.06 1000000.00 828204.21 0.0000 11.8913 1.2967
7.180000 1 0.000000 0.000000 0.000000 2 17.950000 10.000000 0.000000 20.5476 -93.7273 6.2727 0.0626 0.07 1000000.00 825310.05 0.0000 11.9260 1.3573
7.200000 1 0.000000 0.000000 0.000000 2 18.000000 10.000000 0.000000 20.5913 -93.7790 6.2210 0.0659 0.07 1000000.00 822265.88 0.0000 11.9627 1.4212
7.220000 1 0.000000 0.000000 0.000000 2 18.050000 10.000000 0.000000 20.6350 -93.8306 6.1694 0.0694 0.07 1000000.00 819064.07 0.0000 12.0017 1.4884
7.240000 1 0.000000 0.000000 0.000000 2 18.100000 10.000000 0.000000 20.6787 -93.8821 6.1179 0.0730 0.08 1000000.00 815696.67 0.0000 12.0429 1.5590
7.260000 1 0.000000 0.000000 0.000000 2 18.150000 10.000000 0.000000 20.7225 -93.9335 6.0665 0.0769 0.08 1000000.00 812155.27 0.0000 12.0867 1.6334
7.280000 1 0.000000 0.000000 0.000000 2 18.200000 10.000000 0.000000 20.7663 -93.9849 6.0151 0.0810 0.09 1000000.00 808431.08 0.0000 12.1332 1.7116
7.300000 1 0.000000 0.000000 0.000000 2 18.250000 10.000000 0.000000 20.8102 -94.0361 5.9639 0.0852 0.09 1000000.00 804514.84 0.0000 12.1825 1.7940
7.320000 1 0.000000 0.000000 0.000000 2 18.300000 10.000000 0.000000 20.8540 -94.0873 5.9127 0.0897 0.10 1000000.00 800396.82 0.0000 12.2349 1.8806
7.340000 1 0.000000 0.000000 0.000000 2 18.350000 10.000000 0.000000 20.8979 -94.1385 5.8615 0.0944 0.10 1000000.00 796066.81 0.0000 12.2906 1.9717
7.360000 1 0.000000 0.000000 0.000000 2 18.400000 10.000000 0.000000 20.9418 -94.1895 5.8105 0.0993 0.11 1000000.00 791514.06 0.0000 12.3498 2.0675
7.380000 1 0.000000 0.000000 0.000000 2 18.450000 10.000000 0.000000 20.9858 -94.2405 5.7595 0.1045 0.12 1000000.00 786727.28 0.0000 12.4128 2.1684
7.400000 1 0.000000 0.000000 0.000000 2 18.500000 10.000000 0.000000 21.0297 -94.2914 5.7086 0.1100 0.12 1000000.00 781694.59 0.0000 12.4798 2.2745
7.420000 1 0.000000 0.000000 0.000000 2 18.550000 10.000000 0.000000 21.0737 -94.3423 5.6577 0.1157 0.13 1000000.00 776403.52 0.0000 12.5512 2.3861
7.440000 1 0.000000 0.000000 0.000000 2 18.600000 10.000000 0.000000 21.1178 -94.3930 5.6070 0.1218 0.14 1000000.00 770840.92 0.0000 12.6274 2.5036
7.460000 1 0.000000 0.000000 0.000000 2 18.650000 10.000000 0.000000 21.1618 -94.4437 5.5563 0.1281 0.15 1000000.00 764992.99 0.0000 12.7086 2.6272
7.480000 1 0.000000 0.000000 0.000000 2 18.700000 10.000000 0.000000 21.2059 -94.4943 5.5057 0.1347 0.16 1000000.00 758845.19 0.0000 12.7954 2.7574
7.500000 1 0.000000 0.000000 0.000000 2 18.750000 10.000000 0.000000 21.2500 -94.5448 5.4552 0.1417 0.17 1000000.00 752382.24 0.0000 12.8881 2.8943
7.520000 1 0.000000 0.000000 0.000000 2 18.800000 10.000000 0.000000 21.2941 -94.5953 5.4047 0.1490 0.18 1000000.00 745588.06 0.0000 12.9873 3.0384
7.540000 1 0.000000 0.000000 0.000000 2 18.850000 10.000000 0.000000 21.3383 -94.6457 5.3543 0.1568 0.19 1000000.00 738445.78 0.0000 13.0936 3.1901
7.560000 1 0.000000 0.000000 0.000000 2 18.900000 10.000000 0.000000 21.3825 -94.6960 5.3040 0.1648 0.20 1000000.00 730937.62 0.0000 13.2075 3.3499
7.580000 1 0.000000 0.000000 0.000000 2 18.950000 10.000000 0.000000 21.4267 -94.7462 5.2538 0.1733 0.21 1000000.00 723044.99 0.0000 13.3299 3.5181
7.600000 1 0.000000 0.000000 0.000000 2 19.000000 10.000000 0.000000 21.4709 -94.7963 5.2037 0.1822 0.22 1000000.00 714748.34 0.0000 13.4614 3.6953
7.620000 1 0.000000 0.000000 0.000000 2 19.050000 10.000000 0.000000 21.5152 -94.8464 5.1536 0.1916 0.24 1000000.00 706027.28 0.0000 13.6030 3.8819
7.640000 1 0.000000 0.000000 0.000000 2 19.100000 10.000000 0.000000 21.5595 -94.8964 5.1036 0.2014 0.25 1000000.00 696860.51 0.0000 13.7556 4.0785
7.660000 1 0.000000 0.000000 0.000000 2 19.150000 10.000000 0.000000 21.6038 -94.9464 5.0536 0.2117 0.27 1000000.00 687225.92 0.0000 13.9204 4.2857
7.680000 1 0.000000 0.000000 0.000000 2 19.200000 10.000000 0.000000 21.6481 -94.9962 5.0038 0.2226 0.29 1000000.00 677100.65 0.0000 14.0986 4.5040
7.700000 1 0.000000 0.000000 0.000000 2 19.250000 10.000000 0.000000 21.6925 -95.0460 4.9540 0.2339 0.31 1000000.00 666461.25 0.0000 14.2918 4.7342
7.720000 1 0.000000 0.000000 0.000000 2 19.300000 10.000000 0.000000 21.7368 -95.0957 4.9043 0.2458 0.33 1000000.00 655283.87 0.0001 14.5015 4.9768
7.740000 1 0.000000 0.000000 0.000000 2 19.350000 10.000000 0.000000 21.7812 -95.1453 4.8547 0.2584 0.35 1000000.00 643544.58 0.0001 14.7295 5.2327
7.760000 1 0.000000 0.000000 0.000000 2 19.400000 10.000000 0.000000 21.8257 -95.1949 4.8051 0.2715 0.37 1000000.00 631219.77 0.0001 14.9780 5.5024
7.780000 1 0.000000 0.000000 0.000000 2 19.450000 10.000000 0.000000 21.8701 -95.2444 4.7556 0.2853 0.40 1000000.00 618286.74 0.0002 15.2495 5.7867
7.800000 1 0.000000 0.000000 0.000000 2 19.500000 10.000000 0.000000 21.9146 -95.2938 4.7062 0.2997 0.43 1000000.00 604724.39 0.0002 15.5467 6.0864
7.820000 1 0.000000 0.000000 0.000000 2 19.550000 10.000000 0.000000 21.9591 -95.3431 4.6569 0.3149 0.46 1000000.00 590514.24 0.0003 15.8727 6.4020
7.840000 1 0.000000 0.000000 0.000000 2 19.600000 10.000000 0.000000 22.0036 -95.3924 4.6076 0.3308 0.49 1000000.00 575641.53 0.0004 16.2311 6.7342
7.860000 1 0.000000 0.000000 0.000000 2 19.650000 10.000000 0.000000 22.0482 -95.4416 4.5584 0.3474 0.53 1000000.00 560096.72 0.0006 16.6260 7.0833
7.880000 1 0.000000 0.000000 0.000000 2 19.700000 10.000000 0.000000 22.0928 -95.4907 4.5093 0.3649 0.57 1000000.00 543877.18 0.0009 17.0622 7.4497
7.900000 1 0.000000 0.000000 0.000000 2 19.750000 10.000000 0.000000 22.1374 -95.5398 4.4602 0.3833 0.62 1000000.00 526989.20 0.0012 17.5449 7.8331
7.920000 1 0.000000 0.000000 0.000000 2 19.800000 10.000000 0.000000 22.1820 -95.5887 4.4113 0.4025 0.67 1000000.00 509450.08 0.0017 18.0801 8.2332
7.940000 1 0.000000 0.000000 0.000000 2 19.850000 10.000000 0.000000 22.2266 -95.6376 4.3624 0.4227 0.73 1000000.00 491290.52 0.0024 18.6745 8.6487
7.960000 1 0.000000 0.000000 0.000000 2 19.900000 10.000000 0.000000 22.2713 -95.6865 4.3135 0.4438 0.79 1000000.00 472556.77 0.0034 19.3355 9.0779
7.980000 1 0.000000 0.000000 0.000000 2 19.950000 10.000000 0.000000 22.3160 -95.7352 4.2648 0.4660 0.86 1000000.00 453312.72 0.0048 20.0714 9.5178
8.000000 1 0.000000 0.000000 0.000000 2 20.000000 10.000000 0.000000 22.3607 -95.7839 4.2161 0.4893 0.94 1000000.00 433641.33 0.0067 20.8912 9.9679
8.020000 1 0.000000 0.000000 0.000000 2 20.050000 10.000000 0.000000 22.4054 -95.8325 4.1675 0.5136 1.04 1000000.00 413645.35 0.0094 21.8044 10.8760
8.040000 1 0.000000 0.000000 0.000000 2 20.100000 10.000000 0.000000 22.4502 -95.8810 4.1190 0.5392 1.14 1000000.00 393446.88 0.0132 22.8211 11.8283
8.060000 1 0.000000 0.000000 0.000000 2 20.150000 10.000000 0.000000 22.4949 -95.9295 4.0705 0.5659 1.26 1000000.00 373185.56 0.0186 23.9515 12.8136
8.080000 1 0.000000 0.000000 0.000000 2 20.200000 10.000000 0.000000 22.5397 -95.9779 4.0221 0.5940 1.40 1000000.00 353015.28 0.0261 25.2058 13.8163
8.100000 1 0.000000 0.000000 0.000000 2 20.250000 10.000000 0.000000 22.5846 -96.0262 3.9738 0.6234 1.56 1000000.00 333099.33 0.0366 26.5933 14.8157
8.120000 1 0.000000 0.000000 0.000000 2 20.300000 10.000000 0.000000 22.6294 -96.0744 3.9256 0.6542 1.74 1000000.00 313604.30 0.0513 28.1221 15.7862
8.140000 1 0.000000 0.000000 0.000000 2 20.350000 10.000000 0.000000 22.6743 -96.1226 3.8774 0.6865 1.96 1000000.00 294693.14 0.0719 29.7984 16.6972
8.160000 1 0.000000 0.000000 0.000000 2 20.400000 10.000000 0.000000 22.7192 -96.1707 3.8293 0.7203 2.22 1000000.00 276517.89 0.1006 31.6256 17.6758
8.180000 1 0.000000 0.000000 0.000000 2 20.450000 10.000000 0.000000 22.7641 -96.2187 3.7813 0.7557 2.52 1000000.00 259213.01 0.1408 33.6034 19.0064
8.200000 1 0.000000 0.000000 0.000000 2 20.500000 10.000000 0.000000 22.8090 -96.2667 3.7333 0.7929 2.88 1000000.00 242889.68 0.1970 35.7272 20.2152
8.220000 1 0.000000 0.000000 0.000000 2 20.550000 10.000000 0.000000 22.8539 -96.3145 3.6855 0.8318 3.31 1000000.00 227631.84 0.2754 37.9879 21.2496
8.240000 1 0.000000 0.000000 0.000000 2 20.600000 10.000000 0.000000 22.8989 -96.3623 3.6377 0.8725 3.82 1000000.00 213494.27 0.3849 40.3711 22.0596
8.260000 1 0.000000 0.000000 0.000000 2 20.650000 10.000000 0.000000 22.9439 -96.4101 3.5899 0.9152 4.45 1000000.00 200502.57 0.5376 42.8573 22.6612
8.280000 1 0.000000 0.000000 0.000000 2 20.700000 10.000000 0.000000 22.9889 -96.4578 3.5422 0.9598 5.21 1000000.00 188655.07 0.7505 45.4232 23.6368
8.300000 1 0.000000 0.000000 0.000000 2 20.750000 10.000000 0.000000 23.0339 -96.5053 3.4947 1.0000 6.00 1000000.00 179347.96 1.0000 47.6766 24.2418
8.320000 1 0.000000 0.000000 0.000000 2 20.800000 10.000000 0.000000 23.0790 -96.5529 3.4471 1.0000 6.00 1000000.00 179347.96 1.0000 47.6766 24.2418
8.340000 1 0.000000 0.000000 0.000000 2 20.850000 10.000000 0.000000 23.1241 -96.6003 3.3997 1.0000 6.00 1000000.00 179347.96 1.0000 47.6766 24.2418
8.360000 1 0.000000 0.000000 0.000000 2 20.900000 10.000000 0.000000 23.1692 -96.6477 3.3523 1.0000 6.00 1000000.00 179347.96 1.0000 47.6766 24.2418
8.380000 1 0.000000 0.000000 0.000000 2 20.950000 10.000000 0.000000 23.2143 -96.6950 3.3050 1.0000 6.00 1000000.00 179347.96 1.0000 47.6766 24.2418
8.400000 1 0.000000 0.000000 0.000000 2 21.000000 10.000000 0.000000 23.2594 -96.7422 3.2578 1.0000 6.00 1000000.00 179347.96 1.0000 47.6766 24.2418
8.420000 1 0.000000 0.000000 0.000000 2 21.050000 10.000000 0.000000 23.3046 -96.7894 3.2106 1.0000 6.00 1000000.00 179347.96 1.0000 47.6766 24.2418
8.440000 1 0.000000 0.000000 0.000000 2 21.100000 10.000000 0.000000 23.3497 -96.8365 3.1635 1.0000 6.00 1000000.00 179347.96 1.0000 47.6766 24.2418
8.460000 1 0.000000 0.000000 0.000000 2 21.150000 10.000000 0.000000 23.3949 -96.8835 3.1165 1.0000 6.00 1000000.00 179347.96 1.0000 47.6766 24.2418
8.480000 1 0.000000 0.000000 0.000000 2 21.200000 10.000000 0.000000 23.4401 -96.9305 3.0695 1.0000 6.00 1000000.00 179347.96 1.0000 47.6766 24.2418
8.500000 1 0.000000 0.000000 0.000000 2 21.250000 10.000000 0.000000 23.4854 -96.9774 3.0226 1.0000 6.00 1000000.00 179347.96 1.0000 47.6766 24.2418
8.520000 1 0.000000 0.000000 0.000000 2 21.300000 10.000000 0.000000 23.5306 -97.0242 2.9758 1.0000 6.00 1000000.00 179347.96 1.0000 47.6766 24.2418
8.540000 1 0.000000 0.000000 0.000000 2 21.350000 10.000000 0.000000 23.5759 -97.0709 2.9291 1.0000 6.00 1000000.00 179347.96 1.0000 47.6766 24.2418
8.560000 1 0.000000 0.000000 0.000000 2 21.400000 10.000000 0.000000 23.6212 -97.1176 2.8824 1.0000 6.00 1000000.00 179347.96 1.0000 47.6766 24.2418
8.580000 1 0.000000 0.000000 0.000000 2 21.450000 10.000000 0.000000 23.6665 -97.1642 2.8358 1.0000 6.00 1000000.00 179347.96 1.0000 47.6766 24.2418
8.600000 1 0.000000 0.000000 0.000000 2 21.500000 10.000000 0.000000 23.7118 -97.2107 2.7893 1.0000 6.00 1000000.00 179347.96 1.0000 47.6766 24.2418
8.620000 1 0.000000 0.000000 0.000000 2 21.550000 10.000000 0.000000 23.7572 -97.2572 2.7428 1.0000 6.00 1000000.00 179347.96 1.0000 47.6766 24.2418
8.640000 1 0.000000 0.000000 0.000000 2 21.600000 10.000000 0.000000 23.8025 -97.3036 2.6964 1.0000 6.00 1000000.00 179347.96 1.0000 47.6766 24.2418
8.660000 1 0.000000 0.000000 0.000000 2 21.650000 10.000000 0.000000 23.8479 -97.3499 2.6501 1.0000 6.00 1000000.00 179347.96 1.0000 47.6766 24.2418
8.680000 1 0.000000 0.000000 0.000000 2 21.700000 10.000000 0.000000 23.8933 -97.3962 2.6038 1.0000 6.00 1000000.00 179347.96 1.0000 47.6766 24.2418
8.700000 1 0.000000 0.000000 0.000000 2 21.750000 10.000000 0.000000 23.9387 -97.4424 2.5576 1.0000 6.00 1000000.00 179347.96 1.0000 47.6766 24.2418
8.720000 1 0.000000 0.000000 0.000000 2 21.800000 10.000000 0.000000 23.9842 -97.4885 2.5115 1.0000 6.00 1000000.00 179347.96 1.0000 47.6766 24.2418
8.740000 1 0.000000 0.000000 0.000000 2 21.850000 10.000000 0.000000 24.0296 -97.5345 2.4655 1.0000 6.00 1000000.00 179347.96 1.0000 47.6766 24.2418
8.760000 1 0.000000 0.000000 0.000000 2 21.900000 10.000000 0.000000 24.0751 -97.5805 2.4195 1.0000 6.00 1000000.00 179347.96 1.0000 47.6766 24.2418
8.780000 1 0.000000 0.000000 0.000000 2 21.950000 10.000000 0.000000 24.1206 -97.6264 2.3736 1.0000 6.00 1000000.00 179347.96 1.0000 47.6766 24.2418
8.800000 1 0.000000 0.000000 0.000000 2 22.000000 10.000000 0.000000 24.1661 -97.6723 2.3277 1.0000 6.00 1000000.00 179347.96 1.0000 47.6766 24.2418
8.820000 1 0.000000 0.000000 0.000000 2 22.050000 10.000000 0.000000 24.2116 -97.7181 2.2819 1.0000 6.00 1000000.00 179347.96 1.0000 47.6766 24.2418
8.840000 1 0.000000 0.000000 0.000000 2 22.100000 10.000000 0.000000 24.2572 -97.7638 2.2362 1.0000 6.00 1000000.00 179347.96 1.0000 47.6766 24.2418
8.860000 1 0.000000 0.000000 0.000000 2 22.150000 10.000000 0.000000 24.3027 -97.8094 2.1906 1.0000 6.00 1000000.00 179347.96 1.0000 47.6766 24.2418
8.880000 1 0.000000 0.000000 0.000000 2 22.200000 10.000000 0.000000 24.3483 -97.8550 2.1450 1.0000 6.00 1000000.00 179347.96 1.0000 47.6766 24.2418
8.900000 1 0.000000 0.000000 0.000000 2 22.250000 10.000000 0.000000 24.3939 -97.9005 2.0995 1.0000 6.00 1000000.00 179347.96 1.0000 47.6766 24.2418
8.920000 1 0.000000 0.000000 0.000000 2 22.300000 10.000000 0.000000 24.4395 -97.9459 2.0541 1.0000 6.00 1000000.00 179347.96 1.0000 47.6766 24.2418
8.940000 1 0.000000 0.000000 0.000000 2 22.350000 10.000000 0.000000 24.4851 -97.9913 2.0087 1.0000 6.00 1000000.00 179347.96 1.0000 47.6766 24.2418
8.960000 1 0.000000 0.000000 0.000000 2 22.400000 10.000000 0.000000 24.5308 -98.0366 1.9634 1.0000 6.00 1000000.00 179347.96 1.0000 47.6766 24.2418
8.980000 1 0.000000 0.000000 0.000000 2 22.450000 10.000000 0.000000 24.5765 -98.0818 1.9182 1.0000 6.00 1000000.00 179347.96 1.0000 47.6766 24.2418
9.000000 1 0.000000 0.000000 0.000000 2 22.500000 10.000000 0.000000 24.6221 -98.1270 1.8730 1.0000 6.00 1000000.00 179347.96 1.0000 47.6766 24.2418
9.020000 1 0.000000 0.000000 0.000000 2 22.550000 10.000000 0.000000 24.6678 -98.1721 1.8279 1.0000 6.00 1000000.00 179347.96 1.0000 47.6766 24.2418
9.040000 1 0.000000 0.000000 0.000000 2 22.600000 10.000000 0.000000 24.7136 -98.2171 1.7829 1.0000 6.00 1000000.00 179347.96 1.0000 47.6766 24.2418
9.060000 1 0.000000 0.000000 0.000000 2 22.650000 10.000000 0.000000 24.7593 -98.2621 1.7379 1.0000 6.00 1000000.00 179347.96 1.0000 47.6766 24.2418
9.080000 1 0.000000 0.000000 0.000000 2 22.700000 10.000000 0.000000 24.8050 -98.3070 1.6930 1.0000 6.00 1000000.00 179347.96 1.0000 47.6766 24.2418
9.100000 1 0.000000 0.000000 0.000000 2 22.750000 10.000000 0.000000 24.8508 -98.3518 1.6482 1.0000 6.00 1000000.00 179347.96 1.0000 47.6766 24.2418
9.120000 1 0.000000 0.000000 0.000000 2 22.800000 10.000000 0.000000 24.8966 -98.3965 1.6035 1.0000 6.00 1000000.00 179347.96 1.0000 47.6766 24.2418
9.140000 1 0.000000 0.000000 0.000000 2 22.850000 10.000000 0.000000 24.9424 -98.4412 1.5588 1.0000 6.00 1000000.00 179347.96 1.0000 47.6766 24.2418
9.160000 1 0.000000 0.000000 0.000000 2 22.900000 10.000000 0.000000 24.9882 -98.4859 1.5141 1.0000 6.00 1000000.00 179347.96 1.0000 47.6766 24.2418
9.180000 1 0.000000 0.000000 0.000000 2 22.950000 10.000000 0.000000 25.0340 -98.5304 1.4696 1.0000 6.00 1000000.00 179347.96 1.0000 47.6766 24.2418
9.200000 1 0.000000 0.000000 0.000000 2 23.000000 10.000000 0.000000 25.0799 -98.5749 1.4251 1.0000 6.00 1000000.00 179347.96 1.0000 47.6766 24.2418
9.220000 1 0.000000 0.000000 0.000000 2 23.050000 10.000000 0.000000 25.1257 -98.6194 1.3806 1.0000 6.00 1000000.00 179347.96 1.0000 47.6766 24.2418
9.240000 1 0.000000 0.000000 0.000000 2 23.100000 10.000000 0.000000 25.1716 -98.6637 1.3363 1.0000 6.00 1000000.00 179347.96 1.0000 47.6766 24.2418
9.260000 1 0.000000 0.000000 0.000000 2 23.150000 10.000000 0.000000 25.2175 -98.7080 1.2920 1.0000 6.00 1000000.00 179347.96 1.0000 47.6766 24.2418
9.280000 1 0.000000 0.000000 0.000000 2 23.200000 10.000000 0.000000 25.2634 -98.7523 1.2477 1.0000 6.00 1000000.00 179347.96 1.0000 47.6766 24.2418
9.300000 1 0.000000 0.000000 0.000000 2 23.250000 10.000000 0.000000 25.3093 -98.7964 1.2036 1.0000 6.00 1000000.00 179347.96 1.0000 47.6766 24.2418
9.320000 1 0.000000 0.000000 0.000000 2 23.300000 10.000000 0.000000 25.3553 -98.8405 1.1595 1.0000 6.00 1000000.00 179347.96 1.0000 47.6766 24.2418
9.340000 1 0.000000 0.000000 0.000000 2 23.350000 10.000000 0.000000 25.4012 -98.8846 1.1154 1.0000 6.00 1000000.00 179347.96 1.0000 47.6766 24.2418
9.360000 1 0.000000 0.000000 0.000000 2 23.400000 10.000000 0.000000 25.4472 -98.9286 1.0714 1.0000 6.00 1000000.00 179347.96 1.0000 47.6766 24.2418
9.380000 1 0.000000 0.000000 0.000000 2 23.450000 10.000000 0.000000 25.4932 -98.9725 1.0275 1.0000 6.00 1000000.00 179347.96 1.0000 47.6766 24.2418
9.400000 1 0.000000 0.000000 0.000000 2 23.500000 10.000000 0.000000 25.5392 -99.0163 0.9837 1.0000 6.00 1000000.00 179347.96 1.0000 47.6766 24.2418
9.420000 1 0.000000 0.000000 0.000000 2 23.550000 10.000000 0.000000 25.5852 -99.0601 0.9399 1.0000 6.00 1000000.00 179347.96 1.0000 47.6766 24.2418
9.440000 1 0.000000 0.000000 0.000000 2 23.600000 10.000000 0.000000 25.6312 -99.1038 0.8962 1.0000 6.00 1000000.00 179347.96 1.0000 47.6766 24.2418
9.460000 1 0.000000 0.000000 0.000000 2 23.650000 10.000000 0.000000 25.6773 -99.1475 0.8525 1.0000 6.00 1000000.00 179347.96 1.0000 47.6766 24.2418
9.480000 1 0.000000 0.000000 0.000000 2 23.700000 10.000000 0.000000 25.7233 -99.1910 0.8090 1.0000 6.00 1000000.00 179347.96 1.0000 47.6766 24.2418
9.500000 1 0.000000 0.000000 0.000000 2 23.750000 10.000000 0.000000 25.7694 -99.2346 0.7654 1.0000 6.00 1000000.00 179347.96 1.0000 47.6766 24.2418
9.520000 1 0.000000 0.000000 0.000000 2 23.800000 10.000000 0.000000 25.8155 -99.2780 0.7220 1.0000 6.00 1000000.00 179347.96 1.0000 47.6766 24.2418
9.540000 1 0.000000 0.000000 0.000000 2 23.850000 10.000000 0.000000 25.8616 -99.3214 0.6786 1.0000 6.00 1000000.00 179347.96 1.0000 47.6766 24.2418
9.560000 1 0.000000 0.000000 0.000000 2 23.900000 10.000000 0.000000 25.9077 -99.3648 0.6352 1.0000 6.00 1000000.00 179347.96 1.0000 47.6766 24.2418
9.580000 1 0.000000 0.000000 0.000000 2 23.950000 10.000000 0.000000 25.9539 -99.4080 0.5920 1.0000 6.00 1000000.00 179347.96 1.0000 47.6766 24.2418
9.600000 1 0.000000 0.000000 0.000000 2 24.000000 10.000000 0.000000 26.0000 -99.4512 0.5488 1.0000 6.00 1000000.00 179347.96 1.0000 47.6766 24.2418
9.620000 1 0.000000 0.000000 0.000000 2 24.050000 10.000000 0.000000 26.0462 -99.4944 0.5056 1.0000 6.00 1000000.00 179347.96 1.0000 47.6766 24.2418
9.640000 1 0.000000 0.000000 0.000000 2 24.100000 10.000000 0.000000 26.0923 -99.5374 0.4626 1.0000 6.00 1000000.00 179347.96 1.0000 47.6766 24.2418
9.660000 1 0.000000 0.000000 0.000000 2 24.150000 10.000000 0.000000 26.1385 -99.5805 0.4195 1.0000 6.00 1000000.00 179347.96 1.0000 47.6766 24.2418
9.680000 1 0.000000 0.000000 0.000000 2 24.200000 10.000000 0.000000 26.1847 -99.6234 0.3766 1.0000 6.00 1000000.00 179347.96 1.0000 47.6766 24.2418
9.700000 1 0.000000 0.000000 0.000000 2 24.250000 10.000000 0.000000 26.2309 -99.6663 0.3337 1.0000 6.00 1000000.00 179347.96 1.0000 47.6766 24.2418
9.720000 1 0.000000 0.000000 0.000000 2 24.300000 10.000000 0.000000 26.2772 -99.7091 0.2909 1.0000 6.00 1000000.00 179347.96 1.0000 47.6766 24.2418
9.740000 1 0.000000 0.000000 0.000000 2 24.350000 10.000000 0.000000 26.3234 -99.7519 0.2481 1.0000 6.00 1000000.00 179347.96 1.0000 47.6766 24.2418
9.760000 1 0.000000 0.000000 0.000000 2 24.400000 10.000000 0.000000 26.3697 -99.7946 0.2054 1.0000 6.00 1000000.00 179347.96 1.0000 47.6766 24.2418
9.780000 1 0.000000 0.000000 0.000000 2 24.450000 10.000000 0.000000 26.4160 -99.8372 0.1628 1.0000 6.00 1000000.00 179347.96 1.0000 47.6766 24.2418
9.800000 1 0.000000 0.000000 0.000000 2 24.500000 10.000000 0.000000 26.4622 -99.8798 0.1202 1.0000 6.00 1000000.00 179347.96 1.0000 47.6766 24.2418
9.820000 1 0.000000 0.000000 0.000000 2 24.550000 10.000000 0.000000 26.5085 -99.9223 0.0777 1.0000 6.00 1000000.00 179347.96 1.0000 47.6766 24.2418
9.840000 1 0.000000 0.000000 0.000000 2 24.600000 10.000000 0.000000 26.5548 -99.9648 0.0352 1.0000 6.00 1000000.00 179347.96 1.0000 47.6766 24.2418
9.860000 1 0.000000 0.000000 0.000000 2 24.650000 10.000000 0.000000 26.6012 -100.0072 -0.0072 1.0000 6.00 1000000.00 179347.96 1.0000 47.6766 24.2418
9.880000 1 0.000000 0.000000 0.000000 2 24.700000 10.000000 0.000000 26.6475 -100.0495 -0.0495 1.0000 6.00 1000000.00 179347.96 1.0000 47.6766 24.2418
9.900000 1 0.000000 0.000000 0.000000 2 24.750000 10.000000 0.000000 26.6939 -100.0918 -0.0918 1.0000 6.00 1000000.00 179347.96 1.0000 47.6766 24.2418
9.920000 1 0.000000 0.000000 0.000000 2 24.800000 10.000000 0.000000 26.7402 -100.1340 -0.1340 1.0000 6.00 1000000.00 179347.96 1.0000 47.6766 24.2418
9.940000 1 0.000000 0.000000 0.000000 2 24.850000 10.000000 0.000000 26.7866 -100.1761 -0.1761 1.0000 6.00 1000000.00 179347.96 1.0000 47.6766 24.2418
9.960000 1 0.000000 0.000000 0.000000 2 24.900000 10.000000 0.000000 26.8330 -100.2182 -0.2182 1.0000 6.00 1000000.00 179347.96 1.0000 47.6766 24.2418
9.980000 1 0.000000 0.000000 0.000000 2 24.950000 10.000000 0.000000 26.8794 -100.2602 -0.2602 1.0000 6.00 1000000.00 179347.96 1.0000 47.6766 24.2418
10.000000 1 0.000000 0.000000 0.000000 2 25.000000 10.000000 0.000000 26.9258 -100.3022 -0.3022 1.0000 6.00 1000000.00 179347.96 1.0000 47.6766 24.2418
