% Output generated by QOMET v1.5.0 beta (revision N/A)
% time from_node_id from_node_x from_node_y from_node_z to_node_id to_node_x to_node_y to_node_z distance Pr SNR FER num_retr op_rate bandwidth loss_rate delay jitter
0.000000 1 0.000000 0.000000 0.000000 2 0.000000 10.000000 0.000000 10.0000 -76.2127 23.7873 0.0003 0.00 11000000.00 6116088.15 0.0000 3.3394 0.1608
0.016000 1 0.000000 0.000000 0.000000 2 0.040000 10.000000 0.000000 10.0001 -76.2129 23.7871 0.0003 0.00 11000000.00 6116087.78 0.0000 3.3394 0.1608
0.032000 1 0.000000 0.000000 0.000000 2 0.080000 10.000000 0.000000 10.0003 -76.2135 23.7865 0.0003 0.00 11000000.00 6116086.67 0.0000 3.3394 0.1608
0.048000 1 0.000000 0.000000 0.000000 2 0.120000 10.000000 0.000000 10.0007 -76.2145 23.7855 0.0003 0.00 11000000.00 6116084.80 0.0000 3.3394 0.1608
0.064000 1 0.000000 0.000000 0.000000 2 0.160000 10.000000 0.000000 10.0013 -76.2158 23.7842 0.0003 0.00 11000000.00 6116082.20 0.0000 3.3394 0.1608
0.080000 1 0.000000 0.000000 0.000000 2 0.200000 10.000000 0.000000 10.0020 -76.2176 23.7824 0.0003 0.00 11000000.00 6116078.84 0.0000 3.3394 0.1608
0.096000 1 0.000000 0.000000 0.000000 2 0.240000 10.000000 0.000000 10.0029 -76.2197 23.7803 0.0003 0.00 11000000.00 6116074.73 0.0000 3.3394 0.1608
0.112000 1 0.000000 0.000000 0.000000 2 0.280000 10.000000 0.000000 10.0039 -76.2223 23.7777 0.0003 0.00 11000000.00 6116069.86 0.0000 3.3394 0.1608
0.128000 1 0.000000 0.000000 0.000000 2 0.320000 10.000000 0.000000 10.0051 -76.2252 23.7748 0.0003 0.00 11000000.00 6116064.23 0.0000 3.3394 0.1608
0.144000 1 0.000000 0.000000 0.000000 2 0.360000 10.000000 0.000000 10.0065 -76.2285 23.7715 0.0003 0.00 11000000.00 6116057.83 0.0000 3.3394 0.1608
0.160000 1 0.000000 0.000000 0.000000 2 0.400000 10.000000 0.000000 10.0080 -76.2322 23.7678 0.0003 0.00 11000000.00 6116050.65 0.0000 3.3394 0.1608
0.176000 1 0.000000 0.000000 0.000000 2 0.440000 10.000000 0.000000 10.0097 -76.2362 23.7638 0.0003 0.00 11000000.00 6116042.69 0.0000 3.3394 0.1608
0.192000 1 0.000000 0.000000 0.000000 2 0.480000 10.000000 0.000000 10.0115 -76.2407 23.7593 0.0003 0.00 11000000.00 6116033.93 0.0000 3.3394 0.1608
0.208000 1 0.000000 0.000000 0.000000 2 0.520000 10.000000 0.000000 10.0135 -76.2456 23.7544 0.0003 0.00 11000000.00 6116024.38 0.0000 3.3394 0.1608
0.224000 1 0.000000 0.000000 0.000000 2 0.560000 10.000000 0.000000 10.0157 -76.2508 23.7492 0.0003 0.00 11000000.00 6116014.01 0.0000 3.3394 0.1608
0.240000 1 0.000000 0.000000 0.000000 2 0.600000 10.000000 0.000000 10.0180 -76.2564 23.7436 0.0003 0.00 11000000.00 6116002.82 0.0000 3.3394 0.1608
0.256000 1 0.000000 0.000000 0.000000 2 0.640000 10.000000 0.000000 10.0205 -76.2624 23.7376 0.0003 0.00 11000000.00 6115990.79 0.0000 3.3394 0.1608
0.272000 1 0.000000 0.000000 0.000000 2 0.680000 10.000000 0.000000 10.0231 -76.2688 23.7312 0.0003 0.00 11000000.00 6115977.92 0.0000 3.3394 0.1608
0.288000 1 0.000000 0.000000 0.000000 2 0.720000 10.000000 0.000000 10.0259 -76.2756 23.7244 0.0003 0.00 11000000.00 6115964.18 0.0000 3.3394 0.1608
0.304000 1 0.000000 0.000000 0.000000 2 0.760000 10.000000 0.000000 10.0288 -76.2828 23.7172 0.0003 0.00 11000000.00 6115949.56 0.0000 3.3394 0.1609
0.320000 1 0.000000 0.000000 0.000000 2 0.800000 10.000000 0.000000 10.0319 -76.2903 23.7097 0.0003 0.00 11000000.00 6115934.05 0.0000 3.3395 0.1609
0.336000 1 0.000000 0.000000 0.000000 2 0.840000 10.000000 0.000000 10.0352 -76.2982 23.7018 0.0003 0.00 11000000.00 6115917.62 0.0000 3.3395 0.1609
0.352000 1 0.000000 0.000000 0.000000 2 0.880000 10.000000 0.000000 10.0386 -76.3065 23.6935 0.0003 0.00 11000000.00 6115900.27 0.0000 3.3395 0.1609
0.368000 1 0.000000 0.000000 0.000000 2 0.920000 10.000000 0.000000 10.0422 -76.3152 23.6848 0.0003 0.00 11000000.00 6115881.96 0.0000 3.3395 0.1609
0.384000 1 0.000000 0.000000 0.000000 2 0.960000 10.000000 0.000000 10.0460 -76.3243 23.6757 0.0003 0.00 11000000.00 6115862.69 0.0000 3.3395 0.1609
0.400000 1 0.000000 0.000000 0.000000 2 1.000000 10.000000 0.000000 10.0499 -76.3337 23.6663 0.0003 0.00 11000000.00 6115842.43 0.0000 3.3395 0.1609
0.416000 1 0.000000 0.000000 0.000000 2 1.040000 10.000000 0.000000 10.0539 -76.3435 23.6565 0.0003 0.00 11000000.00 6115821.15 0.0000 3.3395 0.1609
0.432000 1 0.000000 0.000000 0.000000 2 1.080000 10.000000 0.000000 10.0582 -76.3537 23.6463 0.0003 0.00 11000000.00 6115798.83 0.0000 3.3395 0.1609
0.448000 1 0.000000 0.000000 0.000000 2 1.120000 10.000000 0.000000 10.0625 -76.3643 23.6357 0.0003 0.00 11000000.00 6115775.45 0.0000 3.3395 0.1609
0.464000 1 0.000000 0.000000 0.000000 2 1.160000 10.000000 0.000000 10.0671 -76.3753 23.6247 0.0003 0.00 11000000.00 6115750.98 0.0000 3.3395 0.1609
0.480000 1 0.000000 0.000000 0.000000 2 1.200000 10.000000 0.000000 10.0717 -76.3866 23.6134 0.0003 0.00 11000000.00 6115725.38 0.0000 3.3395 0.1609
0.496000 1 0.000000 0.000000 0.000000 2 1.240000 10.000000 0.000000 10.0766 -76.3983 23.6017 0.0003 0.00 11000000.00 6115698.64 0.0000 3.3395 0.1610
0.512000 1 0.000000 0.000000 0.000000 2 1.280000 10.000000 0.000000 10.0816 -76.4103 23.5897 0.0003 0.00 11000000.00 6115670.73 0.0000 3.3395 0.1610
0.528000 1 0.000000 0.000000 0.000000 2 1.320000 10.000000 0.000000 10.0867 -76.4228 23.5772 0.0003 0.00 11000000.00 6115641.59 0.0000 3.3395 0.1610
0.544000 1 0.000000 0.000000 0.000000 2 1.360000 10.000000 0.000000 10.0921 -76.4356 23.5644 0.0003 0.00 11000000.00 6115611.22 0.0000 3.3395 0.1610
0.560000 1 0.000000 0.000000 0.000000 2 1.400000 10.000000 0.000000 10.0975 -76.4488 23.5512 0.0003 0.00 11000000.00 6115579.56 0.0000 3.3395 0.1610
0.576000 1 0.000000 0.000000 0.000000 2 1.440000 10.000000 0.000000 10.1031 -76.4623 23.5377 0.0003 0.00 11000000.00 6115546.58 0.0000 3.3395 0.1610
0.592000 1 0.000000 0.000000 0.000000 2 1.480000 10.000000 0.000000 10.1089 -76.4762 23.5238 0.0003 0.00 11000000.00 6115512.24 0.0000 3.3395 0.1610
0.608000 1 0.000000 0.000000 0.000000 2 1.520000 10.000000 0.000000 10.1149 -76.4905 23.5095 0.0003 0.00 11000000.00 6115476.50 0.0000 3.3396 0.1611
0.624000 1 0.000000 0.000000 0.000000 2 1.560000 10.000000 0.000000 10.1209 -76.5051 23.4949 0.0003 0.00 11000000.00 6115439.32 0.0000 3.3396 0.1611
0.640000 1 0.000000 0.000000 0.000000 2 1.600000 10.000000 0.000000 10.1272 -76.5201 23.4799 0.0003 0.00 11000000.00 6115400.65 0.0000 3.3396 0.1611
0.656000 1 0.000000 0.000000 0.000000 2 1.640000 10.000000 0.000000 10.1336 -76.5355 23.4645 0.0003 0.00 11000000.00 6115360.45 0.0000 3.3396 0.1611
0.672000 1 0.000000 0.000000 0.000000 2 1.680000 10.000000 0.000000 10.1401 -76.5512 23.4488 0.0004 0.00 11000000.00 6115318.66 0.0000 3.3396 0.1611
0.688000 1 0.000000 0.000000 0.000000 2 1.720000 10.000000 0.000000 10.1468 -76.5673 23.4327 0.0004 0.00 11000000.00 6115275.23 0.0000 3.3396 0.1611
0.704000 1 0.000000 0.000000 0.000000 2 1.760000 10.000000 0.000000 10.1537 -76.5837 23.4163 0.0004 0.00 11000000.00 6115230.12 0.0000 3.3396 0.1612
0.720000 1 0.000000 0.000000 0.000000 2 1.800000 10.000000 0.000000 10.1607 -76.6005 23.3995 0.0004 0.00 11000000.00 6115183.26 0.0000 3.3396 0.1612
0.736000 1 0.000000 0.000000 0.000000 2 1.840000 10.000000 0.000000 10.1679 -76.6176 23.3824 0.0004 0.00 11000000.00 6115134.60 0.0000 3.3396 0.1612
0.752000 1 0.000000 0.000000 0.000000 2 1.880000 10.000000 0.000000 10.1752 -76.6351 23.3649 0.0004 0.00 11000000.00 6115084.06 0.0000 3.3396 0.1612
0.768000 1 0.000000 0.000000 0.000000 2 1.920000 10.000000 0.000000 10.1827 -76.6529 23.3471 0.0004 0.00 11000000.00 6115031.60 0.0000 3.3396 0.1612
0.784000 1 0.000000 0.000000 0.000000 2 1.960000 10.000000 0.000000 10.1903 -76.6711 23.3289 0.0004 0.00 11000000.00 6114977.14 0.0000 3.3397 0.1613
0.800000 1 0.000000 0.000000 0.000000 2 2.000000 10.000000 0.000000 10.1980 -76.6897 23.3103 0.0004 0.00 11000000.00 6114920.62 0.0000 3.3397 0.1613
0.816000 1 0.000000 0.000000 0.000000 2 2.040000 10.000000 0.000000 10.2060 -76.7085 23.2915 0.0004 0.00 11000000.00 6114861.95 0.0000 3.3397 0.1613
0.832000 1 0.000000 0.000000 0.000000 2 2.080000 10.000000 0.000000 10.2140 -76.7278 23.2722 0.0004 0.00 11000000.00 6114801.06 0.0000 3.3397 0.1613
0.848000 1 0.000000 0.000000 0.000000 2 2.120000 10.000000 0.000000 10.2223 -76.7473 23.2527 0.0004 0.00 11000000.00 6114737.88 0.0000 3.3397 0.1614
0.864000 1 0.000000 0.000000 0.000000 2 2.160000 10.000000 0.000000 10.2306 -76.7672 23.2328 0.0004 0.00 11000000.00 6114672.32 0.0000 3.3397 0.1614
0.880000 1 0.000000 0.000000 0.000000 2 2.200000 10.000000 0.000000 10.2391 -76.7875 23.2125 0.0004 0.00 11000000.00 6114604.29 0.0000 3.3397 0.1614
0.896000 1 0.000000 0.000000 0.000000 2 2.240000 10.000000 0.000000 10.2478 -76.8081 23.1919 0.0005 0.00 11000000.00 6114533.70 0.0000 3.3398 0.1614
0.912000 1 0.000000 0.000000 0.000000 2 2.280000 10.000000 0.000000 10.2566 -76.8290 23.1710 0.0005 0.00 11000000.00 6114460.46 0.0000 3.3398 0.1615
0.928000 1 0.000000 0.000000 0.000000 2 2.320000 10.000000 0.000000 10.2656 -76.8502 23.1498 0.0005 0.00 11000000.00 6114384.46 0.0000 3.3398 0.1615
0.944000 1 0.000000 0.000000 0.000000 2 2.360000 10.000000 0.000000 10.2747 -76.8718 23.1282 0.0005 0.00 11000000.00 6114305.61 0.0000 3.3398 0.1615
0.960000 1 0.000000 0.000000 0.000000 2 2.400000 10.000000 0.000000 10.2840 -76.8937 23.1063 0.0005 0.00 11000000.00 6114223.79 0.0000 3.3398 0.1616
0.976000 1 0.000000 0.000000 0.000000 2 2.440000 10.000000 0.000000 10.2934 -76.9160 23.0840 0.0005 0.00 11000000.00 6114138.90 0.0000 3.3398 0.1616
0.992000 1 0.000000 0.000000 0.000000 2 2.480000 10.000000 0.000000 10.3029 -76.9385 23.0615 0.0005 0.00 11000000.00 6114050.80 0.0000 3.3399 0.1616
1.008000 1 0.000000 0.000000 0.000000 2 2.520000 10.000000 0.000000 10.3126 -76.9614 23.0386 0.0005 0.00 11000000.00 6113959.39 0.0000 3.3399 0.1617
1.024000 1 0.000000 0.000000 0.000000 2 2.560000 10.000000 0.000000 10.3225 -76.9846 23.0154 0.0005 0.00 11000000.00 6113864.53 0.0000 3.3399 0.1617
1.040000 1 0.000000 0.000000 0.000000 2 2.600000 10.000000 0.000000 10.3325 -77.0082 22.9918 0.0006 0.00 11000000.00 6113766.09 0.0000 3.3399 0.1618
1.056000 1 0.000000 0.000000 0.000000 2 2.640000 10.000000 0.000000 10.3426 -77.0320 22.9680 0.0006 0.00 11000000.00 6113663.92 0.0000 3.3399 0.1618
1.072000 1 0.000000 0.000000 0.000000 2 2.680000 10.000000 0.000000 10.3529 -77.0562 22.9438 0.0006 0.00 11000000.00 6113557.88 0.0000 3.3400 0.1619
1.088000 1 0.000000 0.000000 0.000000 2 2.720000 10.000000 0.000000 10.3633 -77.0807 22.9193 0.0006 0.00 11000000.00 6113447.82 0.0000 3.3400 0.1619
1.104000 1 0.000000 0.000000 0.000000 2 2.760000 10.000000 0.000000 10.3739 -77.1055 22.8945 0.0006 0.00 11000000.00 6113333.57 0.0000 3.3400 0.1619
1.120000 1 0.000000 0.000000 0.000000 2 2.800000 10.000000 0.000000 10.3846 -77.1306 22.8694 0.0006 0.00 11000000.00 6113214.97 0.0000 3.3400 0.1620
1.136000 1 0.000000 0.000000 0.000000 2 2.840000 10.000000 0.000000 10.3955 -77.1560 22.8440 0.0006 0.00 11000000.00 6113091.84 0.0000 3.3401 0.1620
1.152000 1 0.000000 0.000000 0.000000 2 2.880000 10.000000 0.000000 10.4065 -77.1817 22.8183 0.0007 0.00 11000000.00 6112963.99 0.0000 3.3401 0.1621
1.168000 1 0.000000 0.000000 0.000000 2 2.920000 10.000000 0.000000 10.4176 -77.2077 22.7923 0.0007 0.00 11000000.00 6112831.25 0.0000 3.3401 0.1622
1.184000 1 0.000000 0.000000 0.000000 2 2.960000 10.000000 0.000000 10.4289 -77.2340 22.7660 0.0007 0.00 11000000.00 6112693.40 0.0000 3.3402 0.1622
1.200000 1 0.000000 0.000000 0.000000 2 3.000000 10.000000 0.000000 10.4403 -77.2607 22.7393 0.0007 0.00 11000000.00 6112550.23 0.0000 3.3402 0.1623
1.216000 1 0.000000 0.000000 0.000000 2 3.040000 10.000000 0.000000 10.4519 -77.2876 22.7124 0.0007 0.00 11000000.00 6112401.54 0.0000 3.3402 0.1623
1.232000 1 0.000000 0.000000 0.000000 2 3.080000 10.000000 0.000000 10.4636 -77.3148 22.6852 0.0008 0.00 11000000.00 6112247.08 0.0000 3.3403 0.1624
1.248000 1 0.000000 0.000000 0.000000 2 3.120000 10.000000 0.000000 10.4754 -77.3423 22.6577 0.0008 0.00 11000000.00 6112086.62 0.0000 3.3403 0.1625
1.264000 1 0.000000 0.000000 0.000000 2 3.160000 10.000000 0.000000 10.4874 -77.3701 22.6299 0.0008 0.00 11000000.00 6111919.92 0.0000 3.3403 0.1625
1.280000 1 0.000000 0.000000 0.000000 2 3.200000 10.000000 0.000000 10.4995 -77.3982 22.6018 0.0008 0.00 11000000.00 6111746.70 0.0000 3.3404 0.1626
1.296000 1 0.000000 0.000000 0.000000 2 3.240000 10.000000 0.000000 10.5118 -77.4266 22.5734 0.0008 0.00 11000000.00 6111566.70 0.0000 3.3404 0.1627
1.312000 1 0.000000 0.000000 0.000000 2 3.280000 10.000000 0.000000 10.5242 -77.4553 22.5447 0.0009 0.00 11000000.00 6111379.62 0.0000 3.3405 0.1628
1.328000 1 0.000000 0.000000 0.000000 2 3.320000 10.000000 0.000000 10.5367 -77.4842 22.5158 0.0009 0.00 11000000.00 6111185.18 0.0000 3.3405 0.1628
1.344000 1 0.000000 0.000000 0.000000 2 3.360000 10.000000 0.000000 10.5494 -77.5134 22.4866 0.0009 0.00 11000000.00 6110983.05 0.0000 3.3405 0.1629
1.360000 1 0.000000 0.000000 0.000000 2 3.400000 10.000000 0.000000 10.5622 -77.5430 22.4570 0.0010 0.00 11000000.00 6110772.91 0.0000 3.3406 0.1630
1.376000 1 0.000000 0.000000 0.000000 2 3.440000 10.000000 0.000000 10.5751 -77.5727 22.4273 0.0010 0.00 11000000.00 6110554.42 0.0000 3.3406 0.1631
1.392000 1 0.000000 0.000000 0.000000 2 3.480000 10.000000 0.000000 10.5882 -77.6028 22.3972 0.0010 0.00 11000000.00 6110327.21 0.0000 3.3407 0.1632
1.408000 1 0.000000 0.000000 0.000000 2 3.520000 10.000000 0.000000 10.6014 -77.6331 22.3669 0.0010 0.00 11000000.00 6110090.92 0.0000 3.3407 0.1633
1.424000 1 0.000000 0.000000 0.000000 2 3.560000 10.000000 0.000000 10.6148 -77.6637 22.3363 0.0011 0.00 11000000.00 6109845.15 0.0000 3.3408 0.1634
1.440000 1 0.000000 0.000000 0.000000 2 3.600000 10.000000 0.000000 10.6283 -77.6946 22.3054 0.0011 0.00 11000000.00 6109589.48 0.0000 3.3408 0.1635
1.456000 1 0.000000 0.000000 0.000000 2 3.640000 10.000000 0.000000 10.6419 -77.7257 22.2743 0.0011 0.00 11000000.00 6109323.50 0.0000 3.3409 0.1636
1.472000 1 0.000000 0.000000 0.000000 2 3.680000 10.000000 0.000000 10.6556 -77.7571 22.2429 0.0012 0.00 11000000.00 6109046.74 0.0000 3.3410 0.1637
1.488000 1 0.000000 0.000000 0.000000 2 3.720000 10.000000 0.000000 10.6695 -77.7888 22.2112 0.0012 0.00 11000000.00 6108758.74 0.0000 3.3410 0.1639
1.504000 1 0.000000 0.000000 0.000000 2 3.760000 10.000000 0.000000 10.6835 -77.8207 22.1793 0.0013 0.00 11000000.00 6108459.01 0.0000 3.3411 0.1640
1.520000 1 0.000000 0.000000 0.000000 2 3.800000 10.000000 0.000000 10.6977 -77.8529 22.1471 0.0013 0.00 11000000.00 6108147.02 0.0000 3.3412 0.1641
1.536000 1 0.000000 0.000000 0.000000 2 3.840000 10.000000 0.000000 10.7119 -77.8853 22.1147 0.0013 0.00 11000000.00 6107822.24 0.0000 3.3412 0.1642
1.552000 1 0.000000 0.000000 0.000000 2 3.880000 10.000000 0.000000 10.7263 -77.9180 22.0820 0.0014 0.00 11000000.00 6107484.11 0.0000 3.3413 0.1644
1.568000 1 0.000000 0.000000 0.000000 2 3.920000 10.000000 0.000000 10.7409 -77.9509 22.0491 0.0014 0.00 11000000.00 6107132.02 0.0000 3.3414 0.1645
1.584000 1 0.000000 0.000000 0.000000 2 3.960000 10.000000 0.000000 10.7555 -77.9841 22.0159 0.0015 0.00 11000000.00 6106765.35 0.0000 3.3415 0.1647
1.600000 1 0.000000 0.000000 0.000000 2 4.000000 10.000000 0.000000 10.7703 -78.0175 21.9825 0.0015 0.00 11000000.00 6106383.47 0.0000 3.3415 0.1648
1.616000 1 0.000000 0.000000 0.000000 2 4.040000 10.000000 0.000000 10.7852 -78.0512 21.9488 0.0016 0.00 11000000.00 6105985.68 0.0000 3.3416 0.1650
1.632000 1 0.000000 0.000000 0.000000 2 4.080000 10.000000 0.000000 10.8003 -78.0851 21.9149 0.0016 0.00 11000000.00 6105571.28 0.0000 3.3417 0.1652
1.648000 1 0.000000 0.000000 0.000000 2 4.120000 10.000000 0.000000 10.8155 -78.1193 21.8807 0.0017 0.00 11000000.00 6105139.50 0.0000 3.3418 0.1654
1.664000 1 0.000000 0.000000 0.000000 2 4.160000 10.000000 0.000000 10.8308 -78.1536 21.8464 0.0018 0.00 11000000.00 6104689.58 0.0000 3.3419 0.1655
1.680000 1 0.000000 0.000000 0.000000 2 4.200000 10.000000 0.000000 10.8462 -78.1883 21.8117 0.0018 0.00 11000000.00 6104220.70 0.0000 3.3420 0.1657
1.696000 1 0.000000 0.000000 0.000000 2 4.240000 10.000000 0.000000 10.8617 -78.2231 21.7769 0.0019 0.00 11000000.00 6103731.98 0.0000 3.3421 0.1659
1.712000 1 0.000000 0.000000 0.000000 2 4.280000 10.000000 0.000000 10.8774 -78.2582 21.7418 0.0019 0.00 11000000.00 6103222.53 0.0000 3.3422 0.1662
1.728000 1 0.000000 0.000000 0.000000 2 4.320000 10.000000 0.000000 10.8932 -78.2935 21.7065 0.0020 0.00 11000000.00 6102691.41 0.0000 3.3424 0.1664
1.744000 1 0.000000 0.000000 0.000000 2 4.360000 10.000000 0.000000 10.9092 -78.3290 21.6710 0.0021 0.00 11000000.00 6102137.63 0.0000 3.3425 0.1666
1.760000 1 0.000000 0.000000 0.000000 2 4.400000 10.000000 0.000000 10.9252 -78.3648 21.6352 0.0022 0.00 11000000.00 6101560.15 0.0000 3.3426 0.1669
1.776000 1 0.000000 0.000000 0.000000 2 4.440000 10.000000 0.000000 10.9414 -78.4007 21.5993 0.0022 0.00 11000000.00 6100957.88 0.0000 3.3427 0.1671
1.792000 1 0.000000 0.000000 0.000000 2 4.480000 10.000000 0.000000 10.9577 -78.4369 21.5631 0.0023 0.00 11000000.00 6100329.69 0.0000 3.3429 0.1674
1.808000 1 0.000000 0.000000 0.000000 2 4.520000 10.000000 0.000000 10.9741 -78.4733 21.5267 0.0024 0.00 11000000.00 6099674.37 0.0000 3.3430 0.1676
1.824000 1 0.000000 0.000000 0.000000 2 4.560000 10.000000 0.000000 10.9906 -78.5100 21.4900 0.0025 0.00 11000000.00 6098990.68 0.0000 3.3432 0.1679
1.840000 1 0.000000 0.000000 0.000000 2 4.600000 10.000000 0.000000 11.0073 -78.5468 21.4532 0.0026 0.00 11000000.00 6098277.31 0.0000 3.3433 0.1682
1.856000 1 0.000000 0.000000 0.000000 2 4.640000 10.000000 0.000000 11.0240 -78.5838 21.4162 0.0027 0.00 11000000.00 6097532.87 0.0000 3.3435 0.1685
1.872000 1 0.000000 0.000000 0.000000 2 4.680000 10.000000 0.000000 11.0409 -78.6211 21.3789 0.0028 0.00 11000000.00 6096755.93 0.0000 3.3437 0.1689
1.888000 1 0.000000 0.000000 0.000000 2 4.720000 10.000000 0.000000 11.0580 -78.6585 21.3415 0.0029 0.00 11000000.00 6095944.96 0.0000 3.3438 0.1692
1.904000 1 0.000000 0.000000 0.000000 2 4.760000 10.000000 0.000000 11.0751 -78.6962 21.3038 0.0030 0.00 11000000.00 6095098.39 0.0000 3.3440 0.1695
1.920000 1 0.000000 0.000000 0.000000 2 4.800000 10.000000 0.000000 11.0923 -78.7340 21.2660 0.0031 0.00 11000000.00 6094214.55 0.0000 3.3442 0.1699
1.936000 1 0.000000 0.000000 0.000000 2 4.840000 10.000000 0.000000 11.1097 -78.7721 21.2279 0.0033 0.00 11000000.00 6093291.69 0.0000 3.3444 0.1703
1.952000 1 0.000000 0.000000 0.000000 2 4.880000 10.000000 0.000000 11.1272 -78.8103 21.1897 0.0034 0.00 11000000.00 6092327.98 0.0000 3.3446 0.1707
1.968000 1 0.000000 0.000000 0.000000 2 4.920000 10.000000 0.000000 11.1448 -78.8488 21.1512 0.0035 0.00 11000000.00 6091321.50 0.0000 3.3449 0.1711
1.984000 1 0.000000 0.000000 0.000000 2 4.960000 10.000000 0.000000 11.1625 -78.8874 21.1126 0.0037 0.00 11000000.00 6090270.23 0.0000 3.3451 0.1716
2.000000 1 0.000000 0.000000 0.000000 2 5.000000 10.000000 0.000000 11.1803 -78.9262 21.0738 0.0038 0.00 11000000.00 6089172.06 0.0000 3.3453 0.1720
2.016000 1 0.000000 0.000000 0.000000 2 5.040000 10.000000 0.000000 11.1983 -78.9652 21.0348 0.0040 0.00 11000000.00 6088024.77 0.0000 3.3456 0.1725
2.032000 1 0.000000 0.000000 0.000000 2 5.080000 10.000000 0.000000 11.2163 -79.0044 20.9956 0.0041 0.00 11000000.00 6086826.03 0.0000 3.3459 0.1730
2.048000 1 0.000000 0.000000 0.000000 2 5.120000 10.000000 0.000000 11.2345 -79.0438 20.9562 0.0043 0.00 11000000.00 6085573.41 0.0000 3.3461 0.1735
2.064000 1 0.000000 0.000000 0.000000 2 5.160000 10.000000 0.000000 11.2528 -79.0833 20.9167 0.0044 0.00 11000000.00 6084264.33 0.0000 3.3464 0.1741
2.080000 1 0.000000 0.000000 0.000000 2 5.200000 10.000000 0.000000 11.2712 -79.1231 20.8769 0.0046 0.00 11000000.00 6082896.10 0.0000 3.3467 0.1746
2.096000 1 0.000000 0.000000 0.000000 2 5.240000 10.000000 0.000000 11.2897 -79.1630 20.8370 0.0048 0.00 11000000.00 6081465.92 0.0000 3.3470 0.1752
2.112000 1 0.000000 0.000000 0.000000 2 5.280000 10.000000 0.000000 11.3083 -79.2030 20.7970 0.0050 0.01 11000000.00 6079970.80 0.0000 3.3474 0.1759
2.128000 1 0.000000 0.000000 0.000000 2 5.320000 10.000000 0.000000 11.3271 -79.2433 20.7567 0.0052 0.01 11000000.00 6078407.65 0.0000 3.3477 0.1765
2.144000 1 0.000000 0.000000 0.000000 2 5.360000 10.000000 0.000000 11.3459 -79.2837 20.7163 0.0054 0.01 11000000.00 6076773.21 0.0000 3.3481 0.1772
2.160000 1 0.000000 0.000000 0.000000 2 5.400000 10.000000 0.000000 11.3649 -79.3243 20.6757 0.0057 0.01 11000000.00 6075064.03 0.0000 3.3485 0.1779
2.176000 1 0.000000 0.000000 0.000000 2 5.440000 10.000000 0.000000 11.3839 -79.3651 20.6349 0.0059 0.01 11000000.00 6073276.54 0.0000 3.3489 0.1787
2.192000 1 0.000000 0.000000 0.000000 2 5.480000 10.000000 0.000000 11.4031 -79.4060 20.5940 0.0061 0.01 11000000.00 6071406.95 0.0000 3.3493 0.1794
2.208000 1 0.000000 0.000000 0.000000 2 5.520000 10.000000 0.000000 11.4224 -79.4471 20.5529 0.0064 0.01 11000000.00 6069451.30 0.0000 3.3497 0.1803
2.224000 1 0.000000 0.000000 0.000000 2 5.560000 10.000000 0.000000 11.4417 -79.4883 20.5117 0.0067 0.01 11000000.00 6067405.43 0.0000 3.3502 0.1811
2.240000 1 0.000000 0.000000 0.000000 2 5.600000 10.000000 0.000000 11.4612 -79.5297 20.4703 0.0069 0.01 11000000.00 6065264.98 0.0000 3.3506 0.1820
2.256000 1 0.000000 0.000000 0.000000 2 5.640000 10.000000 0.000000 11.4808 -79.5712 20.4288 0.0072 0.01 11000000.00 6063025.35 0.0000 3.3511 0.1829
2.272000 1 0.000000 0.000000 0.000000 2 5.680000 10.000000 0.000000 11.5005 -79.6129 20.3871 0.0076 0.01 11000000.00 6060681.72 0.0000 3.3517 0.1839
2.288000 1 0.000000 0.000000 0.000000 2 5.720000 10.000000 0.000000 11.5203 -79.6548 20.3452 0.0079 0.01 11000000.00 6058229.05 0.0000 3.3522 0.1850
2.304000 1 0.000000 0.000000 0.000000 2 5.760000 10.000000 0.000000 11.5403 -79.6968 20.3032 0.0082 0.01 11000000.00 6055662.01 0.0000 3.3528 0.1860
2.320000 1 0.000000 0.000000 0.000000 2 5.800000 10.000000 0.000000 11.5603 -79.7389 20.2611 0.0086 0.01 11000000.00 6052975.03 0.0000 3.3534 0.1872
2.336000 1 0.000000 0.000000 0.000000 2 5.840000 10.000000 0.000000 11.5804 -79.7812 20.2188 0.0089 0.01 11000000.00 6050162.24 0.0000 3.3540 0.1883
2.352000 1 0.000000 0.000000 0.000000 2 5.880000 10.000000 0.000000 11.6006 -79.8237 20.1763 0.0093 0.01 11000000.00 6047217.50 0.0000 3.3547 0.1896
2.368000 1 0.000000 0.000000 0.000000 2 5.920000 10.000000 0.000000 11.6209 -79.8662 20.1338 0.0097 0.01 11000000.00 6044134.34 0.0000 3.3554 0.1909
2.384000 1 0.000000 0.000000 0.000000 2 5.960000 10.000000 0.000000 11.6414 -79.9090 20.0910 0.0102 0.01 11000000.00 6040905.97 0.0000 3.3561 0.1922
2.400000 1 0.000000 0.000000 0.000000 2 6.000000 10.000000 0.000000 11.6619 -79.9518 20.0482 0.0106 0.01 11000000.00 6037525.24 0.0000 3.3568 0.1936
2.416000 1 0.000000 0.000000 0.000000 2 6.040000 10.000000 0.000000 11.6825 -79.9948 20.0052 0.0111 0.01 11000000.00 6033984.68 0.0000 3.3576 0.1951
2.432000 1 0.000000 0.000000 0.000000 2 6.080000 10.000000 0.000000 11.7033 -80.0379 19.9621 0.0116 0.01 11000000.00 6030276.39 0.0000 3.3585 0.1967
2.448000 1 0.000000 0.000000 0.000000 2 6.120000 10.000000 0.000000 11.7241 -80.0812 19.9188 0.0121 0.01 11000000.00 6026392.12 0.0000 3.3594 0.1983
2.464000 1 0.000000 0.000000 0.000000 2 6.160000 10.000000 0.000000 11.7450 -80.1245 19.8755 0.0126 0.01 11000000.00 6022323.16 0.0000 3.3603 0.2000
2.480000 1 0.000000 0.000000 0.000000 2 6.200000 10.000000 0.000000 11.7661 -80.1680 19.8320 0.0132 0.01 11000000.00 6018060.38 0.0000 3.3612 0.2018
2.496000 1 0.000000 0.000000 0.000000 2 6.240000 10.000000 0.000000 11.7872 -80.2117 19.7883 0.0137 0.01 11000000.00 6013594.19 0.0000 3.3622 0.2037
2.512000 1 0.000000 0.000000 0.000000 2 6.280000 10.000000 0.000000 11.8084 -80.2554 19.7446 0.0144 0.01 11000000.00 6008914.48 0.0000 3.3633 0.2056
2.528000 1 0.000000 0.000000 0.000000 2 6.320000 10.000000 0.000000 11.8297 -80.2993 19.7007 0.0150 0.02 11000000.00 6004010.66 0.0000 3.3644 0.2077
2.544000 1 0.000000 0.000000 0.000000 2 6.360000 10.000000 0.000000 11.8511 -80.3433 19.6567 0.0157 0.02 11000000.00 5998871.58 0.0000 3.3656 0.2098
2.560000 1 0.000000 0.000000 0.000000 2 6.400000 10.000000 0.000000 11.8727 -80.3874 19.6126 0.0164 0.02 11000000.00 5993485.53 0.0000 3.3668 0.2121
2.576000 1 0.000000 0.000000 0.000000 2 6.440000 10.000000 0.000000 11.8943 -80.4316 19.5684 0.0171 0.02 11000000.00 5987840.19 0.0000 3.3681 0.2145
2.592000 1 0.000000 0.000000 0.000000 2 6.480000 10.000000 0.000000 11.9160 -80.4760 19.5240 0.0179 0.02 11000000.00 5981922.62 0.0000 3.3695 0.2170
2.608000 1 0.000000 0.000000 0.000000 2 6.520000 10.000000 0.000000 11.9378 -80.5204 19.4796 0.0187 0.02 11000000.00 5975719.20 0.0000 3.3709 0.2196
2.624000 1 0.000000 0.000000 0.000000 2 6.560000 10.000000 0.000000 11.9597 -80.5650 19.4350 0.0196 0.02 11000000.00 5969215.63 0.0000 3.3724 0.2223
2.640000 1 0.000000 0.000000 0.000000 2 6.600000 10.000000 0.000000 11.9817 -80.6097 19.3903 0.0205 0.02 11000000.00 5962396.85 0.0000 3.3739 0.2252
2.656000 1 0.000000 0.000000 0.000000 2 6.640000 10.000000 0.000000 12.0037 -80.6544 19.3456 0.0214 0.02 11000000.00 5955247.04 0.0000 3.3756 0.2282
2.672000 1 0.000000 0.000000 0.000000 2 6.680000 10.000000 0.000000 12.0259 -80.6993 19.3007 0.0224 0.02 11000000.00 5947749.56 0.0000 3.3773 0.2314
2.688000 1 0.000000 0.000000 0.000000 2 6.720000 10.000000 0.000000 12.0482 -80.7443 19.2557 0.0234 0.02 11000000.00 5939886.90 0.0000 3.3792 0.2347
2.704000 1 0.000000 0.000000 0.000000 2 6.760000 10.000000 0.000000 12.0705 -80.7894 19.2106 0.0245 0.03 11000000.00 5931640.65 0.0000 3.3811 0.2382
2.720000 1 0.000000 0.000000 0.000000 2 6.800000 10.000000 0.000000 12.0930 -80.8346 19.1654 0.0256 0.03 11000000.00 5922991.44 0.0000 3.3831 0.2418
2.736000 1 0.000000 0.000000 0.000000 2 6.840000 10.000000 0.000000 12.1155 -80.8799 19.1201 0.0268 0.03 11000000.00 5913918.89 0.0000 3.3852 0.2456
2.752000 1 0.000000 0.000000 0.000000 2 6.880000 10.000000 0.000000 12.1381 -80.9252 19.0748 0.0281 0.03 11000000.00 5904401.55 0.0000 3.3874 0.2497
2.768000 1 0.000000 0.000000 0.000000 2 6.920000 10.000000 0.000000 12.1609 -80.9707 19.0293 0.0294 0.03 11000000.00 5894416.86 0.0000 3.3898 0.2539
2.784000 1 0.000000 0.000000 0.000000 2 6.960000 10.000000 0.000000 12.1837 -81.0163 18.9837 0.0307 0.03 11000000.00 5883941.08 0.0000 3.3923 0.2583
2.800000 1 0.000000 0.000000 0.000000 2 7.000000 10.000000 0.000000 12.2066 -81.0619 18.9381 0.0322 0.03 11000000.00 5872949.20 0.0000 3.3949 0.2630
2.816000 1 0.000000 0.000000 0.000000 2 7.040000 10.000000 0.000000 12.2295 -81.1077 18.8923 0.0337 0.03 11000000.00 5861414.91 0.0000 3.3976 0.2679
2.832000 1 0.000000 0.000000 0.000000 2 7.080000 10.000000 0.000000 12.2526 -81.1535 18.8465 0.0353 0.04 11000000.00 5849310.50 0.0000 3.4005 0.2730
2.848000 1 0.000000 0.000000 0.000000 2 7.120000 10.000000 0.000000 12.2758 -81.1994 18.8006 0.0369 0.04 11000000.00 5836606.79 0.0000 3.4036 0.2784
2.864000 1 0.000000 0.000000 0.000000 2 7.160000 10.000000 0.000000 12.2990 -81.2454 18.7546 0.0386 0.04 11000000.00 5823273.04 0.0000 3.4068 0.2841
2.880000 1 0.000000 0.000000 0.000000 2 7.200000 10.000000 0.000000 12.3223 -81.2915 18.7085 0.0405 0.04 11000000.00 5809276.90 0.0000 3.4102 0.2901
2.896000 1 0.000000 0.000000 0.000000 2 7.240000 10.000000 0.000000 12.3458 -81.3377 18.6623 0.0424 0.04 11000000.00 5794584.24 0.0000 3.4137 0.2964
2.912000 1 0.000000 0.000000 0.000000 2 7.280000 10.000000 0.000000 12.3693 -81.3840 18.6160 0.0444 0.05 11000000.00 5779159.12 0.0000 3.4175 0.3029
2.928000 1 0.000000 0.000000 0.000000 2 7.320000 10.000000 0.000000 12.3928 -81.4303 18.5697 0.0465 0.05 11000000.00 5762963.64 0.0000 3.4215 0.3099
2.944000 1 0.000000 0.000000 0.000000 2 7.360000 10.000000 0.000000 12.4165 -81.4767 18.5233 0.0487 0.05 11000000.00 5745957.87 0.0000 3.4257 0.3172
2.960000 1 0.000000 0.000000 0.000000 2 7.400000 10.000000 0.000000 12.4403 -81.5232 18.4768 0.0510 0.05 11000000.00 5728099.66 0.0000 3.4301 0.3248
2.976000 1 0.000000 0.000000 0.000000 2 7.440000 10.000000 0.000000 12.4641 -81.5697 18.4303 0.0534 0.06 11000000.00 5709344.58 0.0000 3.4348 0.3329
2.992000 1 0.000000 0.000000 0.000000 2 7.480000 10.000000 0.000000 12.4880 -81.6163 18.3837 0.0560 0.06 11000000.00 5689645.73 0.0000 3.4398 0.3414
3.008000 1 0.000000 0.000000 0.000000 2 7.520000 10.000000 0.000000 12.5120 -81.6630 18.3370 0.0587 0.06 11000000.00 5668953.60 0.0000 3.4451 0.3503
3.024000 1 0.000000 0.000000 0.000000 2 7.560000 10.000000 0.000000 12.5361 -81.7098 18.2902 0.0615 0.07 11000000.00 5647215.94 0.0000 3.4506 0.3597
3.040000 1 0.000000 0.000000 0.000000 2 7.600000 10.000000 0.000000 12.5603 -81.7566 18.2434 0.0644 0.07 11000000.00 5624377.51 0.0000 3.4565 0.3696
3.056000 1 0.000000 0.000000 0.000000 2 7.640000 10.000000 0.000000 12.5845 -81.8035 18.1965 0.0675 0.07 11000000.00 5600380.00 0.0000 3.4628 0.3800
3.072000 1 0.000000 0.000000 0.000000 2 7.680000 10.000000 0.000000 12.6088 -81.8505 18.1495 0.0708 0.08 11000000.00 5575161.70 0.0000 3.4694 0.3910
3.088000 1 0.000000 0.000000 0.000000 2 7.720000 10.000000 0.000000 12.6332 -81.8975 18.1025 0.0742 0.08 11000000.00 5548657.41 0.0000 3.4764 0.4025
3.104000 1 0.000000 0.000000 0.000000 2 7.760000 10.000000 0.000000 12.6577 -81.9446 18.0554 0.0778 0.08 11000000.00 5520798.08 0.0000 3.4838 0.4147
3.120000 1 0.000000 0.000000 0.000000 2 7.800000 10.000000 0.000000 12.6823 -81.9918 18.0082 0.0815 0.09 11000000.00 5491510.66 0.0000 3.4918 0.4276
3.136000 1 0.000000 0.000000 0.000000 2 7.840000 10.000000 0.000000 12.7069 -82.0390 17.9610 0.0855 0.09 11000000.00 5460717.74 0.0000 3.5002 0.4411
3.152000 1 0.000000 0.000000 0.000000 2 7.880000 10.000000 0.000000 12.7316 -82.0862 17.9138 0.0896 0.10 11000000.00 5428337.29 0.0000 3.5091 0.4554
3.168000 1 0.000000 0.000000 0.000000 2 7.920000 10.000000 0.000000 12.7564 -82.1335 17.8665 0.0939 0.10 11000000.00 5394282.34 0.0000 3.5186 0.4705
3.184000 1 0.000000 0.000000 0.000000 2 7.960000 10.000000 0.000000 12.7813 -82.1809 17.8191 0.0985 0.11 11000000.00 5358460.59 0.0000 3.5288 0.4865
3.200000 1 0.000000 0.000000 0.000000 2 8.000000 10.000000 0.000000 12.8062 -82.2283 17.7717 0.1033 0.12 11000000.00 5320774.07 0.0000 3.5396 0.5033
3.216000 1 0.000000 0.000000 0.000000 2 8.040000 10.000000 0.000000 12.8313 -82.2758 17.7242 0.1083 0.12 11000000.00 5281118.72 0.0000 3.5512 0.5211
3.232000 1 0.000000 0.000000 0.000000 2 8.080000 10.000000 0.000000 12.8564 -82.3234 17.6766 0.1136 0.13 11000000.00 5239383.93 0.0000 3.5635 0.5399
3.248000 1 0.000000 0.000000 0.000000 2 8.120000 10.000000 0.000000 12.8816 -82.3709 17.6291 0.1191 0.14 11000000.00 5195452.12 0.0000 3.5768 0.5598
3.264000 1 0.000000 0.000000 0.000000 2 8.160000 10.000000 0.000000 12.9068 -82.4186 17.5814 0.1249 0.14 11000000.00 5149198.21 0.0000 3.5909 0.5809
3.280000 1 0.000000 0.000000 0.000000 2 8.200000 10.000000 0.000000 12.9321 -82.4662 17.5338 0.1310 0.15 11000000.00 5100489.14 0.0000 3.6061 0.6033
3.296000 1 0.000000 0.000000 0.000000 2 8.240000 10.000000 0.000000 12.9575 -82.5140 17.4860 0.1374 0.16 11000000.00 5049183.34 0.0000 3.6224 0.6270
3.312000 1 0.000000 0.000000 0.000000 2 8.280000 10.000000 0.000000 12.9830 -82.5617 17.4383 0.1441 0.17 11000000.00 4995130.23 0.0000 3.6400 0.6522
3.328000 1 0.000000 0.000000 0.000000 2 8.320000 10.000000 0.000000 13.0086 -82.6095 17.3905 0.1512 0.18 11000000.00 4938169.73 0.0000 3.6589 0.6789
3.344000 1 0.000000 0.000000 0.000000 2 8.360000 10.000000 0.000000 13.0342 -82.6574 17.3426 0.1586 0.19 11000000.00 4878131.84 0.0000 3.6793 0.7073
3.360000 1 0.000000 0.000000 0.000000 2 8.400000 10.000000 0.000000 13.0599 -82.7053 17.2947 0.1664 0.20 11000000.00 4814836.27 0.0000 3.7014 0.7376
3.376000 1 0.000000 0.000000 0.000000 2 8.440000 10.000000 0.000000 13.0856 -82.7532 17.2468 0.1746 0.21 11000000.00 4748092.35 0.0000 3.7253 0.7699
3.392000 1 0.000000 0.000000 0.000000 2 8.480000 10.000000 0.000000 13.1115 -82.8012 17.1988 0.1831 0.22 11000000.00 4677699.00 0.0000 3.7513 0.8043
3.408000 1 0.000000 0.000000 0.000000 2 8.520000 10.000000 0.000000 13.1374 -82.8492 17.1508 0.1921 0.24 11000000.00 4603445.22 0.0000 3.7795 0.8411
3.424000 1 0.000000 0.000000 0.000000 2 8.560000 10.000000 0.000000 13.1633 -82.8972 17.1028 0.2016 0.25 11000000.00 4525110.90 0.0000 3.8103 0.8804
3.440000 1 0.000000 0.000000 0.000000 2 8.600000 10.000000 0.000000 13.1894 -82.9453 17.0547 0.2115 0.27 11000000.00 4442468.41 0.0000 3.8440 0.9226
3.456000 1 0.000000 0.000000 0.000000 2 8.640000 10.000000 0.000000 13.2155 -82.9934 17.0066 0.2219 0.29 11000000.00 4355284.93 0.0000 3.8809 0.9678
3.472000 1 0.000000 0.000000 0.000000 2 8.680000 10.000000 0.000000 13.2417 -83.0416 16.9584 0.2329 0.30 11000000.00 4263325.99 0.0000 3.9215 1.0165
3.488000 1 0.000000 0.000000 0.000000 2 8.720000 10.000000 0.000000 13.2679 -83.0897 16.9103 0.2444 0.32 11000000.00 4166360.37 0.0001 3.9662 1.0688
3.504000 1 0.000000 0.000000 0.000000 2 8.760000 10.000000 0.000000 13.2943 -83.1379 16.8621 0.2565 0.34 11000000.00 4064166.79 0.0001 4.0157 1.1253
3.520000 1 0.000000 0.000000 0.000000 2 8.800000 10.000000 0.000000 13.3207 -83.1862 16.8138 0.2691 0.37 11000000.00 3956542.65 0.0001 4.0705 1.1863
3.536000 1 0.000000 0.000000 0.000000 2 8.840000 10.000000 0.000000 13.3471 -83.2344 16.7656 0.2824 0.39 11000000.00 3843315.30 0.0001 4.1315 1.2523
3.552000 1 0.000000 0.000000 0.000000 2 8.880000 10.000000 0.000000 13.3736 -83.2827 16.7173 0.2964 0.42 11000000.00 3724355.98 0.0002 4.1996 1.3238
3.568000 1 0.000000 0.000000 0.000000 2 8.920000 10.000000 0.000000 13.4002 -83.3310 16.6690 0.3111 0.45 11000000.00 3599596.63 0.0003 4.2758 1.4014
3.584000 1 0.000000 0.000000 0.000000 2 8.960000 10.000000 0.000000 13.4269 -83.3794 16.6206 0.3265 0.48 11000000.00 3469049.45 0.0004 4.3615 1.4856
3.600000 1 0.000000 0.000000 0.000000 2 9.000000 10.000000 0.000000 13.4536 -83.4277 16.5723 0.3427 0.52 11000000.00 3332828.72 0.0006 4.4580 1.5772
3.616000 1 0.000000 0.000000 0.000000 2 9.040000 10.000000 0.000000 13.4804 -83.4761 16.5239 0.3596 0.56 11000000.00 3191173.94 0.0008 4.5671 1.6766
3.632000 1 0.000000 0.000000 0.000000 2 9.080000 10.000000 0.000000 13.5073 -83.5245 16.4755 0.3775 0.60 11000000.00 3044472.64 0.0011 4.6908 1.7846
3.648000 1 0.000000 0.000000 0.000000 2 9.120000 10.000000 0.000000 13.5342 -83.5729 16.4271 0.3962 0.65 11000000.00 2893280.76 0.0015 4.8314 1.9017
3.664000 1 0.000000 0.000000 0.000000 2 9.160000 10.000000 0.000000 13.5612 -83.6214 16.3786 0.4159 0.71 11000000.00 2738337.50 0.0022 4.9916 2.0285
3.680000 1 0.000000 0.000000 0.000000 2 9.200000 10.000000 0.000000 13.5882 -83.6698 16.3302 0.4365 0.77 11000000.00 2580571.71 0.0030 5.1745 2.2523
3.696000 1 0.000000 0.000000 0.000000 2 9.240000 10.000000 0.000000 13.6153 -83.7183 16.2817 0.4582 0.84 11000000.00 2421096.24 0.0042 5.3836 2.5042
3.712000 1 0.000000 0.000000 0.000000 2 9.280000 10.000000 0.000000 13.6425 -83.7668 16.2332 0.4810 0.92 11000000.00 2261187.97 0.0060 5.6229 2.7824
3.728000 1 0.000000 0.000000 0.000000 2 9.320000 10.000000 0.000000 13.6698 -83.8153 16.1847 0.5049 1.00 11000000.00 2102251.81 0.0084 5.8968 3.0871
3.744000 1 0.000000 0.000000 0.000000 2 9.360000 10.000000 0.000000 13.6971 -83.8639 16.1361 0.5300 1.10 11000000.00 1945769.70 0.0117 6.2102 3.4182
3.760000 1 0.000000 0.000000 0.000000 2 9.400000 10.000000 0.000000 13.7244 -83.9124 16.0876 0.5564 1.22 11000000.00 1793237.17 0.0165 6.5683 3.7737
3.776000 1 0.000000 0.000000 0.000000 2 9.440000 10.000000 0.000000 13.7519 -83.9610 16.0390 0.5840 1.35 11000000.00 1646093.02 0.0232 6.9766 4.1504
3.792000 1 0.000000 0.000000 0.000000 2 9.480000 10.000000 0.000000 13.7793 -84.0095 15.9905 0.6131 1.50 11000000.00 1505648.93 0.0326 7.4408 4.5860
3.808000 1 0.000000 0.000000 0.000000 2 9.520000 10.000000 0.000000 13.8069 -84.0581 15.9419 0.6436 1.68 11000000.00 1373026.47 0.0458 7.9664 5.1503
3.824000 1 0.000000 0.000000 0.000000 2 9.560000 10.000000 0.000000 13.8345 -84.1067 15.8933 0.6757 1.88 11000000.00 1249108.37 0.0643 8.5583 5.7405
3.840000 1 0.000000 0.000000 0.000000 2 9.600000 10.000000 0.000000 13.8622 -84.1553 15.8447 0.7093 2.13 11000000.00 1134508.78 0.0903 9.2207 6.3432
3.856000 1 0.000000 0.000000 0.000000 2 9.640000 10.000000 0.000000 13.8899 -84.2039 15.7961 0.0050 0.01 5500000.00 3852719.90 0.0000 4.1263 0.1837
3.872000 1 0.000000 0.000000 0.000000 2 9.680000 10.000000 0.000000 13.9177 -84.2525 15.7475 0.0053 0.01 5500000.00 3851603.51 0.0000 4.1269 0.1848
3.888000 1 0.000000 0.000000 0.000000 2 9.720000 10.000000 0.000000 13.9456 -84.3011 15.6989 0.0055 0.01 5500000.00 3850431.27 0.0000 4.1276 0.1861
3.904000 1 0.000000 0.000000 0.000000 2 9.760000 10.000000 0.000000 13.9735 -84.3497 15.6503 0.0058 0.01 5500000.00 3849200.42 0.0000 4.1282 0.1874
3.920000 1 0.000000 0.000000 0.000000 2 9.800000 10.000000 0.000000 14.0014 -84.3984 15.6016 0.0061 0.01 5500000.00 3847908.01 0.0000 4.1289 0.1887
3.936000 1 0.000000 0.000000 0.000000 2 9.840000 10.000000 0.000000 14.0295 -84.4470 15.5530 0.0064 0.01 5500000.00 3846551.00 0.0000 4.1297 0.1902
3.952000 1 0.000000 0.000000 0.000000 2 9.880000 10.000000 0.000000 14.0575 -84.4956 15.5044 0.0067 0.01 5500000.00 3845126.17 0.0000 4.1305 0.1917
3.968000 1 0.000000 0.000000 0.000000 2 9.920000 10.000000 0.000000 14.0857 -84.5443 15.4557 0.0071 0.01 5500000.00 3843630.14 0.0000 4.1313 0.1933
3.984000 1 0.000000 0.000000 0.000000 2 9.960000 10.000000 0.000000 14.1139 -84.5929 15.4071 0.0074 0.01 5500000.00 3842059.36 0.0000 4.1322 0.1949
4.000000 1 0.000000 0.000000 0.000000 2 10.000000 10.000000 0.000000 14.1421 -84.6416 15.3584 0.0078 0.01 5500000.00 3840410.13 0.0000 4.1331 0.1967
4.016000 1 0.000000 0.000000 0.000000 2 10.040000 10.000000 0.000000 14.1704 -84.6902 15.3098 0.0082 0.01 5500000.00 3838678.54 0.0000 4.1341 0.1985
4.032000 1 0.000000 0.000000 0.000000 2 10.080000 10.000000 0.000000 14.1988 -84.7388 15.2612 0.0086 0.01 5500000.00 3836860.51 0.0000 4.1351 0.2004
4.048000 1 0.000000 0.000000 0.000000 2 10.120000 10.000000 0.000000 14.2272 -84.7875 15.2125 0.0090 0.01 5500000.00 3834951.74 0.0000 4.1361 0.2024
4.064000 1 0.000000 0.000000 0.000000 2 10.160000 10.000000 0.000000 14.2557 -84.8361 15.1639 0.0094 0.01 5500000.00 3832947.72 0.0000 4.1373 0.2046
4.080000 1 0.000000 0.000000 0.000000 2 10.200000 10.000000 0.000000 14.2843 -84.8847 15.1153 0.0099 0.01 5500000.00 3830843.74 0.0000 4.1384 0.2068
4.096000 1 0.000000 0.000000 0.000000 2 10.240000 10.000000 0.000000 14.3128 -84.9334 15.0666 0.0104 0.01 5500000.00 3828634.83 0.0000 4.1397 0.2091
4.112000 1 0.000000 0.000000 0.000000 2 10.280000 10.000000 0.000000 14.3415 -84.9820 15.0180 0.0109 0.01 5500000.00 3826315.78 0.0000 4.1410 0.2116
4.128000 1 0.000000 0.000000 0.000000 2 10.320000 10.000000 0.000000 14.3702 -85.0306 14.9694 0.0115 0.01 5500000.00 3823881.15 0.0000 4.1423 0.2142
4.144000 1 0.000000 0.000000 0.000000 2 10.360000 10.000000 0.000000 14.3989 -85.0792 14.9208 0.0120 0.01 5500000.00 3821325.21 0.0000 4.1438 0.2169
4.160000 1 0.000000 0.000000 0.000000 2 10.400000 10.000000 0.000000 14.4278 -85.1278 14.8722 0.0126 0.01 5500000.00 3818641.94 0.0000 4.1453 0.2197
4.176000 1 0.000000 0.000000 0.000000 2 10.440000 10.000000 0.000000 14.4566 -85.1764 14.8236 0.0133 0.01 5500000.00 3815825.05 0.0000 4.1468 0.2227
4.192000 1 0.000000 0.000000 0.000000 2 10.480000 10.000000 0.000000 14.4855 -85.2250 14.7750 0.0139 0.01 5500000.00 3812867.91 0.0000 4.1485 0.2258
4.208000 1 0.000000 0.000000 0.000000 2 10.520000 10.000000 0.000000 14.5145 -85.2736 14.7264 0.0146 0.01 5500000.00 3809763.60 0.0000 4.1503 0.2291
4.224000 1 0.000000 0.000000 0.000000 2 10.560000 10.000000 0.000000 14.5435 -85.3222 14.6778 0.0154 0.02 5500000.00 3806504.84 0.0000 4.1521 0.2326
4.240000 1 0.000000 0.000000 0.000000 2 10.600000 10.000000 0.000000 14.5726 -85.3708 14.6292 0.0161 0.02 5500000.00 3803083.97 0.0000 4.1540 0.2362
4.256000 1 0.000000 0.000000 0.000000 2 10.640000 10.000000 0.000000 14.6017 -85.4193 14.5807 0.0169 0.02 5500000.00 3799493.01 0.0000 4.1561 0.2400
4.272000 1 0.000000 0.000000 0.000000 2 10.680000 10.000000 0.000000 14.6309 -85.4679 14.5321 0.0178 0.02 5500000.00 3795723.53 0.0000 4.1582 0.2440
4.288000 1 0.000000 0.000000 0.000000 2 10.720000 10.000000 0.000000 14.6601 -85.5164 14.4836 0.0186 0.02 5500000.00 3791766.71 0.0000 4.1605 0.2482
4.304000 1 0.000000 0.000000 0.000000 2 10.760000 10.000000 0.000000 14.6894 -85.5649 14.4351 0.0196 0.02 5500000.00 3787613.32 0.0000 4.1628 0.2526
4.320000 1 0.000000 0.000000 0.000000 2 10.800000 10.000000 0.000000 14.7187 -85.6134 14.3866 0.0205 0.02 5500000.00 3783253.63 0.0000 4.1653 0.2573
4.336000 1 0.000000 0.000000 0.000000 2 10.840000 10.000000 0.000000 14.7481 -85.6619 14.3381 0.0216 0.02 5500000.00 3778677.46 0.0000 4.1680 0.2621
4.352000 1 0.000000 0.000000 0.000000 2 10.880000 10.000000 0.000000 14.7775 -85.7104 14.2896 0.0226 0.02 5500000.00 3773874.12 0.0000 4.1707 0.2672
4.368000 1 0.000000 0.000000 0.000000 2 10.920000 10.000000 0.000000 14.8070 -85.7588 14.2412 0.0238 0.02 5500000.00 3768832.41 0.0000 4.1736 0.2726
4.384000 1 0.000000 0.000000 0.000000 2 10.960000 10.000000 0.000000 14.8365 -85.8073 14.1927 0.0249 0.03 5500000.00 3763540.55 0.0000 4.1767 0.2782
4.400000 1 0.000000 0.000000 0.000000 2 11.000000 10.000000 0.000000 14.8661 -85.8557 14.1443 0.0262 0.03 5500000.00 3757986.19 0.0000 4.1799 0.2841
4.416000 1 0.000000 0.000000 0.000000 2 11.040000 10.000000 0.000000 14.8957 -85.9041 14.0959 0.0275 0.03 5500000.00 3752156.38 0.0000 4.1833 0.2904
4.432000 1 0.000000 0.000000 0.000000 2 11.080000 10.000000 0.000000 14.9254 -85.9525 14.0475 0.0288 0.03 5500000.00 3746037.53 0.0000 4.1868 0.2969
4.448000 1 0.000000 0.000000 0.000000 2 11.120000 10.000000 0.000000 14.9551 -86.0009 13.9991 0.0303 0.03 5500000.00 3739615.36 0.0000 4.1906 0.3037
4.464000 1 0.000000 0.000000 0.000000 2 11.160000 10.000000 0.000000 14.9848 -86.0492 13.9508 0.0318 0.03 5500000.00 3732874.89 0.0000 4.1946 0.3109
4.480000 1 0.000000 0.000000 0.000000 2 11.200000 10.000000 0.000000 15.0147 -86.0976 13.9024 0.0333 0.03 5500000.00 3725800.40 0.0000 4.1987 0.3185
4.496000 1 0.000000 0.000000 0.000000 2 11.240000 10.000000 0.000000 15.0445 -86.1459 13.8541 0.0350 0.04 5500000.00 3718375.40 0.0000 4.2031 0.3264
4.512000 1 0.000000 0.000000 0.000000 2 11.280000 10.000000 0.000000 15.0744 -86.1942 13.8058 0.0367 0.04 5500000.00 3710582.55 0.0000 4.2077 0.3347
4.528000 1 0.000000 0.000000 0.000000 2 11.320000 10.000000 0.000000 15.1044 -86.2425 13.7575 0.0385 0.04 5500000.00 3702403.67 0.0000 4.2126 0.3435
4.544000 1 0.000000 0.000000 0.000000 2 11.360000 10.000000 0.000000 15.1344 -86.2907 13.7093 0.0404 0.04 5500000.00 3693819.66 0.0000 4.2178 0.3527
4.560000 1 0.000000 0.000000 0.000000 2 11.400000 10.000000 0.000000 15.1644 -86.3390 13.6610 0.0424 0.04 5500000.00 3684810.46 0.0000 4.2232 0.3623
4.576000 1 0.000000 0.000000 0.000000 2 11.440000 10.000000 0.000000 15.1945 -86.3872 13.6128 0.0445 0.05 5500000.00 3675355.00 0.0000 4.2289 0.3724
4.592000 1 0.000000 0.000000 0.000000 2 11.480000 10.000000 0.000000 15.2247 -86.4354 13.5646 0.0467 0.05 5500000.00 3665431.16 0.0000 4.2349 0.3831
4.608000 1 0.000000 0.000000 0.000000 2 11.520000 10.000000 0.000000 15.2548 -86.4836 13.5164 0.0490 0.05 5500000.00 3655015.68 0.0000 4.2413 0.3943
4.624000 1 0.000000 0.000000 0.000000 2 11.560000 10.000000 0.000000 15.2851 -86.5317 13.4683 0.0515 0.05 5500000.00 3644084.13 0.0000 4.2480 0.4060
4.640000 1 0.000000 0.000000 0.000000 2 11.600000 10.000000 0.000000 15.3154 -86.5798 13.4202 0.0540 0.06 5500000.00 3632610.82 0.0000 4.2551 0.4184
4.656000 1 0.000000 0.000000 0.000000 2 11.640000 10.000000 0.000000 15.3457 -86.6279 13.3721 0.0567 0.06 5500000.00 3620568.77 0.0000 4.2626 0.4314
4.672000 1 0.000000 0.000000 0.000000 2 11.680000 10.000000 0.000000 15.3760 -86.6760 13.3240 0.0594 0.06 5500000.00 3607929.58 0.0000 4.2706 0.4450
4.688000 1 0.000000 0.000000 0.000000 2 11.720000 10.000000 0.000000 15.4064 -86.7241 13.2759 0.0624 0.07 5500000.00 3594663.38 0.0000 4.2789 0.4593
4.704000 1 0.000000 0.000000 0.000000 2 11.760000 10.000000 0.000000 15.4369 -86.7721 13.2279 0.0654 0.07 5500000.00 3580738.76 0.0000 4.2878 0.4744
4.720000 1 0.000000 0.000000 0.000000 2 11.800000 10.000000 0.000000 15.4674 -86.8201 13.1799 0.0687 0.07 5500000.00 3566122.65 0.0000 4.2972 0.4902
4.736000 1 0.000000 0.000000 0.000000 2 11.840000 10.000000 0.000000 15.4979 -86.8680 13.1320 0.0720 0.08 5500000.00 3550780.22 0.0000 4.3071 0.5069
4.752000 1 0.000000 0.000000 0.000000 2 11.880000 10.000000 0.000000 15.5285 -86.9160 13.0840 0.0756 0.08 5500000.00 3534674.80 0.0000 4.3176 0.5244
4.768000 1 0.000000 0.000000 0.000000 2 11.920000 10.000000 0.000000 15.5591 -86.9639 13.0361 0.0793 0.09 5500000.00 3517767.75 0.0000 4.3287 0.5428
4.784000 1 0.000000 0.000000 0.000000 2 11.960000 10.000000 0.000000 15.5898 -87.0118 12.9882 0.0832 0.09 5500000.00 3500018.33 0.0000 4.3406 0.5621
4.800000 1 0.000000 0.000000 0.000000 2 12.000000 10.000000 0.000000 15.6205 -87.0596 12.9404 0.0872 0.10 5500000.00 3481383.57 0.0000 4.3531 0.5825
4.816000 1 0.000000 0.000000 0.000000 2 12.040000 10.000000 0.000000 15.6512 -87.1075 12.8925 0.0915 0.10 5500000.00 3461818.13 0.0000 4.3664 0.6039
4.832000 1 0.000000 0.000000 0.000000 2 12.080000 10.000000 0.000000 15.6820 -87.1553 12.8447 0.0960 0.11 5500000.00 3441274.17 0.0000 4.3805 0.6265
4.848000 1 0.000000 0.000000 0.000000 2 12.120000 10.000000 0.000000 15.7129 -87.2030 12.7970 0.1007 0.11 5500000.00 3419701.10 0.0000 4.3955 0.6503
4.864000 1 0.000000 0.000000 0.000000 2 12.160000 10.000000 0.000000 15.7437 -87.2508 12.7492 0.1056 0.12 5500000.00 3397045.51 0.0000 4.4115 0.6753
4.880000 1 0.000000 0.000000 0.000000 2 12.200000 10.000000 0.000000 15.7747 -87.2985 12.7015 0.1108 0.12 5500000.00 3373250.89 0.0000 4.4285 0.7016
4.896000 1 0.000000 0.000000 0.000000 2 12.240000 10.000000 0.000000 15.8056 -87.3462 12.6538 0.1162 0.13 5500000.00 3348257.47 0.0000 4.4466 0.7294
4.912000 1 0.000000 0.000000 0.000000 2 12.280000 10.000000 0.000000 15.8366 -87.3938 12.6062 0.1219 0.14 5500000.00 3322001.96 0.0000 4.4660 0.7587
4.928000 1 0.000000 0.000000 0.000000 2 12.320000 10.000000 0.000000 15.8677 -87.4414 12.5586 0.1278 0.15 5500000.00 3294417.37 0.0000 4.4866 0.7896
4.944000 1 0.000000 0.000000 0.000000 2 12.360000 10.000000 0.000000 15.8987 -87.4890 12.5110 0.1340 0.15 5500000.00 3265432.71 0.0000 4.5087 0.8222
4.960000 1 0.000000 0.000000 0.000000 2 12.400000 10.000000 0.000000 15.9298 -87.5366 12.4634 0.1406 0.16 5500000.00 3234972.80 0.0000 4.5323 0.8566
4.976000 1 0.000000 0.000000 0.000000 2 12.440000 10.000000 0.000000 15.9610 -87.5841 12.4159 0.1474 0.17 5500000.00 3202957.98 0.0000 4.5576 0.8929
4.992000 1 0.000000 0.000000 0.000000 2 12.480000 10.000000 0.000000 15.9922 -87.6316 12.3684 0.1546 0.18 5500000.00 3169303.88 0.0000 4.5848 0.9313
5.008000 1 0.000000 0.000000 0.000000 2 12.520000 10.000000 0.000000 16.0234 -87.6790 12.3210 0.1621 0.19 5500000.00 3133921.21 0.0000 4.6140 0.9720
5.024000 1 0.000000 0.000000 0.000000 2 12.560000 10.000000 0.000000 16.0547 -87.7265 12.2735 0.1699 0.20 5500000.00 3096715.56 0.0000 4.6454 1.0150
5.040000 1 0.000000 0.000000 0.000000 2 12.600000 10.000000 0.000000 16.0860 -87.7738 12.2262 0.1782 0.22 5500000.00 3057587.33 0.0000 4.6792 1.0605
5.056000 1 0.000000 0.000000 0.000000 2 12.640000 10.000000 0.000000 16.1174 -87.8212 12.1788 0.1868 0.23 5500000.00 3016431.64 0.0000 4.7158 1.1088
5.072000 1 0.000000 0.000000 0.000000 2 12.680000 10.000000 0.000000 16.1488 -87.8685 12.1315 0.1959 0.24 5500000.00 2973138.49 0.0000 4.7553 1.1601
5.088000 1 0.000000 0.000000 0.000000 2 12.720000 10.000000 0.000000 16.1802 -87.9158 12.0842 0.2054 0.26 5500000.00 2927593.05 0.0000 4.7982 1.2145
5.104000 1 0.000000 0.000000 0.000000 2 12.760000 10.000000 0.000000 16.2117 -87.9630 12.0370 0.2153 0.27 5500000.00 2879676.20 0.0000 4.8448 1.2724
5.120000 1 0.000000 0.000000 0.000000 2 12.800000 10.000000 0.000000 16.2432 -88.0103 11.9897 0.2257 0.29 5500000.00 2829265.49 0.0000 4.8955 1.3341
5.136000 1 0.000000 0.000000 0.000000 2 12.840000 10.000000 0.000000 16.2747 -88.0574 11.9426 0.2366 0.31 5500000.00 2776236.45 0.0000 4.9508 1.3997
5.152000 1 0.000000 0.000000 0.000000 2 12.880000 10.000000 0.000000 16.3063 -88.1046 11.8954 0.2480 0.33 5500000.00 2720464.59 0.0001 5.0113 1.4698
5.168000 1 0.000000 0.000000 0.000000 2 12.920000 10.000000 0.000000 16.3379 -88.1517 11.8483 0.2600 0.35 5500000.00 2661828.02 0.0001 5.0776 1.5446
5.184000 1 0.000000 0.000000 0.000000 2 12.960000 10.000000 0.000000 16.3695 -88.1988 11.8012 0.2725 0.37 5500000.00 2600211.01 0.0001 5.1505 1.6246
5.200000 1 0.000000 0.000000 0.000000 2 13.000000 10.000000 0.000000 16.4012 -88.2458 11.7542 0.2857 0.40 5500000.00 2535508.59 0.0002 5.2309 1.7103
5.216000 1 0.000000 0.000000 0.000000 2 13.040000 10.000000 0.000000 16.4329 -88.2928 11.7072 0.2994 0.43 5500000.00 2467632.32 0.0002 5.3198 1.8020
5.232000 1 0.000000 0.000000 0.000000 2 13.080000 10.000000 0.000000 16.4647 -88.3397 11.6603 0.3138 0.46 5500000.00 2396517.38 0.0003 5.4183 1.9004
5.248000 1 0.000000 0.000000 0.000000 2 13.120000 10.000000 0.000000 16.4965 -88.3867 11.6133 0.3289 0.49 5500000.00 2322130.99 0.0004 5.5278 2.0059
5.264000 1 0.000000 0.000000 0.000000 2 13.160000 10.000000 0.000000 16.5283 -88.4335 11.5665 0.3447 0.53 5500000.00 2244482.12 0.0006 5.6498 2.1191
5.280000 1 0.000000 0.000000 0.000000 2 13.200000 10.000000 0.000000 16.5602 -88.4804 11.5196 0.3612 0.56 5500000.00 2163632.30 0.0008 5.7862 2.2405
5.296000 1 0.000000 0.000000 0.000000 2 13.240000 10.000000 0.000000 16.5921 -88.5272 11.4728 0.3785 0.61 5500000.00 2079706.88 0.0011 5.9390 2.3706
5.312000 1 0.000000 0.000000 0.000000 2 13.280000 10.000000 0.000000 16.6240 -88.5740 11.4260 0.3966 0.65 5500000.00 1992906.30 0.0015 6.1106 2.5098
5.328000 1 0.000000 0.000000 0.000000 2 13.320000 10.000000 0.000000 16.6560 -88.6207 11.3793 0.4156 0.71 5500000.00 1903516.18 0.0021 6.3036 2.6585
5.344000 1 0.000000 0.000000 0.000000 2 13.360000 10.000000 0.000000 16.6880 -88.6674 11.3326 0.4354 0.77 5500000.00 1811914.96 0.0030 6.5212 2.8166
5.360000 1 0.000000 0.000000 0.000000 2 13.400000 10.000000 0.000000 16.7200 -88.7140 11.2860 0.4562 0.83 5500000.00 1718577.81 0.0041 6.7667 3.0931
5.376000 1 0.000000 0.000000 0.000000 2 13.440000 10.000000 0.000000 16.7521 -88.7606 11.2394 0.4780 0.90 5500000.00 1624075.11 0.0057 7.0441 3.4095
5.392000 1 0.000000 0.000000 0.000000 2 13.480000 10.000000 0.000000 16.7842 -88.8072 11.1928 0.5008 0.99 5500000.00 1529064.52 0.0079 7.3575 3.7526
5.408000 1 0.000000 0.000000 0.000000 2 13.520000 10.000000 0.000000 16.8164 -88.8537 11.1463 0.5247 1.08 5500000.00 1434275.70 0.0109 7.7116 4.1218
5.424000 1 0.000000 0.000000 0.000000 2 13.560000 10.000000 0.000000 16.8485 -88.9002 11.0998 0.5496 1.19 5500000.00 1340487.77 0.0152 8.1112 4.5149
5.440000 1 0.000000 0.000000 0.000000 2 13.600000 10.000000 0.000000 16.8808 -88.9467 11.0533 0.5758 1.31 5500000.00 1248500.54 0.0210 8.5615 4.9285
5.456000 1 0.000000 0.000000 0.000000 2 13.640000 10.000000 0.000000 16.9130 -88.9931 11.0069 0.6031 1.45 5500000.00 1159101.48 0.0290 9.0675 5.3573
5.472000 1 0.000000 0.000000 0.000000 2 13.680000 10.000000 0.000000 16.9453 -89.0394 10.9606 0.6317 1.61 5500000.00 1073031.15 0.0401 9.6344 5.7976
5.488000 1 0.000000 0.000000 0.000000 2 13.720000 10.000000 0.000000 16.9776 -89.0858 10.9142 0.6617 1.79 5500000.00 990950.56 0.0555 10.2668 6.4305
5.504000 1 0.000000 0.000000 0.000000 2 13.760000 10.000000 0.000000 17.0099 -89.1321 10.8679 0.6930 2.01 5500000.00 913413.48 0.0768 10.9686 7.0790
5.520000 1 0.000000 0.000000 0.000000 2 13.800000 10.000000 0.000000 17.0423 -89.1783 10.8217 0.7258 2.26 5500000.00 840846.41 0.1061 11.7426 7.7272
5.536000 1 0.000000 0.000000 0.000000 2 13.840000 10.000000 0.000000 17.0747 -89.2245 10.7755 0.0139 0.01 2000000.00 1672250.99 0.0000 6.8988 0.3013
5.552000 1 0.000000 0.000000 0.000000 2 13.880000 10.000000 0.000000 17.1071 -89.2707 10.7293 0.0146 0.01 2000000.00 1671058.44 0.0000 6.9023 0.3080
5.568000 1 0.000000 0.000000 0.000000 2 13.920000 10.000000 0.000000 17.1396 -89.3168 10.6832 0.0153 0.02 2000000.00 1669810.61 0.0000 6.9059 0.3150
5.584000 1 0.000000 0.000000 0.000000 2 13.960000 10.000000 0.000000 17.1721 -89.3629 10.6371 0.0160 0.02 2000000.00 1668504.99 0.0000 6.9098 0.3223
5.600000 1 0.000000 0.000000 0.000000 2 14.000000 10.000000 0.000000 17.2047 -89.4089 10.5911 0.0167 0.02 2000000.00 1667138.97 0.0000 6.9138 0.3300
5.616000 1 0.000000 0.000000 0.000000 2 14.040000 10.000000 0.000000 17.2372 -89.4549 10.5451 0.0175 0.02 2000000.00 1665709.81 0.0000 6.9180 0.3380
5.632000 1 0.000000 0.000000 0.000000 2 14.080000 10.000000 0.000000 17.2698 -89.5008 10.4992 0.0184 0.02 2000000.00 1664214.66 0.0000 6.9224 0.3464
5.648000 1 0.000000 0.000000 0.000000 2 14.120000 10.000000 0.000000 17.3024 -89.5467 10.4533 0.0192 0.02 2000000.00 1662650.53 0.0000 6.9271 0.3552
5.664000 1 0.000000 0.000000 0.000000 2 14.160000 10.000000 0.000000 17.3351 -89.5926 10.4074 0.0201 0.02 2000000.00 1661014.32 0.0000 6.9319 0.3644
5.680000 1 0.000000 0.000000 0.000000 2 14.200000 10.000000 0.000000 17.3678 -89.6384 10.3616 0.0211 0.02 2000000.00 1659302.78 0.0000 6.9370 0.3740
5.696000 1 0.000000 0.000000 0.000000 2 14.240000 10.000000 0.000000 17.4005 -89.6842 10.3158 0.0220 0.02 2000000.00 1657512.50 0.0000 6.9423 0.3840
5.712000 1 0.000000 0.000000 0.000000 2 14.280000 10.000000 0.000000 17.4333 -89.7299 10.2701 0.0231 0.02 2000000.00 1655639.94 0.0000 6.9479 0.3946
5.728000 1 0.000000 0.000000 0.000000 2 14.320000 10.000000 0.000000 17.4660 -89.7756 10.2244 0.0242 0.02 2000000.00 1653681.41 0.0000 6.9538 0.4056
5.744000 1 0.000000 0.000000 0.000000 2 14.360000 10.000000 0.000000 17.4988 -89.8212 10.1788 0.0253 0.03 2000000.00 1651633.03 0.0000 6.9599 0.4171
5.760000 1 0.000000 0.000000 0.000000 2 14.400000 10.000000 0.000000 17.5317 -89.8668 10.1332 0.0265 0.03 2000000.00 1649490.79 0.0000 6.9664 0.4291
5.776000 1 0.000000 0.000000 0.000000 2 14.440000 10.000000 0.000000 17.5646 -89.9124 10.0876 0.0277 0.03 2000000.00 1647250.45 0.0000 6.9731 0.4417
5.792000 1 0.000000 0.000000 0.000000 2 14.480000 10.000000 0.000000 17.5975 -89.9579 10.0421 0.0290 0.03 2000000.00 1644907.62 0.0000 6.9802 0.4549
5.808000 1 0.000000 0.000000 0.000000 2 14.520000 10.000000 0.000000 17.6304 -90.0034 9.9966 0.0303 0.03 2000000.00 1642457.72 0.0000 6.9876 0.4686
5.824000 1 0.000000 0.000000 0.000000 2 14.560000 10.000000 0.000000 17.6633 -90.0488 9.9512 0.0317 0.03 2000000.00 1639895.94 0.0000 6.9954 0.4830
5.840000 1 0.000000 0.000000 0.000000 2 14.600000 10.000000 0.000000 17.6963 -90.0942 9.9058 0.0332 0.03 2000000.00 1637217.29 0.0000 7.0036 0.4981
5.856000 1 0.000000 0.000000 0.000000 2 14.640000 10.000000 0.000000 17.7293 -90.1395 9.8605 0.0348 0.04 2000000.00 1634416.52 0.0000 7.0122 0.5139
5.872000 1 0.000000 0.000000 0.000000 2 14.680000 10.000000 0.000000 17.7624 -90.1848 9.8152 0.0364 0.04 2000000.00 1631488.20 0.0000 7.0212 0.5303
5.888000 1 0.000000 0.000000 0.000000 2 14.720000 10.000000 0.000000 17.7955 -90.2300 9.7700 0.0381 0.04 2000000.00 1628426.60 0.0000 7.0306 0.5476
5.904000 1 0.000000 0.000000 0.000000 2 14.760000 10.000000 0.000000 17.8286 -90.2752 9.7248 0.0398 0.04 2000000.00 1625225.80 0.0000 7.0405 0.5656
5.920000 1 0.000000 0.000000 0.000000 2 14.800000 10.000000 0.000000 17.8617 -90.3204 9.6796 0.0417 0.04 2000000.00 1621879.56 0.0000 7.0509 0.5845
5.936000 1 0.000000 0.000000 0.000000 2 14.840000 10.000000 0.000000 17.8948 -90.3655 9.6345 0.0436 0.05 2000000.00 1618381.41 0.0000 7.0618 0.6042
5.952000 1 0.000000 0.000000 0.000000 2 14.880000 10.000000 0.000000 17.9280 -90.4106 9.5894 0.0456 0.05 2000000.00 1614724.57 0.0000 7.0733 0.6248
5.968000 1 0.000000 0.000000 0.000000 2 14.920000 10.000000 0.000000 17.9612 -90.4556 9.5444 0.0477 0.05 2000000.00 1610901.97 0.0000 7.0853 0.6463
5.984000 1 0.000000 0.000000 0.000000 2 14.960000 10.000000 0.000000 17.9945 -90.5005 9.4995 0.0499 0.05 2000000.00 1606906.20 0.0000 7.0980 0.6689
6.000000 1 0.000000 0.000000 0.000000 2 15.000000 10.000000 0.000000 18.0278 -90.5455 9.4545 0.0522 0.06 2000000.00 1602729.56 0.0000 7.1113 0.6924
6.016000 1 0.000000 0.000000 0.000000 2 15.040000 10.000000 0.000000 18.0611 -90.5903 9.4097 0.0546 0.06 2000000.00 1598363.98 0.0000 7.1252 0.7171
6.032000 1 0.000000 0.000000 0.000000 2 15.080000 10.000000 0.000000 18.0944 -90.6352 9.3648 0.0571 0.06 2000000.00 1593801.04 0.0000 7.1399 0.7429
6.048000 1 0.000000 0.000000 0.000000 2 15.120000 10.000000 0.000000 18.1277 -90.6799 9.3201 0.0597 0.06 2000000.00 1589031.93 0.0000 7.1553 0.7698
6.064000 1 0.000000 0.000000 0.000000 2 15.160000 10.000000 0.000000 18.1611 -90.7247 9.2753 0.0624 0.07 2000000.00 1584047.47 0.0000 7.1716 0.7980
6.080000 1 0.000000 0.000000 0.000000 2 15.200000 10.000000 0.000000 18.1945 -90.7694 9.2306 0.0653 0.07 2000000.00 1578838.05 0.0000 7.1886 0.8275
6.096000 1 0.000000 0.000000 0.000000 2 15.240000 10.000000 0.000000 18.2279 -90.8140 9.1860 0.0682 0.07 2000000.00 1573393.62 0.0000 7.2066 0.8583
6.112000 1 0.000000 0.000000 0.000000 2 15.280000 10.000000 0.000000 18.2614 -90.8586 9.1414 0.0714 0.08 2000000.00 1567703.68 0.0000 7.2255 0.8905
6.128000 1 0.000000 0.000000 0.000000 2 15.320000 10.000000 0.000000 18.2949 -90.9032 9.0968 0.0746 0.08 2000000.00 1561757.27 0.0000 7.2454 0.9242
6.144000 1 0.000000 0.000000 0.000000 2 15.360000 10.000000 0.000000 18.3284 -90.9477 9.0523 0.0780 0.08 2000000.00 1555542.90 0.0000 7.2663 0.9595
6.160000 1 0.000000 0.000000 0.000000 2 15.400000 10.000000 0.000000 18.3619 -90.9921 9.0079 0.0815 0.09 2000000.00 1549048.58 0.0000 7.2884 0.9964
6.176000 1 0.000000 0.000000 0.000000 2 15.440000 10.000000 0.000000 18.3955 -91.0365 8.9635 0.0852 0.09 2000000.00 1542261.74 0.0000 7.3117 1.0349
6.192000 1 0.000000 0.000000 0.000000 2 15.480000 10.000000 0.000000 18.4291 -91.0809 8.9191 0.0891 0.10 2000000.00 1535169.24 0.0000 7.3362 1.0752
6.208000 1 0.000000 0.000000 0.000000 2 15.520000 10.000000 0.000000 18.4627 -91.1252 8.8748 0.0932 0.10 2000000.00 1527757.34 0.0000 7.3621 1.1174
6.224000 1 0.000000 0.000000 0.000000 2 15.560000 10.000000 0.000000 18.4963 -91.1695 8.8305 0.0974 0.11 2000000.00 1520011.64 0.0000 7.3894 1.1616
6.240000 1 0.000000 0.000000 0.000000 2 15.600000 10.000000 0.000000 18.5300 -91.2137 8.7863 0.1018 0.11 2000000.00 1511917.06 0.0000 7.4183 1.2077
6.256000 1 0.000000 0.000000 0.000000 2 15.640000 10.000000 0.000000 18.5637 -91.2579 8.7421 0.1064 0.12 2000000.00 1503457.80 0.0000 7.4488 1.2560
6.272000 1 0.000000 0.000000 0.000000 2 15.680000 10.000000 0.000000 18.5974 -91.3020 8.6980 0.1112 0.13 2000000.00 1494617.33 0.0000 7.4810 1.3066
6.288000 1 0.000000 0.000000 0.000000 2 15.720000 10.000000 0.000000 18.6311 -91.3461 8.6539 0.1162 0.13 2000000.00 1485378.29 0.0000 7.5151 1.3595
6.304000 1 0.000000 0.000000 0.000000 2 15.760000 10.000000 0.000000 18.6649 -91.3901 8.6099 0.1214 0.14 2000000.00 1475722.51 0.0000 7.5512 1.4149
6.320000 1 0.000000 0.000000 0.000000 2 15.800000 10.000000 0.000000 18.6987 -91.4341 8.5659 0.1269 0.15 2000000.00 1465630.91 0.0000 7.5894 1.4728
6.336000 1 0.000000 0.000000 0.000000 2 15.840000 10.000000 0.000000 18.7325 -91.4780 8.5220 0.1326 0.15 2000000.00 1455083.50 0.0000 7.6299 1.5335
6.352000 1 0.000000 0.000000 0.000000 2 15.880000 10.000000 0.000000 18.7663 -91.5219 8.4781 0.1385 0.16 2000000.00 1444059.30 0.0000 7.6729 1.5970
6.368000 1 0.000000 0.000000 0.000000 2 15.920000 10.000000 0.000000 18.8002 -91.5658 8.4342 0.1447 0.17 2000000.00 1432536.31 0.0000 7.7185 1.6636
6.384000 1 0.000000 0.000000 0.000000 2 15.960000 10.000000 0.000000 18.8341 -91.6096 8.3904 0.1512 0.18 2000000.00 1420491.43 0.0000 7.7670 1.7333
6.400000 1 0.000000 0.000000 0.000000 2 16.000000 10.000000 0.000000 18.8680 -91.6533 8.3467 0.1580 0.19 2000000.00 1407900.47 0.0000 7.8186 1.8063
6.416000 1 0.000000 0.000000 0.000000 2 16.040000 10.000000 0.000000 18.9019 -91.6970 8.3030 0.1650 0.20 2000000.00 1394738.05 0.0000 7.8735 1.8829
6.432000 1 0.000000 0.000000 0.000000 2 16.080000 10.000000 0.000000 18.9358 -91.7407 8.2593 0.1724 0.21 2000000.00 1380977.59 0.0000 7.9320 1.9632
6.448000 1 0.000000 0.000000 0.000000 2 16.120000 10.000000 0.000000 18.9698 -91.7843 8.2157 0.1801 0.22 2000000.00 1366591.29 0.0000 7.9945 2.0474
6.464000 1 0.000000 0.000000 0.000000 2 16.160000 10.000000 0.000000 19.0038 -91.8278 8.1722 0.1881 0.23 2000000.00 1351550.08 0.0000 8.0612 2.1357
6.480000 1 0.000000 0.000000 0.000000 2 16.200000 10.000000 0.000000 19.0379 -91.8713 8.1287 0.1964 0.24 2000000.00 1335823.70 0.0000 8.1325 2.2284
6.496000 1 0.000000 0.000000 0.000000 2 16.240000 10.000000 0.000000 19.0719 -91.9148 8.0852 0.2052 0.26 2000000.00 1319380.65 0.0000 8.2090 2.3257
6.512000 1 0.000000 0.000000 0.000000 2 16.280000 10.000000 0.000000 19.1060 -91.9582 8.0418 0.2143 0.27 2000000.00 1302188.33 0.0000 8.2909 2.4279
6.528000 1 0.000000 0.000000 0.000000 2 16.320000 10.000000 0.000000 19.1401 -92.0016 7.9984 0.2238 0.29 2000000.00 1284213.15 0.0000 8.3790 2.5353
6.544000 1 0.000000 0.000000 0.000000 2 16.360000 10.000000 0.000000 19.1742 -92.0449 7.9551 0.2337 0.30 2000000.00 1265420.68 0.0000 8.4737 2.6482
6.560000 1 0.000000 0.000000 0.000000 2 16.400000 10.000000 0.000000 19.2083 -92.0881 7.9119 0.2440 0.32 2000000.00 1245775.99 0.0001 8.5758 2.7669
6.576000 1 0.000000 0.000000 0.000000 2 16.440000 10.000000 0.000000 19.2425 -92.1314 7.8686 0.2548 0.34 2000000.00 1225243.99 0.0001 8.6860 2.8917
6.592000 1 0.000000 0.000000 0.000000 2 16.480000 10.000000 0.000000 19.2767 -92.1745 7.8255 0.2660 0.36 2000000.00 1203789.94 0.0001 8.8052 3.0231
6.608000 1 0.000000 0.000000 0.000000 2 16.520000 10.000000 0.000000 19.3109 -92.2176 7.7824 0.2777 0.38 2000000.00 1181380.11 0.0001 8.9343 3.1614
6.624000 1 0.000000 0.000000 0.000000 2 16.560000 10.000000 0.000000 19.3451 -92.2607 7.7393 0.2900 0.41 2000000.00 1157982.65 0.0002 9.0744 3.3071
6.640000 1 0.000000 0.000000 0.000000 2 16.600000 10.000000 0.000000 19.3794 -92.3037 7.6963 0.3027 0.43 2000000.00 1133568.63 0.0002 9.2267 3.4604
6.656000 1 0.000000 0.000000 0.000000 2 16.640000 10.000000 0.000000 19.4136 -92.3467 7.6533 0.3160 0.46 2000000.00 1108113.37 0.0003 9.3927 3.6219
6.672000 1 0.000000 0.000000 0.000000 2 16.680000 10.000000 0.000000 19.4479 -92.3896 7.6104 0.3299 0.49 2000000.00 1081597.97 0.0004 9.5740 3.7919
6.688000 1 0.000000 0.000000 0.000000 2 16.720000 10.000000 0.000000 19.4823 -92.4325 7.5675 0.3443 0.52 2000000.00 1054011.22 0.0006 9.7722 3.9708
6.704000 1 0.000000 0.000000 0.000000 2 16.760000 10.000000 0.000000 19.5166 -92.4754 7.5246 0.3594 0.56 2000000.00 1025351.64 0.0008 9.9895 4.1589
6.720000 1 0.000000 0.000000 0.000000 2 16.800000 10.000000 0.000000 19.5510 -92.5181 7.4819 0.3751 0.60 2000000.00 995629.94 0.0010 10.2280 4.3564
6.736000 1 0.000000 0.000000 0.000000 2 16.840000 10.000000 0.000000 19.5853 -92.5609 7.4391 0.3915 0.64 2000000.00 964871.46 0.0014 10.4903 4.5635
6.752000 1 0.000000 0.000000 0.000000 2 16.880000 10.000000 0.000000 19.6197 -92.6035 7.3965 0.4085 0.69 2000000.00 933118.86 0.0019 10.7792 4.7801
6.768000 1 0.000000 0.000000 0.000000 2 16.920000 10.000000 0.000000 19.6542 -92.6462 7.3538 0.4263 0.74 2000000.00 900434.68 0.0026 11.0978 5.0059
6.784000 1 0.000000 0.000000 0.000000 2 16.960000 10.000000 0.000000 19.6886 -92.6888 7.3112 0.4449 0.80 2000000.00 866903.60 0.0034 11.4497 5.2405
6.800000 1 0.000000 0.000000 0.000000 2 17.000000 10.000000 0.000000 19.7231 -92.7313 7.2687 0.4642 0.86 2000000.00 832634.27 0.0046 11.8387 5.4828
6.816000 1 0.000000 0.000000 0.000000 2 17.040000 10.000000 0.000000 19.7576 -92.7738 7.2262 0.4843 0.93 2000000.00 797760.37 0.0063 12.2687 5.8806
6.832000 1 0.000000 0.000000 0.000000 2 17.080000 10.000000 0.000000 19.7921 -92.8162 7.1838 0.5053 1.00 2000000.00 762440.55 0.0084 12.7444 6.3741
6.848000 1 0.000000 0.000000 0.000000 2 17.120000 10.000000 0.000000 19.8266 -92.8586 7.1414 0.5272 1.09 2000000.00 726857.21 0.0113 13.2704 6.8945
6.864000 1 0.000000 0.000000 0.000000 2 17.160000 10.000000 0.000000 19.8612 -92.9010 7.0990 0.5500 1.19 2000000.00 691213.68 0.0152 13.8516 7.4383
6.880000 1 0.000000 0.000000 0.000000 2 17.200000 10.000000 0.000000 19.8957 -92.9433 7.0567 0.5738 1.30 2000000.00 655729.95 0.0205 14.4929 8.0004
6.896000 1 0.000000 0.000000 0.000000 2 17.240000 10.000000 0.000000 19.9303 -92.9855 7.0145 0.5986 1.42 2000000.00 620636.94 0.0275 15.1993 8.5741
6.912000 1 0.000000 0.000000 0.000000 2 17.280000 10.000000 0.000000 19.9649 -93.0277 6.9723 0.6244 1.56 2000000.00 586169.42 0.0370 15.9755 9.1504
6.928000 1 0.000000 0.000000 0.000000 2 17.320000 10.000000 0.000000 19.9996 -93.0699 6.9301 0.6512 1.72 2000000.00 552558.29 0.0497 16.8256 9.7184
6.944000 1 0.000000 0.000000 0.000000 2 17.360000 10.000000 0.000000 20.0342 -93.1120 6.8880 0.6792 1.91 2000000.00 520022.49 0.0667 17.7532 10.2652
6.960000 1 0.000000 0.000000 0.000000 2 17.400000 10.000000 0.000000 20.0689 -93.1540 6.8460 0.7084 2.12 2000000.00 488761.22 0.0895 18.7607 11.0986
6.976000 1 0.000000 0.000000 0.000000 2 17.440000 10.000000 0.000000 20.1036 -93.1960 6.8040 0.0368 0.04 1000000.00 848943.23 0.0000 11.6496 0.8624
6.992000 1 0.000000 0.000000 0.000000 2 17.480000 10.000000 0.000000 20.1383 -93.2380 6.7620 0.0384 0.04 1000000.00 847500.41 0.0000 11.6661 0.8925
7.008000 1 0.000000 0.000000 0.000000 2 17.520000 10.000000 0.000000 20.1730 -93.2799 6.7201 0.0400 0.04 1000000.00 845997.36 0.0000 11.6832 0.9240
7.024000 1 0.000000 0.000000 0.000000 2 17.560000 10.000000 0.000000 20.2078 -93.3217 6.6783 0.0417 0.04 1000000.00 844431.62 0.0000 11.7012 0.9568
7.040000 1 0.000000 0.000000 0.000000 2 17.600000 10.000000 0.000000 20.2425 -93.3635 6.6365 0.0435 0.05 1000000.00 842800.66 0.0000 11.7200 0.9909
7.056000 1 0.000000 0.000000 0.000000 2 17.640000 10.000000 0.000000 20.2773 -93.4053 6.5947 0.0453 0.05 1000000.00 841101.82 0.0000 11.7396 1.0265
7.072000 1 0.000000 0.000000 0.000000 2 17.680000 10.000000 0.000000 20.3121 -93.4470 6.5530 0.0473 0.05 1000000.00 839332.36 0.0000 11.7601 1.0635
7.088000 1 0.000000 0.000000 0.000000 2 17.720000 10.000000 0.000000 20.3470 -93.4887 6.5113 0.0493 0.05 1000000.00 837489.42 0.0000 11.7816 1.1021
7.104000 1 0.000000 0.000000 0.000000 2 17.760000 10.000000 0.000000 20.3818 -93.5303 6.4697 0.0514 0.05 1000000.00 835570.01 0.0000 11.8041 1.1423
7.120000 1 0.000000 0.000000 0.000000 2 17.800000 10.000000 0.000000 20.4167 -93.5719 6.4281 0.0536 0.06 1000000.00 833571.05 0.0000 11.8276 1.1842
7.136000 1 0.000000 0.000000 0.000000 2 17.840000 10.000000 0.000000 20.4515 -93.6134 6.3866 0.0558 0.06 1000000.00 831489.33 0.0000 11.8522 1.2278
7.152000 1 0.000000 0.000000 0.000000 2 17.880000 10.000000 0.000000 20.4864 -93.6549 6.3451 0.0582 0.06 1000000.00 829321.50 0.0000 11.8780 1.2732
7.168000 1 0.000000 0.000000 0.000000 2 17.920000 10.000000 0.000000 20.5214 -93.6963 6.3037 0.0607 0.06 1000000.00 827064.08 0.0000 11.9049 1.3206
7.184000 1 0.000000 0.000000 0.000000 2 17.960000 10.000000 0.000000 20.5563 -93.7376 6.2624 0.0632 0.07 1000000.00 824713.46 0.0000 11.9331 1.3698
7.200000 1 0.000000 0.000000 0.000000 2 18.000000 10.000000 0.000000 20.5913 -93.7790 6.2210 0.0659 0.07 1000000.00 822265.88 0.0000 11.9627 1.4212
7.216000 1 0.000000 0.000000 0.000000 2 18.040000 10.000000 0.000000 20.6262 -93.8202 6.1798 0.0687 0.07 1000000.00 819717.42 0.0000 11.9937 1.4747
7.232000 1 0.000000 0.000000 0.000000 2 18.080000 10.000000 0.000000 20.6612 -93.8615 6.1385 0.0716 0.08 1000000.00 817064.03 0.0000 12.0261 1.5303
7.248000 1 0.000000 0.000000 0.000000 2 18.120000 10.000000 0.000000 20.6962 -93.9026 6.0974 0.0746 0.08 1000000.00 814301.47 0.0000 12.0602 1.5883
7.264000 1 0.000000 0.000000 0.000000 2 18.160000 10.000000 0.000000 20.7313 -93.9438 6.0562 0.0777 0.08 1000000.00 811425.35 0.0000 12.0958 1.6487
7.280000 1 0.000000 0.000000 0.000000 2 18.200000 10.000000 0.000000 20.7663 -93.9849 6.0151 0.0810 0.09 1000000.00 808431.08 0.0000 12.1332 1.7116
7.296000 1 0.000000 0.000000 0.000000 2 18.240000 10.000000 0.000000 20.8014 -94.0259 5.9741 0.0843 0.09 1000000.00 805313.91 0.0000 12.1724 1.7772
7.312000 1 0.000000 0.000000 0.000000 2 18.280000 10.000000 0.000000 20.8365 -94.0669 5.9331 0.0879 0.10 1000000.00 802068.88 0.0000 12.2136 1.8454
7.328000 1 0.000000 0.000000 0.000000 2 18.320000 10.000000 0.000000 20.8716 -94.1078 5.8922 0.0915 0.10 1000000.00 798690.84 0.0000 12.2568 1.9165
7.344000 1 0.000000 0.000000 0.000000 2 18.360000 10.000000 0.000000 20.9067 -94.1487 5.8513 0.0954 0.11 1000000.00 795174.43 0.0000 12.3021 1.9905
7.360000 1 0.000000 0.000000 0.000000 2 18.400000 10.000000 0.000000 20.9418 -94.1895 5.8105 0.0993 0.11 1000000.00 791514.06 0.0000 12.3498 2.0675
7.376000 1 0.000000 0.000000 0.000000 2 18.440000 10.000000 0.000000 20.9770 -94.2303 5.7697 0.1035 0.12 1000000.00 787703.92 0.0000 12.3998 2.1478
7.392000 1 0.000000 0.000000 0.000000 2 18.480000 10.000000 0.000000 21.0121 -94.2711 5.7289 0.1078 0.12 1000000.00 783737.96 0.0000 12.4525 2.2314
7.408000 1 0.000000 0.000000 0.000000 2 18.520000 10.000000 0.000000 21.0473 -94.3118 5.6882 0.1123 0.13 1000000.00 779609.89 0.0000 12.5078 2.3185
7.424000 1 0.000000 0.000000 0.000000 2 18.560000 10.000000 0.000000 21.0825 -94.3524 5.6476 0.1169 0.13 1000000.00 775313.16 0.0000 12.5661 2.4092
7.440000 1 0.000000 0.000000 0.000000 2 18.600000 10.000000 0.000000 21.1178 -94.3930 5.6070 0.1218 0.14 1000000.00 770840.92 0.0000 12.6274 2.5036
7.456000 1 0.000000 0.000000 0.000000 2 18.640000 10.000000 0.000000 21.1530 -94.4336 5.5664 0.1268 0.15 1000000.00 766186.09 0.0000 12.6919 2.6020
7.472000 1 0.000000 0.000000 0.000000 2 18.680000 10.000000 0.000000 21.1883 -94.4741 5.5259 0.1320 0.15 1000000.00 761341.25 0.0000 12.7600 2.7045
7.488000 1 0.000000 0.000000 0.000000 2 18.720000 10.000000 0.000000 21.2235 -94.5145 5.4855 0.1375 0.16 1000000.00 756298.71 0.0000 12.8317 2.8113
7.504000 1 0.000000 0.000000 0.000000 2 18.760000 10.000000 0.000000 21.2588 -94.5549 5.4451 0.1432 0.17 1000000.00 751050.43 0.0000 12.9074 2.9225
7.520000 1 0.000000 0.000000 0.000000 2 18.800000 10.000000 0.000000 21.2941 -94.5953 5.4047 0.1490 0.18 1000000.00 745588.06 0.0000 12.9873 3.0384
7.536000 1 0.000000 0.000000 0.000000 2 18.840000 10.000000 0.000000 21.3295 -94.6356 5.3644 0.1552 0.18 1000000.00 739902.92 0.0000 13.0717 3.1592
7.552000 1 0.000000 0.000000 0.000000 2 18.880000 10.000000 0.000000 21.3648 -94.6758 5.3242 0.1616 0.19 1000000.00 733985.96 0.0000 13.1610 3.2850
7.568000 1 0.000000 0.000000 0.000000 2 18.920000 10.000000 0.000000 21.4001 -94.7161 5.2839 0.1682 0.20 1000000.00 727827.78 0.0000 13.2554 3.4161
7.584000 1 0.000000 0.000000 0.000000 2 18.960000 10.000000 0.000000 21.4355 -94.7562 5.2438 0.1751 0.21 1000000.00 721418.62 0.0000 13.3554 3.5528
7.600000 1 0.000000 0.000000 0.000000 2 19.000000 10.000000 0.000000 21.4709 -94.7963 5.2037 0.1822 0.22 1000000.00 714748.34 0.0000 13.4614 3.6953
7.616000 1 0.000000 0.000000 0.000000 2 19.040000 10.000000 0.000000 21.5063 -94.8364 5.1636 0.1897 0.23 1000000.00 707806.46 0.0000 13.5738 3.8438
7.632000 1 0.000000 0.000000 0.000000 2 19.080000 10.000000 0.000000 21.5417 -94.8764 5.1236 0.1974 0.25 1000000.00 700582.10 0.0000 13.6931 3.9986
7.648000 1 0.000000 0.000000 0.000000 2 19.120000 10.000000 0.000000 21.5772 -94.9164 5.0836 0.2055 0.26 1000000.00 693064.08 0.0000 13.8200 4.1601
7.664000 1 0.000000 0.000000 0.000000 2 19.160000 10.000000 0.000000 21.6126 -94.9563 5.0437 0.2139 0.27 1000000.00 685240.87 0.0000 13.9549 4.3284
7.680000 1 0.000000 0.000000 0.000000 2 19.200000 10.000000 0.000000 21.6481 -94.9962 5.0038 0.2226 0.29 1000000.00 677100.65 0.0000 14.0986 4.5040
7.696000 1 0.000000 0.000000 0.000000 2 19.240000 10.000000 0.000000 21.6836 -95.0361 4.9639 0.2316 0.30 1000000.00 668631.40 0.0000 14.2519 4.6872
7.712000 1 0.000000 0.000000 0.000000 2 19.280000 10.000000 0.000000 21.7191 -95.0758 4.9242 0.2410 0.32 1000000.00 659820.92 0.0000 14.4155 4.8782
7.728000 1 0.000000 0.000000 0.000000 2 19.320000 10.000000 0.000000 21.7546 -95.1156 4.8844 0.2508 0.33 1000000.00 650656.92 0.0001 14.5904 5.0776
7.744000 1 0.000000 0.000000 0.000000 2 19.360000 10.000000 0.000000 21.7901 -95.1553 4.8447 0.2609 0.35 1000000.00 641127.20 0.0001 14.7775 5.2855
7.760000 1 0.000000 0.000000 0.000000 2 19.400000 10.000000 0.000000 21.8257 -95.1949 4.8051 0.2715 0.37 1000000.00 631219.77 0.0001 14.9780 5.5024
7.776000 1 0.000000 0.000000 0.000000 2 19.440000 10.000000 0.000000 21.8612 -95.2345 4.7655 0.2825 0.39 1000000.00 620923.04 0.0001 15.1933 5.7287
7.792000 1 0.000000 0.000000 0.000000 2 19.480000 10.000000 0.000000 21.8968 -95.2741 4.7259 0.2938 0.42 1000000.00 610226.10 0.0002 15.4245 5.9646
7.808000 1 0.000000 0.000000 0.000000 2 19.520000 10.000000 0.000000 21.9324 -95.3136 4.6864 0.3057 0.44 1000000.00 599118.99 0.0002 15.6734 6.2107
7.824000 1 0.000000 0.000000 0.000000 2 19.560000 10.000000 0.000000 21.9680 -95.3530 4.6470 0.3180 0.47 1000000.00 587593.09 0.0003 15.9416 6.4671
7.840000 1 0.000000 0.000000 0.000000 2 19.600000 10.000000 0.000000 22.0036 -95.3924 4.6076 0.3308 0.49 1000000.00 575641.53 0.0004 16.2311 6.7342
7.856000 1 0.000000 0.000000 0.000000 2 19.640000 10.000000 0.000000 22.0393 -95.4318 4.5682 0.3440 0.52 1000000.00 563259.69 0.0006 16.5439 7.0121
7.872000 1 0.000000 0.000000 0.000000 2 19.680000 10.000000 0.000000 22.0749 -95.4711 4.5289 0.3578 0.56 1000000.00 550445.79 0.0008 16.8825 7.3011
7.888000 1 0.000000 0.000000 0.000000 2 19.720000 10.000000 0.000000 22.1106 -95.5103 4.4897 0.3722 0.59 1000000.00 537201.51 0.0010 17.2494 7.6010
7.904000 1 0.000000 0.000000 0.000000 2 19.760000 10.000000 0.000000 22.1463 -95.5496 4.4504 0.3871 0.63 1000000.00 523532.69 0.0013 17.6475 7.9118
7.920000 1 0.000000 0.000000 0.000000 2 19.800000 10.000000 0.000000 22.1820 -95.5887 4.4113 0.4025 0.67 1000000.00 509450.08 0.0017 18.0801 8.2332
7.936000 1 0.000000 0.000000 0.000000 2 19.840000 10.000000 0.000000 22.2177 -95.6279 4.3721 0.4186 0.72 1000000.00 494970.09 0.0023 18.5505 8.5645
7.952000 1 0.000000 0.000000 0.000000 2 19.880000 10.000000 0.000000 22.2534 -95.6669 4.3331 0.4353 0.77 1000000.00 480115.50 0.0030 19.0626 8.9048
7.968000 1 0.000000 0.000000 0.000000 2 19.920000 10.000000 0.000000 22.2892 -95.7060 4.2940 0.4526 0.82 1000000.00 464916.18 0.0039 19.6204 9.2528
7.984000 1 0.000000 0.000000 0.000000 2 19.960000 10.000000 0.000000 22.3249 -95.7449 4.2551 0.4706 0.88 1000000.00 449409.63 0.0051 20.2284 9.6067
8.000000 1 0.000000 0.000000 0.000000 2 20.000000 10.000000 0.000000 22.3607 -95.7839 4.2161 0.4893 0.94 1000000.00 433641.33 0.0067 20.8912 9.9679
8.016000 1 0.000000 0.000000 0.000000 2 20.040000 10.000000 0.000000 22.3965 -95.8228 4.1772 0.5087 1.02 1000000.00 417664.93 0.0088 21.6138 10.6905
8.032000 1 0.000000 0.000000 0.000000 2 20.080000 10.000000 0.000000 22.4323 -95.8616 4.1384 0.5288 1.10 1000000.00 401541.99 0.0116 22.4014 11.4427
8.048000 1 0.000000 0.000000 0.000000 2 20.120000 10.000000 0.000000 22.4681 -95.9004 4.0996 0.5497 1.19 1000000.00 385341.55 0.0152 23.2591 12.2192
8.064000 1 0.000000 0.000000 0.000000 2 20.160000 10.000000 0.000000 22.5039 -95.9392 4.0608 0.5714 1.29 1000000.00 369139.10 0.0199 24.1922 13.0133
8.080000 1 0.000000 0.000000 0.000000 2 20.200000 10.000000 0.000000 22.5397 -95.9779 4.0221 0.5940 1.40 1000000.00 353015.28 0.0261 25.2058 13.8163
8.096000 1 0.000000 0.000000 0.000000 2 20.240000 10.000000 0.000000 22.5756 -96.0165 3.9835 0.6174 1.52 1000000.00 337054.17 0.0342 26.3047 14.6173
8.112000 1 0.000000 0.000000 0.000000 2 20.280000 10.000000 0.000000 22.6115 -96.0551 3.9449 0.6417 1.67 1000000.00 321341.21 0.0448 27.4932 15.4033
8.128000 1 0.000000 0.000000 0.000000 2 20.320000 10.000000 0.000000 22.6473 -96.0937 3.9063 0.6669 1.83 1000000.00 305960.94 0.0587 28.7747 16.1596
8.144000 1 0.000000 0.000000 0.000000 2 20.360000 10.000000 0.000000 22.6832 -96.1322 3.8678 0.6931 2.01 1000000.00 290994.62 0.0769 30.1517 16.8694
8.160000 1 0.000000 0.000000 0.000000 2 20.400000 10.000000 0.000000 22.7192 -96.1707 3.8293 0.7203 2.22 1000000.00 276517.89 0.1006 31.6256 17.6758
8.176000 1 0.000000 0.000000 0.000000 2 20.440000 10.000000 0.000000 22.7551 -96.2091 3.7909 0.7485 2.45 1000000.00 262598.65 0.1317 33.1959 18.7484
8.192000 1 0.000000 0.000000 0.000000 2 20.480000 10.000000 0.000000 22.7910 -96.2475 3.7525 0.7778 2.73 1000000.00 249295.21 0.1722 34.8606 19.7497
8.208000 1 0.000000 0.000000 0.000000 2 20.520000 10.000000 0.000000 22.8270 -96.2858 3.7142 0.8082 3.04 1000000.00 236654.95 0.2253 36.6158 20.6528
8.224000 1 0.000000 0.000000 0.000000 2 20.560000 10.000000 0.000000 22.8629 -96.3241 3.6759 0.8398 3.40 1000000.00 224713.48 0.2945 38.4553 21.4311
8.240000 1 0.000000 0.000000 0.000000 2 20.600000 10.000000 0.000000 22.8989 -96.3623 3.6377 0.8725 3.82 1000000.00 213494.27 0.3849 40.3711 22.0596
8.256000 1 0.000000 0.000000 0.000000 2 20.640000 10.000000 0.000000 22.9349 -96.4005 3.5995 0.9065 4.31 1000000.00 203008.95 0.5029 42.3529 22.5168
8.272000 1 0.000000 0.000000 0.000000 2 20.680000 10.000000 0.000000 22.9709 -96.4387 3.5613 0.9417 4.89 1000000.00 193257.92 0.6568 44.3889 23.2799
8.288000 1 0.000000 0.000000 0.000000 2 20.720000 10.000000 0.000000 23.0069 -96.4768 3.5232 0.9783 5.56 1000000.00 184231.42 0.8575 46.4658 23.9463
8.304000 1 0.000000 0.000000 0.000000 2 20.760000 10.000000 0.000000 23.0430 -96.5149 3.4851 1.0000 6.00 1000000.00 179347.96 1.0000 47.6766 24.2418
8.320000 1 0.000000 0.000000 0.000000 2 20.800000 10.000000 0.000000 23.0790 -96.5529 3.4471 1.0000 6.00 1000000.00 179347.96 1.0000 47.6766 24.2418
8.336000 1 0.000000 0.000000 0.000000 2 20.840000 10.000000 0.000000 23.1151 -96.5908 3.4092 1.0000 6.00 1000000.00 179347.96 1.0000 47.6766 24.2418
8.352000 1 0.000000 0.000000 0.000000 2 20.880000 10.000000 0.000000 23.1511 -96.6288 3.3712 1.0000 6.00 1000000.00 179347.96 1.0000 47.6766 24.2418
8.368000 1 0.000000 0.000000 0.000000 2 20.920000 10.000000 0.000000 23.1872 -96.6666 3.3334 1.0000 6.00 1000000.00 179347.96 1.0000 47.6766 24.2418
8.384000 1 0.000000 0.000000 0.000000 2 20.960000 10.000000 0.000000 23.2233 -96.7045 3.2955 1.0000 6.00 1000000.00 179347.96 1.0000 47.6766 24.2418
8.400000 1 0.000000 0.000000 0.000000 2 21.000000 10.000000 0.000000 23.2594 -96.7422 3.2578 1.0000 6.00 1000000.00 179347.96 1.0000 47.6766 24.2418
8.416000 1 0.000000 0.000000 0.000000 2 21.040000 10.000000 0.000000 23.2955 -96.7800 3.2200 1.0000 6.00 1000000.00 179347.96 1.0000 47.6766 24.2418
8.432000 1 0.000000 0.000000 0.000000 2 21.080000 10.000000 0.000000 23.3317 -96.8177 3.1823 1.0000 6.00 1000000.00 179347.96 1.0000 47.6766 24.2418
8.448000 1 0.000000 0.000000 0.000000 2 21.120000 10.000000 0.000000 23.3678 -96.8553 3.1447 1.0000 6.00 1000000.00 179347.96 1.0000 47.6766 24.2418
8.464000 1 0.000000 0.000000 0.000000 2 21.160000 10.000000 0.000000 23.4040 -96.8929 3.1071 1.0000 6.00 1000000.00 179347.96 1.0000 47.6766 24.2418
8.480000 1 0.000000 0.000000 0.000000 2 21.200000 10.000000 0.000000 23.4401 -96.9305 3.0695 1.0000 6.00 1000000.00 179347.96 1.0000 47.6766 24.2418
8.496000 1 0.000000 0.000000 0.000000 2 21.240000 10.000000 0.000000 23.4763 -96.9680 3.0320 1.0000 6.00 1000000.00 179347.96 1.0000 47.6766 24.2418
8.512000 1 0.000000 0.000000 0.000000 2 21.280000 10.000000 0.000000 23.5125 -97.0055 2.9945 1.0000 6.00 1000000.00 179347.96 1.0000 47.6766 24.2418
8.528000 1 0.000000 0.000000 0.000000 2 21.320000 10.000000 0.000000 23.5487 -97.0429 2.9571 1.0000 6.00 1000000.00 179347.96 1.0000 47.6766 24.2418
8.544000 1 0.000000 0.000000 0.000000 2 21.360000 10.000000 0.000000 23.5849 -97.0803 2.9197 1.0000 6.00 1000000.00 179347.96 1.0000 47.6766 24.2418
8.560000 1 0.000000 0.000000 0.000000 2 21.400000 10.000000 0.000000 23.6212 -97.1176 2.8824 1.0000 6.00 1000000.00 179347.96 1.0000 47.6766 24.2418
8.576000 1 0.000000 0.000000 0.000000 2 21.440000 10.000000 0.000000 23.6574 -97.1549 2.8451 1.0000 6.00 1000000.00 179347.96 1.0000 47.6766 24.2418
8.592000 1 0.000000 0.000000 0.000000 2 21.480000 10.000000 0.000000 23.6937 -97.1921 2.8079 1.0000 6.00 1000000.00 179347.96 1.0000 47.6766 24.2418
8.608000 1 0.000000 0.000000 0.000000 2 21.520000 10.000000 0.000000 23.7299 -97.2293 2.7707 1.0000 6.00 1000000.00 179347.96 1.0000 47.6766 24.2418
8.624000 1 0.000000 0.000000 0.000000 2 21.560000 10.000000 0.000000 23.7662 -97.2665 2.7335 1.0000 6.00 1000000.00 179347.96 1.0000 47.6766 24.2418
8.640000 1 0.000000 0.000000 0.000000 2 21.600000 10.000000 0.000000 23.8025 -97.3036 2.6964 1.0000 6.00 1000000.00 179347.96 1.0000 47.6766 24.2418
8.656000 1 0.000000 0.000000 0.000000 2 21.640000 10.000000 0.000000 23.8388 -97.3407 2.6593 1.0000 6.00 1000000.00 179347.96 1.0000 47.6766 24.2418
8.672000 1 0.000000 0.000000 0.000000 2 21.680000 10.000000 0.000000 23.8751 -97.3777 2.6223 1.0000 6.00 1000000.00 179347.96 1.0000 47.6766 24.2418
8.688000 1 0.000000 0.000000 0.000000 2 21.720000 10.000000 0.000000 23.9115 -97.4147 2.5853 1.0000 6.00 1000000.00 179347.96 1.0000 47.6766 24.2418
8.704000 1 0.000000 0.000000 0.000000 2 21.760000 10.000000 0.000000 23.9478 -97.4516 2.5484 1.0000 6.00 1000000.00 179347.96 1.0000 47.6766 24.2418
8.720000 1 0.000000 0.000000 0.000000 2 21.800000 10.000000 0.000000 23.9842 -97.4885 2.5115 1.0000 6.00 1000000.00 179347.96 1.0000 47.6766 24.2418
8.736000 1 0.000000 0.000000 0.000000 2 21.840000 10.000000 0.000000 24.0205 -97.5253 2.4747 1.0000 6.00 1000000.00 179347.96 1.0000 47.6766 24.2418
8.752000 1 0.000000 0.000000 0.000000 2 21.880000 10.000000 0.000000 24.0569 -97.5621 2.4379 1.0000 6.00 1000000.00 179347.96 1.0000 47.6766 24.2418
8.768000 1 0.000000 0.000000 0.000000 2 21.920000 10.000000 0.000000 24.0933 -97.5989 2.4011 1.0000 6.00 1000000.00 179347.96 1.0000 47.6766 24.2418
8.784000 1 0.000000 0.000000 0.000000 2 21.960000 10.000000 0.000000 24.1297 -97.6356 2.3644 1.0000 6.00 1000000.00 179347.96 1.0000 47.6766 24.2418
8.800000 1 0.000000 0.000000 0.000000 2 22.000000 10.000000 0.000000 24.1661 -97.6723 2.3277 1.0000 6.00 1000000.00 179347.96 1.0000 47.6766 24.2418
8.816000 1 0.000000 0.000000 0.000000 2 22.040000 10.000000 0.000000 24.2025 -97.7089 2.2911 1.0000 6.00 1000000.00 179347.96 1.0000 47.6766 24.2418
8.832000 1 0.000000 0.000000 0.000000 2 22.080000 10.000000 0.000000 24.2389 -97.7455 2.2545 1.0000 6.00 1000000.00 179347.96 1.0000 47.6766 24.2418
8.848000 1 0.000000 0.000000 0.000000 2 22.120000 10.000000 0.000000 24.2754 -97.7820 2.2180 1.0000 6.00 1000000.00 179347.96 1.0000 47.6766 24.2418
8.864000 1 0.000000 0.000000 0.000000 2 22.160000 10.000000 0.000000 24.3118 -97.8185 2.1815 1.0000 6.00 1000000.00 179347.96 1.0000 47.6766 24.2418
8.880000 1 0.000000 0.000000 0.000000 2 22.200000 10.000000 0.000000 24.3483 -97.8550 2.1450 1.0000 6.00 1000000.00 179347.96 1.0000 47.6766 24.2418
8.896000 1 0.000000 0.000000 0.000000 2 22.240000 10.000000 0.000000 24.3848 -97.8914 2.1086 1.0000 6.00 1000000.00 179347.96 1.0000 47.6766 24.2418
8.912000 1 0.000000 0.000000 0.000000 2 22.280000 10.000000 0.000000 24.4213 -97.9277 2.0723 1.0000 6.00 1000000.00 179347.96 1.0000 47.6766 24.2418
8.928000 1 0.000000 0.000000 0.000000 2 22.320000 10.000000 0.000000 24.4578 -97.9641 2.0359 1.0000 6.00 1000000.00 179347.96 1.0000 47.6766 24.2418
8.944000 1 0.000000 0.000000 0.000000 2 22.360000 10.000000 0.000000 24.4943 -98.0003 1.9997 1.0000 6.00 1000000.00 179347.96 1.0000 47.6766 24.2418
8.960000 1 0.000000 0.000000 0.000000 2 22.400000 10.000000 0.000000 24.5308 -98.0366 1.9634 1.0000 6.00 1000000.00 179347.96 1.0000 47.6766 24.2418
8.976000 1 0.000000 0.000000 0.000000 2 22.440000 10.000000 0.000000 24.5673 -98.0728 1.9272 1.0000 6.00 1000000.00 179347.96 1.0000 47.6766 24.2418
8.992000 1 0.000000 0.000000 0.000000 2 22.480000 10.000000 0.000000 24.6039 -98.1089 1.8911 1.0000 6.00 1000000.00 179347.96 1.0000 47.6766 24.2418
9.008000 1 0.000000 0.000000 0.000000 2 22.520000 10.000000 0.000000 24.6404 -98.1450 1.8550 1.0000 6.00 1000000.00 179347.96 1.0000 47.6766 24.2418
9.024000 1 0.000000 0.000000 0.000000 2 22.560000 10.000000 0.000000 24.6770 -98.1811 1.8189 1.0000 6.00 1000000.00 179347.96 1.0000 47.6766 24.2418
9.040000 1 0.000000 0.000000 0.000000 2 22.600000 10.000000 0.000000 24.7136 -98.2171 1.7829 1.0000 6.00 1000000.00 179347.96 1.0000 47.6766 24.2418
9.056000 1 0.000000 0.000000 0.000000 2 22.640000 10.000000 0.000000 24.7501 -98.2531 1.7469 1.0000 6.00 1000000.00 179347.96 1.0000 47.6766 24.2418
9.072000 1 0.000000 0.000000 0.000000 2 22.680000 10.000000 0.000000 24.7867 -98.2890 1.7110 1.0000 6.00 1000000.00 179347.96 1.0000 47.6766 24.2418
9.088000 1 0.000000 0.000000 0.000000 2 22.720000 10.000000 0.000000 24.8233 -98.3249 1.6751 1.0000 6.00 1000000.00 179347.96 1.0000 47.6766 24.2418
9.104000 1 0.000000 0.000000 0.000000 2 22.760000 10.000000 0.000000 24.8600 -98.3607 1.6393 1.0000 6.00 1000000.00 179347.96 1.0000 47.6766 24.2418
9.120000 1 0.000000 0.000000 0.000000 2 22.800000 10.000000 0.000000 24.8966 -98.3965 1.6035 1.0000 6.00 1000000.00 179347.96 1.0000 47.6766 24.2418
9.136000 1 0.000000 0.000000 0.000000 2 22.840000 10.000000 0.000000 24.9332 -98.4323 1.5677 1.0000 6.00 1000000.00 179347.96 1.0000 47.6766 24.2418
9.152000 1 0.000000 0.000000 0.000000 2 22.880000 10.000000 0.000000 24.9699 -98.4680 1.5320 1.0000 6.00 1000000.00 179347.96 1.0000 47.6766 24.2418
9.168000 1 0.000000 0.000000 0.000000 2 22.920000 10.000000 0.000000 25.0065 -98.5037 1.4963 1.0000 6.00 1000000.00 179347.96 1.0000 47.6766 24.2418
9.184000 1 0.000000 0.000000 0.000000 2 22.960000 10.000000 0.000000 25.0432 -98.5393 1.4607 1.0000 6.00 1000000.00 179347.96 1.0000 47.6766 24.2418
9.200000 1 0.000000 0.000000 0.000000 2 23.000000 10.000000 0.000000 25.0799 -98.5749 1.4251 1.0000 6.00 1000000.00 179347.96 1.0000 47.6766 24.2418
9.216000 1 0.000000 0.000000 0.000000 2 23.040000 10.000000 0.000000 25.1166 -98.6105 1.3895 1.0000 6.00 1000000.00 179347.96 1.0000 47.6766 24.2418
9.232000 1 0.000000 0.000000 0.000000 2 23.080000 10.000000 0.000000 25.1533 -98.6460 1.3540 1.0000 6.00 1000000.00 179347.96 1.0000 47.6766 24.2418
9.248000 1 0.000000 0.000000 0.000000 2 23.120000 10.000000 0.000000 25.1900 -98.6815 1.3185 1.0000 6.00 1000000.00 179347.96 1.0000 47.6766 24.2418
9.264000 1 0.000000 0.000000 0.000000 2 23.160000 10.000000 0.000000 25.2267 -98.7169 1.2831 1.0000 6.00 1000000.00 179347.96 1.0000 47.6766 24.2418
9.280000 1 0.000000 0.000000 0.000000 2 23.200000 10.000000 0.000000 25.2634 -98.7523 1.2477 1.0000 6.00 1000000.00 179347.96 1.0000 47.6766 24.2418
9.296000 1 0.000000 0.000000 0.000000 2 23.240000 10.000000 0.000000 25.3002 -98.7876 1.2124 1.0000 6.00 1000000.00 179347.96 1.0000 47.6766 24.2418
9.312000 1 0.000000 0.000000 0.000000 2 23.280000 10.000000 0.000000 25.3369 -98.8229 1.1771 1.0000 6.00 1000000.00 179347.96 1.0000 47.6766 24.2418
9.328000 1 0.000000 0.000000 0.000000 2 23.320000 10.000000 0.000000 25.3737 -98.8582 1.1418 1.0000 6.00 1000000.00 179347.96 1.0000 47.6766 24.2418
9.344000 1 0.000000 0.000000 0.000000 2 23.360000 10.000000 0.000000 25.4104 -98.8934 1.1066 1.0000 6.00 1000000.00 179347.96 1.0000 47.6766 24.2418
9.360000 1 0.000000 0.000000 0.000000 2 23.400000 10.000000 0.000000 25.4472 -98.9286 1.0714 1.0000 6.00 1000000.00 179347.96 1.0000 47.6766 24.2418
9.376000 1 0.000000 0.000000 0.000000 2 23.440000 10.000000 0.000000 25.4840 -98.9637 1.0363 1.0000 6.00 1000000.00 179347.96 1.0000 47.6766 24.2418
9.392000 1 0.000000 0.000000 0.000000 2 23.480000 10.000000 0.000000 25.5208 -98.9988 1.0012 1.0000 6.00 1000000.00 179347.96 1.0000 47.6766 24.2418
9.408000 1 0.000000 0.000000 0.000000 2 23.520000 10.000000 0.000000 25.5576 -99.0338 0.9662 1.0000 6.00 1000000.00 179347.96 1.0000 47.6766 24.2418
9.424000 1 0.000000 0.000000 0.000000 2 23.560000 10.000000 0.000000 25.5944 -99.0688 0.9312 1.0000 6.00 1000000.00 179347.96 1.0000 47.6766 24.2418
9.440000 1 0.000000 0.000000 0.000000 2 23.600000 10.000000 0.000000 25.6312 -99.1038 0.8962 1.0000 6.00 1000000.00 179347.96 1.0000 47.6766 24.2418
9.456000 1 0.000000 0.000000 0.000000 2 23.640000 10.000000 0.000000 25.6681 -99.1387 0.8613 1.0000 6.00 1000000.00 179347.96 1.0000 47.6766 24.2418
9.472000 1 0.000000 0.000000 0.000000 2 23.680000 10.000000 0.000000 25.7049 -99.1736 0.8264 1.0000 6.00 1000000.00 179347.96 1.0000 47.6766 24.2418
9.488000 1 0.000000 0.000000 0.000000 2 23.720000 10.000000 0.000000 25.7418 -99.2085 0.7915 1.0000 6.00 1000000.00 179347.96 1.0000 47.6766 24.2418
9.504000 1 0.000000 0.000000 0.000000 2 23.760000 10.000000 0.000000 25.7786 -99.2433 0.7567 1.0000 6.00 1000000.00 179347.96 1.0000 47.6766 24.2418
9.520000 1 0.000000 0.000000 0.000000 2 23.800000 10.000000 0.000000 25.8155 -99.2780 0.7220 1.0000 6.00 1000000.00 179347.96 1.0000 47.6766 24.2418
9.536000 1 0.000000 0.000000 0.000000 2 23.840000 10.000000 0.000000 25.8524 -99.3128 0.6872 1.0000 6.00 1000000.00 179347.96 1.0000 47.6766 24.2418
9.552000 1 0.000000 0.000000 0.000000 2 23.880000 10.000000 0.000000 25.8893 -99.3474 0.6526 1.0000 6.00 1000000.00 179347.96 1.0000 47.6766 24.2418
9.568000 1 0.000000 0.000000 0.000000 2 23.920000 10.000000 0.000000 25.9262 -99.3821 0.6179 1.0000 6.00 1000000.00 179347.96 1.0000 47.6766 24.2418
9.584000 1 0.000000 0.000000 0.000000 2 23.960000 10.000000 0.000000 25.9631 -99.4167 0.5833 1.0000 6.00 1000000.00 179347.96 1.0000 47.6766 24.2418
9.600000 1 0.000000 0.000000 0.000000 2 24.000000 10.000000 0.000000 26.0000 -99.4512 0.5488 1.0000 6.00 1000000.00 179347.96 1.0000 47.6766 24.2418
9.616000 1 0.000000 0.000000 0.000000 2 24.040000 10.000000 0.000000 26.0369 -99.4857 0.5143 1.0000 6.00 1000000.00 179347.96 1.0000 47.6766 24.2418
9.632000 1 0.000000 0.000000 0.000000 2 24.080000 10.000000 0.000000 26.0739 -99.5202 0.4798 1.0000 6.00 1000000.00 179347.96 1.0000 47.6766 24.2418
9.648000 1 0.000000 0.000000 0.000000 2 24.120000 10.000000 0.000000 26.1108 -99.5547 0.4453 1.0000 6.00 1000000.00 179347.96 1.0000 47.6766 24.2418
9.664000 1 0.000000 0.000000 0.000000 2 24.160000 10.000000 0.000000 26.1478 -99.5891 0.4109 1.0000 6.00 1000000.00 179347.96 1.0000 47.6766 24.2418
9.680000 1 0.000000 0.000000 0.000000 2 24.200000 10.000000 0.000000 26.1847 -99.6234 0.3766 1.0000 6.00 1000000.00 179347.96 1.0000 47.6766 24.2418
9.696000 1 0.000000 0.000000 0.000000 2 24.240000 10.000000 0.000000 26.2217 -99.6577 0.3423 1.0000 6.00 1000000.00 179347.96 1.0000 47.6766 24.2418
9.712000 1 0.000000 0.000000 0.000000 2 24.280000 10.000000 0.000000 26.2587 -99.6920 0.3080 1.0000 6.00 1000000.00 179347.96 1.0000 47.6766 24.2418
9.728000 1 0.000000 0.000000 0.000000 2 24.320000 10.000000 0.000000 26.2957 -99.7262 0.2738 1.0000 6.00 1000000.00 179347.96 1.0000 47.6766 24.2418
9.744000 1 0.000000 0.000000 0.000000 2 24.360000 10.000000 0.000000 26.3327 -99.7604 0.2396 1.0000 6.00 1000000.00 179347.96 1.0000 47.6766 24.2418
9.760000 1 0.000000 0.000000 0.000000 2 24.400000 10.000000 0.000000 26.3697 -99.7946 0.2054 1.0000 6.00 1000000.00 179347.96 1.0000 47.6766 24.2418
9.776000 1 0.000000 0.000000 0.000000 2 24.440000 10.000000 0.000000 26.4067 -99.8287 0.1713 1.0000 6.00 1000000.00 179347.96 1.0000 47.6766 24.2418
9.792000 1 0.000000 0.000000 0.000000 2 24.480000 10.000000 0.000000 26.4437 -99.8628 0.1372 1.0000 6.00 1000000.00 179347.96 1.0000 47.6766 24.2418
9.808000 1 0.000000 0.000000 0.000000 2 24.520000 10.000000 0.000000 26.4808 -99.8968 0.1032 1.0000 6.00 1000000.00 179347.96 1.0000 47.6766 24.2418
9.824000 1 0.000000 0.000000 0.000000 2 24.560000 10.000000 0.000000 26.5178 -99.9308 0.0692 1.0000 6.00 1000000.00 179347.96 1.0000 47.6766 24.2418
9.840000 1 0.000000 0.000000 0.000000 2 24.600000 10.000000 0.000000 26.5548 -99.9648 0.0352 1.0000 6.00 1000000.00 179347.96 1.0000 47.6766 24.2418
9.856000 1 0.000000 0.000000 0.000000 2 24.640000 10.000000 0.000000 26.5919 -99.9987 0.0013 1.0000 6.00 1000000.00 179347.96 1.0000 47.6766 24.2418
9.872000 1 0.000000 0.000000 0.000000 2 24.680000 10.000000 0.000000 26.6290 -100.0326 -0.0326 1.0000 6.00 1000000.00 179347.96 1.0000 47.6766 24.2418
9.888000 1 0.000000 0.000000 0.000000 2 24.720000 10.000000 0.000000 26.6661 -100.0664 -0.0664 1.0000 6.00 1000000.00 179347.96 1.0000 47.6766 24.2418
9.904000 1 0.000000 0.000000 0.000000 2 24.760000 10.000000 0.000000 26.7031 -100.1002 -0.1002 1.0000 6.00 1000000.00 179347.96 1.0000 47.6766 24.2418
9.920000 1 0.000000 0.000000 0.000000 2 24.800000 10.000000 0.000000 26.7402 -100.1340 -0.1340 1.0000 6.00 1000000.00 179347.96 1.0000 47.6766 24.2418
9.936000 1 0.000000 0.000000 0.000000 2 24.840000 10.000000 0.000000 26.7773 -100.1677 -0.1677 1.0000 6.00 1000000.00 179347.96 1.0000 47.6766 24.2418
9.952000 1 0.000000 0.000000 0.000000 2 24.880000 10.000000 0.000000 26.8144 -100.2014 -0.2014 1.0000 6.00 1000000.00 179347.96 1.0000 47.6766 24.2418
9.968000 1 0.000000 0.000000 0.000000 2 24.920000 10.000000 0.000000 26.8516 -100.2350 -0.2350 1.0000 6.00 1000000.00 179347.96 1.0000 47.6766 24.2418
9.984000 1 0.000000 0.000000 0.000000 2 24.960000 10.000000 0.000000 26.8887 -100.2686 -0.2686 1.0000 6.00 1000000.00 179347.96 1.0000 47.6766 24.2418
10.000000 1 0.000000 0.000000 0.000000 2 25.000000 10.000000 0.000000 26.9258 -100.3022 -0.3022 1.0000 6.00 1000000.00 179347.96 1.0000 47.6766 24.2418
