% Output generated by QOMET v2.1.0 - deltaQ (revision N/A)
% time from_id from_node_x from_node_y             from_node_z to_id to_node_x to_node_y to_node_z distance Pr SNR FER             num_retr op_rate bandwidth loss_rate delay jitter
0.00 0 0.000000 0.000000 0.000000 1 0.000000 10.000000 0.00000010.0000 -76.2045 23.7955 0.0000 0.0000 11000000.00 4326077.79 0.0000 3.8936 0.2263
0.00 0 0.000000 0.000000 0.000000 2 0.000000 10.000000 0.00000010.0000 -76.2045 23.7955 0.0000 0.0000 11000000.00 2805686.87 0.0000 4.9198 0.3489
0.00 1 0.000000 10.000000 0.000000 2 0.000000 10.000000 0.0000000.1000 35.7955 135.7955 0.0000 0.0000 11000000.00 4326078.23 0.0000 3.8936 0.2263
0.10 0 0.000000 0.000000 0.000000 1 0.150000 10.000000 0.00000010.0011 -76.2073 23.7927 0.0000 0.0000 11000000.00 4326077.79 0.0000 3.8936 0.2263
0.10 0 0.000000 0.000000 0.000000 2 0.000000 10.150000 0.00000010.1500 -76.5666 23.4334 0.0000 0.0000 11000000.00 2805686.75 0.0000 4.9198 0.3489
0.10 1 0.150000 10.000000 0.000000 2 0.000000 10.150000 0.0000000.2121 17.5055 117.5055 0.0000 0.0000 11000000.00 4326078.23 0.0000 3.8936 0.2263
0.20 0 0.000000 0.000000 0.000000 1 0.300000 10.000000 0.00000010.0045 -76.2155 23.7845 0.0000 0.0000 11000000.00 4326077.79 0.0000 3.8936 0.2263
0.20 0 0.000000 0.000000 0.000000 2 0.000000 10.300000 0.00000010.3000 -76.9234 23.0766 0.0000 0.0000 11000000.00 2805686.57 0.0000 4.9198 0.3489
0.20 1 0.300000 10.000000 0.000000 2 0.000000 10.300000 0.0000000.4243 0.6478 100.6478 0.0000 0.0000 11000000.00 4326078.23 0.0000 3.8936 0.2263
0.30 0 0.000000 0.000000 0.000000 1 0.450000 10.000000 0.00000010.0101 -76.2291 23.7709 0.0000 0.0000 11000000.00 4326077.78 0.0000 3.8936 0.2263
0.30 0 0.000000 0.000000 0.000000 2 0.000000 10.450000 0.00000010.4500 -77.2751 22.7249 0.0000 0.0000 11000000.00 2805686.32 0.0000 4.9198 0.3489
0.30 1 0.450000 10.000000 0.000000 2 0.000000 10.450000 0.0000000.6364 -9.2133 90.7867 0.0000 0.0000 11000000.00 4326078.23 0.0000 3.8936 0.2263
0.40 0 0.000000 0.000000 0.000000 1 0.600000 10.000000 0.00000010.0180 -76.2482 23.7518 0.0000 0.0000 11000000.00 4326077.77 0.0000 3.8936 0.2263
0.40 0 0.000000 0.000000 0.000000 2 0.000000 10.600000 0.00000010.6000 -77.6217 22.3783 0.0000 0.0000 11000000.00 2805685.98 0.0000 4.9198 0.3489
0.40 1 0.600000 10.000000 0.000000 2 0.000000 10.600000 0.0000000.8485 -16.2099 83.7901 0.0000 0.0000 11000000.00 4326078.23 0.0000 3.8936 0.2263
0.50 0 0.000000 0.000000 0.000000 1 0.750000 10.000000 0.00000010.0281 -76.2728 23.7272 0.0000 0.0000 11000000.00 4326077.76 0.0000 3.8936 0.2263
0.50 0 0.000000 0.000000 0.000000 2 0.000000 10.750000 0.00000010.7500 -77.9634 22.0366 0.0000 0.0000 11000000.00 2805685.51 0.0000 4.9198 0.3489
0.50 1 0.750000 10.000000 0.000000 2 0.000000 10.750000 0.0000001.0607 -21.6368 78.3632 0.0000 0.0000 11000000.00 4326078.23 0.0000 3.8936 0.2263
0.60 0 0.000000 0.000000 0.000000 1 0.900000 10.000000 0.00000010.0404 -76.3026 23.6974 0.0000 0.0000 11000000.00 4326077.75 0.0000 3.8936 0.2263
0.60 0 0.000000 0.000000 0.000000 2 0.000000 10.900000 0.00000010.9000 -78.3004 21.6996 0.0000 0.0000 11000000.00 2805684.85 0.0000 4.9198 0.3489
0.60 1 0.900000 10.000000 0.000000 2 0.000000 10.900000 0.0000001.2728 -26.0710 73.9290 0.0000 0.0000 11000000.00 4326078.23 0.0000 3.8936 0.2263
0.70 0 0.000000 0.000000 0.000000 1 1.050000 10.000000 0.00000010.0550 -76.3379 23.6621 0.0000 0.0000 11000000.00 4326077.73 0.0000 3.8936 0.2263
0.70 0 0.000000 0.000000 0.000000 2 0.000000 11.050000 0.00000011.0500 -78.6328 21.3672 0.0000 0.0000 11000000.00 2805683.94 0.0000 4.9198 0.3489
0.70 1 1.050000 10.000000 0.000000 2 0.000000 11.050000 0.0000001.4849 -29.8200 70.1800 0.0000 0.0000 11000000.00 4326078.23 0.0000 3.8936 0.2263
0.80 0 0.000000 0.000000 0.000000 1 1.200000 10.000000 0.00000010.0717 -76.3784 23.6216 0.0000 0.0000 11000000.00 4326077.71 0.0000 3.8936 0.2263
0.80 0 0.000000 0.000000 0.000000 2 0.000000 11.200000 0.00000011.2000 -78.9608 21.0392 0.0000 0.0000 11000000.00 2805682.69 0.0000 4.9198 0.3489
0.80 1 1.200000 10.000000 0.000000 2 0.000000 11.200000 0.0000001.6971 -33.0675 66.9325 0.0000 0.0000 11000000.00 4326078.23 0.0000 3.8936 0.2263
0.90 0 0.000000 0.000000 0.000000 1 1.350000 10.000000 0.00000010.0907 -76.4242 23.5758 0.0000 0.0000 11000000.00 4326077.69 0.0000 3.8936 0.2263
0.90 0 0.000000 0.000000 0.000000 2 0.000000 11.350000 0.00000011.3500 -79.2843 20.7157 0.0000 0.0000 11000000.00 2805680.98 0.0000 4.9198 0.3489
0.90 1 1.350000 10.000000 0.000000 2 0.000000 11.350000 0.0000001.9092 -35.9321 64.0679 0.0000 0.0000 11000000.00 4326078.23 0.0000 3.8936 0.2263
1.00 0 0.000000 0.000000 0.000000 1 1.500000 10.000000 0.00000010.1119 -76.4751 23.5249 0.0000 0.0000 11000000.00 4326077.66 0.0000 3.8936 0.2263
1.00 0 0.000000 0.000000 0.000000 2 0.000000 11.500000 0.00000011.5000 -79.6036 20.3964 0.0000 0.0000 11000000.00 2805678.66 0.0000 4.9198 0.3489
1.00 1 1.500000 10.000000 0.000000 2 0.000000 11.500000 0.0000002.1213 -38.4945 61.5055 0.0000 0.0000 11000000.00 4326078.23 0.0000 3.8936 0.2263
1.10 0 0.000000 0.000000 0.000000 1 1.650000 10.000000 0.00000010.1352 -76.5312 23.4688 0.0000 0.0000 11000000.00 4326077.62 0.0000 3.8936 0.2263
1.10 0 0.000000 0.000000 0.000000 2 0.000000 11.650000 0.00000011.6500 -79.9188 20.0812 0.0000 0.0000 11000000.00 2805675.51 0.0000 4.9198 0.3489
1.10 1 1.650000 10.000000 0.000000 2 0.000000 11.650000 0.0000002.3335 -40.8125 59.1875 0.0000 0.0000 11000000.00 4326078.23 0.0000 3.8936 0.2263
1.20 0 0.000000 0.000000 0.000000 1 1.800000 10.000000 0.00000010.1607 -76.5923 23.4077 0.0000 0.0000 11000000.00 4326077.59 0.0000 3.8936 0.2263
1.20 0 0.000000 0.000000 0.000000 2 0.000000 11.800000 0.00000011.8000 -80.2299 19.7701 0.0000 0.0000 11000000.00 2805671.26 0.0000 4.9198 0.3489
1.20 1 1.800000 10.000000 0.000000 2 0.000000 11.800000 0.0000002.5456 -42.9286 57.0714 0.0000 0.0000 11000000.00 4326078.23 0.0000 3.8936 0.2263
1.30 0 0.000000 0.000000 0.000000 1 1.950000 10.000000 0.00000010.1884 -76.6584 23.3416 0.0000 0.0000 11000000.00 4326077.54 0.0000 3.8936 0.2263
1.30 0 0.000000 0.000000 0.000000 2 0.000000 11.950000 0.00000011.9500 -80.5371 19.4629 0.0000 0.0000 11000000.00 2805665.55 0.0000 4.9198 0.3489
1.30 1 1.950000 10.000000 0.000000 2 0.000000 11.950000 0.0000002.7577 -44.8753 55.1247 0.0000 0.0000 11000000.00 4326078.23 0.0000 3.8936 0.2263
1.40 0 0.000000 0.000000 0.000000 1 2.100000 10.000000 0.00000010.2181 -76.7293 23.2707 0.0000 0.0000 11000000.00 4326077.49 0.0000 3.8936 0.2263
1.40 0 0.000000 0.000000 0.000000 2 0.000000 12.100000 0.00000012.1000 -80.8405 19.1595 0.0000 0.0000 11000000.00 2805657.89 0.0000 4.9198 0.3489
1.40 1 2.100000 10.000000 0.000000 2 0.000000 12.100000 0.0000002.9698 -46.6777 53.3223 0.0000 0.0000 11000000.00 4326078.23 0.0000 3.8936 0.2263
1.50 0 0.000000 0.000000 0.000000 1 2.250000 10.000000 0.00000010.2500 -76.8051 23.1949 0.0000 0.0000 11000000.00 4326077.43 0.0000 3.8936 0.2263
1.50 0 0.000000 0.000000 0.000000 2 0.000000 12.250000 0.00000012.2500 -81.1402 18.8598 0.0000 0.0000 11000000.00 2805647.67 0.0000 4.9198 0.3490
1.50 1 2.250000 10.000000 0.000000 2 0.000000 12.250000 0.0000003.1820 -48.3556 51.6444 0.0000 0.0000 11000000.00 4326078.23 0.0000 3.8936 0.2263
1.60 0 0.000000 0.000000 0.000000 1 2.400000 10.000000 0.00000010.2840 -76.8855 23.1145 0.0000 0.0000 11000000.00 4326077.37 0.0000 3.8936 0.2263
1.60 0 0.000000 0.000000 0.000000 2 0.000000 12.400000 0.00000012.4000 -81.4362 18.5638 0.0000 0.0000 11000000.00 2805634.07 0.0000 4.9198 0.3490
1.60 1 2.400000 10.000000 0.000000 2 0.000000 12.400000 0.0000003.3941 -49.9252 50.0748 0.0000 0.0000 11000000.00 4326078.23 0.0000 3.8936 0.2263
1.70 0 0.000000 0.000000 0.000000 1 2.550000 10.000000 0.00000010.3200 -76.9706 23.0294 0.0000 0.0000 11000000.00 4326077.29 0.0000 3.8936 0.2263
1.70 0 0.000000 0.000000 0.000000 2 0.000000 12.550000 0.00000012.5500 -81.7286 18.2714 0.0000 0.0000 11000000.00 2805616.04 0.0000 4.9199 0.3490
1.70 1 2.550000 10.000000 0.000000 2 0.000000 12.550000 0.0000003.6062 -51.3996 48.6004 0.0000 0.0000 11000000.00 4326078.23 0.0000 3.8936 0.2263
1.80 0 0.000000 0.000000 0.000000 1 2.700000 10.000000 0.00000010.3581 -77.0602 22.9398 0.0000 0.0000 11000000.00 4326077.20 0.0000 3.8936 0.2263
1.80 0 0.000000 0.000000 0.000000 2 0.000000 12.700000 0.00000012.7000 -82.0176 17.9824 0.0000 0.0000 11000000.00 2805592.21 0.0000 4.9199 0.3491
1.80 1 2.700000 10.000000 0.000000 2 0.000000 12.700000 0.0000003.8184 -52.7898 47.2102 0.0000 0.0000 11000000.00 4326078.23 0.0000 3.8936 0.2263
1.90 0 0.000000 0.000000 0.000000 1 2.850000 10.000000 0.00000010.3982 -77.1542 22.8458 0.0000 0.0000 11000000.00 4326077.10 0.0000 3.8936 0.2263
1.90 0 0.000000 0.000000 0.000000 2 0.000000 12.850000 0.00000012.8500 -82.3031 17.6969 0.0000 0.0000 11000000.00 2805560.83 0.0000 4.9199 0.3491
1.90 1 2.850000 10.000000 0.000000 2 0.000000 12.850000 0.0000004.0305 -54.1047 45.8953 0.0000 0.0000 11000000.00 4326078.23 0.0000 3.8936 0.2263
2.00 0 0.000000 0.000000 0.000000 1 3.000000 10.000000 0.00000010.4403 -77.2525 22.7475 0.0000 0.0000 11000000.00 4326076.98 0.0000 3.8936 0.2263
2.00 0 0.000000 0.000000 0.000000 2 0.000000 13.000000 0.00000013.0000 -82.5854 17.4146 0.0000 0.0000 11000000.00 2805519.63 0.0000 4.9200 0.3492
2.00 1 3.000000 10.000000 0.000000 2 0.000000 13.000000 0.0000004.2426 -55.3522 44.6478 0.0000 0.0000 11000000.00 4326078.23 0.0000 3.8936 0.2263
2.10 0 0.000000 0.000000 0.000000 1 3.400000 10.000000 0.00000010.5622 -77.5348 22.4652 0.0000 0.0000 11000000.00 4326076.58 0.0000 3.8936 0.2263
2.10 0 0.000000 0.000000 0.000000 2 0.000000 13.400000 0.00000013.4000 -83.3224 16.6776 0.0001 0.0001 11000000.00 2805337.08 0.0000 4.9201 0.3496
2.10 1 3.400000 10.000000 0.000000 2 0.000000 13.400000 0.0000004.8083 -58.3962 41.6038 0.0000 0.0000 11000000.00 4326078.23 0.0000 3.8936 0.2263
2.20 0 0.000000 0.000000 0.000000 1 3.800000 10.000000 0.00000010.6977 -77.8447 22.1553 0.0000 0.0000 11000000.00 4326075.98 0.0000 3.8936 0.2263
2.20 0 0.000000 0.000000 0.000000 2 0.000000 13.800000 0.00000013.8000 -84.0378 15.9622 0.0002 0.0002 11000000.00 2804971.26 0.0000 4.9205 0.3503
2.20 1 3.800000 10.000000 0.000000 2 0.000000 13.800000 0.0000005.3740 -61.1013 38.8987 0.0000 0.0000 11000000.00 4326078.23 0.0000 3.8936 0.2263
2.30 0 0.000000 0.000000 0.000000 1 4.200000 10.000000 0.00000010.8462 -78.1801 21.8199 0.0000 0.0000 11000000.00 4326075.08 0.0000 3.8936 0.2263
2.30 0 0.000000 0.000000 0.000000 2 0.000000 14.200000 0.00000014.2000 -84.7327 15.2673 0.0004 0.0004 11000000.00 2804252.79 0.0000 4.9213 0.3517
2.30 1 4.200000 10.000000 0.000000 2 0.000000 14.200000 0.0000005.9397 -63.5353 36.4647 0.0000 0.0000 11000000.00 4326078.23 0.0000 3.8936 0.2263
2.40 0 0.000000 0.000000 0.000000 1 4.600000 10.000000 0.00000011.0073 -78.5386 21.4614 0.0000 0.0000 11000000.00 4326073.72 0.0000 3.8936 0.2263
2.40 0 0.000000 0.000000 0.000000 2 0.000000 14.600000 0.00000014.6000 -85.4083 14.5917 0.0008 0.0008 11000000.00 2802868.12 0.0000 4.9227 0.3545
2.40 1 4.600000 10.000000 0.000000 2 0.000000 14.600000 0.0000006.5054 -65.7478 34.2522 0.0000 0.0000 11000000.00 4326078.19 0.0000 3.8936 0.2263
2.50 0 0.000000 0.000000 0.000000 1 5.000000 10.000000 0.00000011.1803 -78.9180 21.0820 0.0000 0.0000 11000000.00 4326071.63 0.0000 3.8936 0.2263
2.50 0 0.000000 0.000000 0.000000 2 0.000000 15.000000 0.00000015.0000 -86.0657 13.9343 0.0016 0.0016 11000000.00 2800246.75 0.0000 4.9255 0.3597
2.50 1 5.000000 10.000000 0.000000 2 0.000000 15.000000 0.0000007.0711 -67.7757 32.2243 0.0000 0.0000 11000000.00 4326077.95 0.0000 3.8936 0.2263
2.60 0 0.000000 0.000000 0.000000 1 5.400000 10.000000 0.00000011.3649 -79.3161 20.6839 0.0000 0.0000 11000000.00 4326068.41 0.0000 3.8936 0.2263
2.60 0 0.000000 0.000000 0.000000 2 0.000000 15.400000 0.00000015.4000 -86.7057 13.2943 0.0030 0.0030 11000000.00 2795366.87 0.0000 4.9306 0.3694
2.60 1 5.400000 10.000000 0.000000 2 0.000000 15.400000 0.0000007.6368 -69.6474 30.3526 0.0000 0.0000 11000000.00 4326076.38 0.0000 3.8936 0.2263
2.70 0 0.000000 0.000000 0.000000 1 5.800000 10.000000 0.00000011.5603 -79.7308 20.2692 0.0000 0.0000 11000000.00 4326063.36 0.0000 3.8936 0.2263
2.70 0 0.000000 0.000000 0.000000 2 0.000000 15.800000 0.00000015.8000 -87.3293 12.6707 0.0055 0.0056 11000000.00 2786425.23 0.0000 4.9400 0.3871
2.70 1 5.800000 10.000000 0.000000 2 0.000000 15.800000 0.0000008.2024 -71.3854 28.6146 0.0000 0.0000 11000000.00 4326067.70 0.0000 3.8936 0.2263
2.80 0 0.000000 0.000000 0.000000 1 6.200000 10.000000 0.00000011.7661 -80.1599 19.8401 0.0000 0.0000 11000000.00 4326055.39 0.0000 3.8936 0.2263
2.80 0 0.000000 0.000000 0.000000 2 0.000000 16.200000 0.00000016.2000 -87.9374 12.0626 0.0102 0.0103 11000000.00 2770281.46 0.0000 4.9571 0.4192
2.80 1 6.200000 10.000000 0.000000 2 0.000000 16.200000 0.0000008.7681 -73.0073 26.9927 0.0000 0.0000 11000000.00 4326024.92 0.0000 3.8937 0.2263
2.90 0 0.000000 0.000000 0.000000 1 6.600000 10.000000 0.00000011.9817 -80.6015 19.3985 0.0000 0.0000 11000000.00 4326042.71 0.0000 3.8936 0.2263
2.90 0 0.000000 0.000000 0.000000 2 0.000000 16.600000 0.00000016.6000 -88.5306 11.4694 0.0184 0.0188 11000000.00 2741528.81 0.0000 4.9881 0.4766
2.90 1 6.600000 10.000000 0.000000 2 0.000000 16.600000 0.0000009.3338 -74.5278 25.4722 0.0000 0.0000 11000000.00 4325834.37 0.0000 3.8937 0.2265
3.00 0 0.000000 0.000000 0.000000 1 7.000000 10.000000 0.00000012.2066 -81.0538 18.9462 0.0000 0.0000 11000000.00 4326022.39 0.0000 3.8937 0.2263
3.00 0 0.000000 0.000000 0.000000 2 0.000000 17.000000 0.00000017.0000 -89.1097 10.8903 0.0328 0.0340 11000000.00 2690937.13 0.0000 5.0443 0.5783
3.00 1 7.000000 10.000000 0.000000 2 0.000000 17.000000 0.0000009.8995 -75.9589 24.0411 0.0002 0.0002 11000000.00 4325058.15 0.0000 3.8941 0.2271
3.10 0 0.000000 0.000000 0.000000 1 7.400000 10.000000 0.00000012.4403 -81.5150 18.4850 0.0000 0.0000 11000000.00 4325989.67 0.0000 3.8937 0.2263
3.10 0 0.000000 0.000000 0.000000 2 0.000000 17.400000 0.00000017.4000 -89.6753 10.3247 0.0578 0.0614 11000000.00 2602795.72 0.0000 5.1474 0.7576
3.10 1 7.400000 10.000000 0.000000 2 0.000000 17.400000 0.00000010.4652 -77.3104 22.6896 0.0007 0.0007 11000000.00 4322137.17 0.0000 3.8954 0.2296
3.20 0 0.000000 0.000000 0.000000 1 7.800000 10.000000 0.00000012.6823 -81.9836 18.0164 0.0000 0.0000 11000000.00 4325936.73 0.0000 3.8937 0.2264
3.20 0 0.000000 0.000000 0.000000 2 0.000000 17.800000 0.00000017.8000 -90.2281 9.7719 0.1005 0.1117 11000000.00 2450121.76 0.0000 5.3435 1.0761
3.20 1 7.800000 10.000000 0.000000 2 0.000000 17.800000 0.00000011.0309 -78.5907 21.4093 0.0026 0.0027 11000000.00 4311895.10 0.0000 3.8999 0.2381
3.30 0 0.000000 0.000000 0.000000 1 8.200000 10.000000 0.00000012.9321 -82.4581 17.5419 0.0000 0.0000 11000000.00 4325850.81 0.0000 3.8937 0.2265
3.30 0 0.000000 0.000000 0.000000 2 0.000000 18.200000 0.00000018.2000 -90.7685 9.2315 0.1725 0.2085 11000000.00 2185039.29 0.0000 5.7491 1.6612
3.30 1 8.200000 10.000000 0.000000 2 0.000000 18.200000 0.00000011.5966 -79.8070 20.1930 0.0089 0.0090 11000000.00 4278170.74 0.0000 3.9148 0.2663
3.40 0 0.000000 0.000000 0.000000 1 8.600000 10.000000 0.00000013.1894 -82.9371 17.0629 0.0001 0.0001 11000000.00 4325711.04 0.0000 3.8938 0.2266
3.40 0 0.000000 0.000000 0.000000 2 0.000000 18.600000 0.00000018.6000 -91.2973 8.7027 0.2927 0.4137 11000000.00 1722251.97 0.0002 6.7566 2.8454
3.40 1 8.600000 10.000000 0.000000 2 0.000000 18.600000 0.00000012.1622 -80.9653 19.0347 0.0284 0.0293 11000000.00 4173043.96 0.0000 3.9631 0.3548
3.50 0 0.000000 0.000000 0.000000 1 9.000000 10.000000 0.00000013.4536 -83.4195 16.5805 0.0001 0.0001 11000000.00 4325483.39 0.0000 3.8939 0.2268
3.50 0 0.000000 0.000000 0.000000 2 0.000000 19.000000 0.00000019.0000 -91.8147 8.1853 0.4912 0.9517 11000000.00 1005399.61 0.0069 10.1480 6.3470
3.50 1 9.000000 10.000000 0.000000 2 0.000000 19.000000 0.00000012.7279 -82.0710 17.9290 0.0859 0.0940 11000000.00 3858927.80 0.0000 4.1229 0.6259
3.60 0 0.000000 0.000000 0.000000 1 9.400000 10.000000 0.00000013.7244 -83.9042 16.0958 0.0002 0.0002 11000000.00 4325112.40 0.0000 3.8941 0.2271
3.60 0 0.000000 0.000000 0.000000 2 0.000000 19.400000 0.00000019.4000 -92.3214 7.6786 0.8152 3.1169 11000000.00 394325.87 0.2393 22.7747 17.7490
3.60 1 9.400000 10.000000 0.000000 2 0.000000 19.400000 0.00000013.2936 -83.1285 16.8715 0.2473 0.3285 11000000.00 2928656.07 0.0001 4.7972 1.5306
3.70 0 0.000000 0.000000 0.000000 1 9.800000 10.000000 0.00000014.0014 -84.3902 15.6098 0.0003 0.0003 11000000.00 4324508.00 0.0000 3.8943 0.2276
3.70 0 0.000000 0.000000 0.000000 2 0.000000 19.800000 0.00000019.8000 -92.8178 7.1822 0.1812 0.2214 5500000.00 1395539.80 0.0000 7.8701 2.3496
3.70 1 9.800000 10.000000 0.000000 2 0.000000 19.800000 0.00000013.8593 -84.1420 15.8580 0.6813 1.9243 11000000.00 868797.76 0.0682 11.4291 8.2646
3.80 0 0.000000 0.000000 0.000000 1 10.200000 10.000000 0.00000014.2843 -84.8766 15.1234 0.0005 0.0005 11000000.00 4323524.32 0.0000 3.8948 0.2284
3.80 0 0.000000 0.000000 0.000000 2 0.000000 20.200000 0.00000020.2000 -93.3042 6.6958 0.2948 0.4177 5500000.00 1142100.36 0.0002 9.1727 3.8618
3.80 1 10.200000 10.000000 0.000000 2 0.000000 20.200000 0.00000014.4250 -85.1150 14.8850 1.0000 6.0000 11000000.00 416598.15 1.0000 21.6640 15.0263
3.90 0 0.000000 0.000000 0.000000 1 10.600000 10.000000 0.00000014.5726 -85.3626 14.6374 0.0008 0.0008 11000000.00 4321925.88 0.0000 3.8955 0.2297
3.90 0 0.000000 0.000000 0.000000 2 0.000000 20.600000 0.00000020.6000 -93.7811 6.2189 0.4749 0.8941 5500000.00 750859.30 0.0054 12.9102 7.3349
3.90 1 10.600000 10.000000 0.000000 2 0.000000 20.600000 0.00000014.9907 -86.0505 13.9495 0.0310 0.0319 5500000.00 2642104.12 0.0000 5.1006 0.4342
4.00 0 0.000000 0.000000 0.000000 1 11.000000 10.000000 0.00000014.8661 -85.8475 14.1525 0.0013 0.0013 11000000.00 4319333.95 0.0000 3.8966 0.2319
4.00 0 0.000000 0.000000 0.000000 2 0.000000 21.000000 0.00000021.0000 -94.2488 0.0000 1.0000 6.0000 5500000.00 340650.68 1.0000 26.0481 16.9052
4.00 1 11.000000 10.000000 0.000000 2 0.000000 21.000000 0.00000015.5563 -86.9514 7.2975 1.0000 6.0000 5500000.00 481752.81 1.0000 19.0046 11.9538
4.10 0 0.000000 0.000000 0.000000 1 11.250000 10.000000 0.00000015.0520 -86.1498 13.8502 0.0017 0.0017 11000000.00 4316953.02 0.0000 3.8976 0.2339
4.10 0 0.000000 0.000000 0.000000 2 0.000000 21.250000 0.00000021.2500 -94.5366 0.0000 1.0000 6.0000 1000000.00 126818.16 1.0000 66.5964 34.2831
4.10 1 11.250000 10.000000 0.000000 2 0.000000 21.250000 0.00000015.9099 -87.4979 7.0387 0.5687 1.2738 2000000.00 663232.31 0.0192 14.3516 7.8799
4.20 0 0.000000 0.000000 0.000000 1 11.500000 10.000000 0.00000015.2398 -86.4513 13.5487 0.0023 0.0023 11000000.00 4313740.96 0.0000 3.8990 0.2366
4.20 0 0.000000 0.000000 0.000000 2 0.000000 21.500000 0.00000021.5000 -94.8211 0.0000 1.0000 6.0000 1000000.00 126818.16 1.0000 66.5964 34.2831
4.20 1 11.500000 10.000000 0.000000 2 0.000000 21.500000 0.00000016.2635 -88.0325 6.7886 0.7303 2.2966 2000000.00 467054.28 0.1107 19.5397 11.6908
4.30 0 0.000000 0.000000 0.000000 1 11.750000 10.000000 0.00000015.4293 -86.7519 13.2481 0.0031 0.0031 11000000.00 4309412.87 0.0000 3.9010 0.2402
4.30 0 0.000000 0.000000 0.000000 2 0.000000 21.750000 0.00000021.7500 -95.1023 0.0000 1.0000 6.0000 1000000.00 126818.16 1.0000 66.5964 34.2831
4.30 1 11.750000 10.000000 0.000000 2 0.000000 21.750000 0.00000016.6170 -88.5555 6.5468 0.0463 0.0486 1000000.00 840222.10 0.0000 11.7498 1.0449
4.40 0 0.000000 0.000000 0.000000 1 12.000000 10.000000 0.00000015.6205 -87.0515 12.9485 0.0042 0.0042 11000000.00 4303588.45 0.0000 3.9035 0.2450
4.40 0 0.000000 0.000000 0.000000 2 0.000000 22.000000 0.00000022.0000 -95.3802 0.0000 1.0000 6.0000 1000000.00 126818.16 1.0000 66.5964 34.2831
4.40 1 12.000000 10.000000 0.000000 2 0.000000 22.000000 0.00000016.9706 -89.0675 6.3127 0.0585 0.0622 1000000.00 829027.51 0.0000 11.8815 1.2794
4.50 0 0.000000 0.000000 0.000000 1 12.250000 10.000000 0.00000015.8134 -87.3499 12.6501 0.0057 0.0057 11000000.00 4295760.78 0.0000 3.9070 0.2516
4.50 0 0.000000 0.000000 0.000000 2 0.000000 22.250000 0.00000022.2500 -95.6550 0.0000 1.0000 6.0000 1000000.00 126818.16 1.0000 66.5964 34.2831
4.50 1 12.250000 10.000000 0.000000 2 0.000000 22.250000 0.00000017.3241 -89.5690 6.0860 0.0734 0.0792 1000000.00 815364.29 0.0000 12.0470 1.5660
4.60 0 0.000000 0.000000 0.000000 1 12.500000 10.000000 0.00000016.0078 -87.6471 12.3529 0.0076 0.0077 11000000.00 4285255.23 0.0000 3.9117 0.2604
4.60 0 0.000000 0.000000 0.000000 2 0.000000 22.500000 0.00000022.5000 -95.9268 0.0000 1.0000 6.0000 1000000.00 126818.16 1.0000 66.5964 34.2831
4.60 1 12.500000 10.000000 0.000000 2 0.000000 22.500000 0.00000017.6777 -90.0603 5.8664 0.0914 0.1006 1000000.00 798792.19 0.0000 12.2555 1.9143
4.70 0 0.000000 0.000000 0.000000 1 12.750000 10.000000 0.00000016.2038 -87.9431 12.0569 0.0102 0.0103 11000000.00 4271175.17 0.0000 3.9180 0.2721
4.70 0 0.000000 0.000000 0.000000 2 0.000000 22.750000 0.00000022.7500 -96.1955 0.0000 1.0000 6.0000 1000000.00 126818.16 1.0000 66.5964 34.2831
4.70 1 12.750000 10.000000 0.000000 2 0.000000 22.750000 0.00000018.0312 -90.5420 5.6535 0.1131 0.1276 1000000.00 778808.09 0.0000 12.5186 2.3354
4.80 0 0.000000 0.000000 0.000000 1 13.000000 10.000000 0.00000016.4012 -88.2376 11.7624 0.0137 0.0139 11000000.00 4252330.29 0.0000 3.9265 0.2879
4.80 0 0.000000 0.000000 0.000000 2 0.000000 23.000000 0.00000023.0000 -96.4613 0.0000 1.0000 6.0000 1000000.00 126818.16 1.0000 66.5964 34.2831
4.80 1 13.000000 10.000000 0.000000 2 0.000000 23.000000 0.00000018.3848 -91.0142 5.4471 0.1391 0.1615 1000000.00 754837.26 0.0000 12.8527 2.8422
4.90 0 0.000000 0.000000 0.000000 1 13.250000 10.000000 0.00000016.6001 -88.5307 11.4693 0.0184 0.0188 11000000.00 4227141.78 0.0000 3.9380 0.3091
4.90 0 0.000000 0.000000 0.000000 2 0.000000 23.250000 0.00000023.2500 -96.7242 0.0000 1.0000 6.0000 1000000.00 126818.16 1.0000 66.5964 34.2831
4.90 1 13.250000 10.000000 0.000000 2 0.000000 23.250000 0.00000018.7383 -91.4775 5.2468 0.1699 0.2047 1000000.00 726224.39 0.0000 13.2803 3.4503
5.00 0 0.000000 0.000000 0.000000 1 13.500000 10.000000 0.00000016.8003 -88.8223 11.1777 0.0246 0.0253 11000000.00 4193516.28 0.0000 3.9535 0.3375
5.00 0 0.000000 0.000000 0.000000 2 0.000000 23.500000 0.00000023.5000 -96.9843 0.0000 1.0000 6.0000 1000000.00 126818.16 1.0000 66.5964 34.2831
5.00 1 13.500000 10.000000 0.000000 2 0.000000 23.500000 0.00000019.0919 -91.9321 5.0523 0.2064 0.2600 1000000.00 692229.49 0.0000 13.8342 4.1780
5.10 0 0.000000 0.000000 0.000000 1 13.750000 10.000000 0.00000017.0018 -89.1123 10.8877 0.0329 0.0340 11000000.00 4148677.23 0.0000 3.9746 0.3754
5.10 0 0.000000 0.000000 0.000000 2 0.000000 23.750000 0.00000023.7500 -97.2417 0.0000 1.0000 6.0000 1000000.00 126818.16 1.0000 66.5964 34.2831
5.10 1 13.750000 10.000000 0.000000 2 0.000000 23.750000 0.00000019.4454 -92.3783 4.8634 0.2493 0.3320 1000000.00 652046.97 0.0001 14.5635 5.0473
5.20 0 0.000000 0.000000 0.000000 1 14.000000 10.000000 0.00000017.2047 -89.4007 10.5993 0.0439 0.0460 11000000.00 4088936.38 0.0000 4.0035 0.4263
5.20 0 0.000000 0.000000 0.000000 2 0.000000 24.000000 0.00000024.0000 -97.4964 0.0000 1.0000 6.0000 1000000.00 126818.16 1.0000 66.5964 34.2831
5.20 1 14.000000 10.000000 0.000000 2 0.000000 24.000000 0.00000019.7990 -92.8166 4.6798 0.2995 0.4273 1000000.00 604894.14 0.0002 15.5429 6.0826
5.30 0 0.000000 0.000000 0.000000 1 14.250000 10.000000 0.00000017.4087 -89.6874 10.3126 0.0585 0.0622 11000000.00 4009378.27 0.0000 4.0432 0.4947
5.30 0 0.000000 0.000000 0.000000 2 0.000000 24.250000 0.00000024.2500 -97.7484 0.0000 1.0000 6.0000 1000000.00 126818.16 1.0000 66.5964 34.2831
5.30 1 14.250000 10.000000 0.000000 2 0.000000 24.250000 0.00000020.1525 -93.2470 4.5014 0.3580 0.5566 1000000.00 550260.85 0.0008 16.8875 7.3052
5.40 0 0.000000 0.000000 0.000000 1 14.500000 10.000000 0.00000017.6139 -89.9725 10.0275 0.0778 0.0844 11000000.00 3903411.24 0.0000 4.0987 0.5868
5.40 0 0.000000 0.000000 0.000000 2 0.000000 24.500000 0.00000024.5000 -97.9978 0.0000 1.0000 6.0000 1000000.00 126818.16 1.0000 66.5964 34.2831
5.40 1 14.500000 10.000000 0.000000 2 0.000000 24.500000 0.00000020.5061 -93.6700 4.3279 0.4259 0.7374 1000000.00 488434.90 0.0025 18.7719 8.7141
5.50 0 0.000000 0.000000 0.000000 1 14.750000 10.000000 0.00000017.8203 -90.2558 9.7442 0.1033 0.1152 11000000.00 3762102.92 0.0000 4.1775 0.7120
5.50 0 0.000000 0.000000 0.000000 2 0.000000 24.750000 0.00000024.7500 -98.2448 -5.5697 1.0000 6.0000 1000000.00 179347.96 1.0000 47.6766 24.2418
5.50 1 14.750000 10.000000 0.000000 2 0.000000 24.750000 0.00000020.8597 -94.0857 4.1590 0.5042 1.0003 1000000.00 421282.80 0.0083 21.4454 10.5248
5.60 0 0.000000 0.000000 0.000000 1 15.000000 10.000000 0.00000018.0278 -90.5373 9.4627 0.1369 0.1586 11000000.00 3573163.02 0.0000 4.2926 0.8841
5.60 0 0.000000 0.000000 0.000000 2 0.000000 25.000000 0.00000025.0000 -98.4892 -5.4516 1.0000 6.0000 1000000.00 179347.96 1.0000 47.6766 24.2418
5.60 1 15.000000 10.000000 0.000000 2 0.000000 25.000000 0.00000021.2132 -94.4945 3.9947 0.5943 1.4002 1000000.00 352819.88 0.0262 25.2186 13.8261
5.70 0 0.000000 0.000000 0.000000 1 15.250000 10.000000 0.00000018.2363 -90.8170 9.1830 0.1811 0.2211 11000000.00 3319448.04 0.0000 4.4679 1.1258
5.70 0 0.000000 0.000000 0.000000 2 0.000000 25.250000 0.00000025.2500 -98.7312 -5.3378 1.0000 6.0000 1000000.00 179347.96 1.0000 47.6766 24.2418
5.70 1 15.250000 10.000000 0.000000 2 0.000000 25.250000 0.00000021.5668 -94.8965 3.8347 0.6974 2.0394 1000000.00 288656.06 0.0802 30.3798 16.9768
5.80 0 0.000000 0.000000 0.000000 1 15.500000 10.000000 0.00000018.4459 -91.0949 8.9051 0.2391 0.3142 11000000.00 2977549.80 0.0000 4.7513 1.4774
5.80 0 0.000000 0.000000 0.000000 2 0.000000 25.500000 0.00000025.5000 -98.9708 -5.2281 1.0000 6.0000 1000000.00 179347.96 1.0000 47.6766 24.2418
5.80 1 15.500000 10.000000 0.000000 2 0.000000 25.500000 0.00000021.9203 -95.2920 3.6788 0.8150 3.1144 1000000.00 233985.66 0.2388 37.0107 20.8344
5.90 0 0.000000 0.000000 0.000000 1 15.750000 10.000000 0.00000018.6564 -91.3709 8.6291 0.3151 0.4597 11000000.00 2520965.84 0.0003 5.2495 2.0129
5.90 0 0.000000 0.000000 0.000000 2 0.000000 25.750000 0.00000025.7500 -99.2081 -5.1224 1.0000 6.0000 1000000.00 179347.96 1.0000 47.6766 24.2418
5.90 1 15.750000 10.000000 0.000000 2 0.000000 25.750000 0.00000022.2739 -95.6811 3.5270 0.9487 5.0096 1000000.00 191460.18 0.6915 44.7870 23.4231
6.00 0 0.000000 0.000000 0.000000 1 16.000000 10.000000 0.00000018.8680 -91.6451 8.3549 0.4145 0.7045 11000000.00 1943626.45 0.0021 6.2148 2.8564
6.00 0 0.000000 0.000000 0.000000 2 0.000000 26.000000 0.00000026.0000 -99.4431 -5.0204 1.0000 6.0000 1000000.00 179347.96 1.0000 47.6766 24.2418
6.00 1 16.000000 10.000000 0.000000 2 0.000000 26.000000 0.00000022.6274 -96.0641 3.3789 1.0000 6.0000 1000000.00 179347.96 1.0000 47.6766 24.2418
6.10 0 0.000000 0.000000 0.000000 1 16.250000 10.000000 0.00000019.0804 -91.9175 8.0825 0.5443 1.1634 11000000.00 1316273.68 0.0142 8.2236 5.1059
6.10 0 0.000000 0.000000 0.000000 2 0.000000 26.250000 0.00000026.2500 -99.6758 -4.9220 1.0000 6.0000 1000000.00 179347.96 1.0000 47.6766 24.2418
6.10 1 16.250000 10.000000 0.000000 2 0.000000 26.250000 0.00000022.9810 -96.4412 3.2346 1.0000 6.0000 1000000.00 179347.96 1.0000 47.6766 24.2418
6.20 0 0.000000 0.000000 0.000000 1 16.000000 10.000000 0.00000018.8680 -91.6451 8.3549 0.4145 0.7045 11000000.00 1943626.45 0.0021 6.2148 2.8564
6.20 0 0.000000 0.000000 0.000000 2 0.000000 26.000000 0.00000026.0000 -99.4431 -5.0204 1.0000 6.0000 1000000.00 179347.96 1.0000 47.6766 24.2418
6.20 1 16.000000 10.000000 0.000000 2 0.000000 26.000000 0.00000022.6274 -96.0641 3.3789 1.0000 6.0000 1000000.00 179347.96 1.0000 47.6766 24.2418
6.30 0 0.000000 0.000000 0.000000 1 15.750000 10.000000 0.00000018.6564 -91.3709 8.6291 0.3151 0.4597 11000000.00 2520965.84 0.0003 5.2495 2.0129
6.30 0 0.000000 0.000000 0.000000 2 0.000000 25.750000 0.00000025.7500 -99.2081 -5.1224 1.0000 6.0000 1000000.00 179347.96 1.0000 47.6766 24.2418
6.30 1 15.750000 10.000000 0.000000 2 0.000000 25.750000 0.00000022.2739 -95.6811 3.5270 0.9487 5.0096 1000000.00 191460.18 0.6915 44.7870 23.4231
6.40 0 0.000000 0.000000 0.000000 1 15.500000 10.000000 0.00000018.4459 -91.0949 8.9051 0.2391 0.3142 11000000.00 2977549.80 0.0000 4.7513 1.4774
6.40 0 0.000000 0.000000 0.000000 2 0.000000 25.500000 0.00000025.5000 -98.9708 -5.2281 1.0000 6.0000 1000000.00 179347.96 1.0000 47.6766 24.2418
6.40 1 15.500000 10.000000 0.000000 2 0.000000 25.500000 0.00000021.9203 -95.2920 3.6788 0.8150 3.1144 1000000.00 233985.66 0.2388 37.0107 20.8344
6.50 0 0.000000 0.000000 0.000000 1 15.250000 10.000000 0.00000018.2363 -90.8170 9.1830 0.1811 0.2211 11000000.00 3319448.04 0.0000 4.4679 1.1258
6.50 0 0.000000 0.000000 0.000000 2 0.000000 25.250000 0.00000025.2500 -98.7312 -5.3378 1.0000 6.0000 1000000.00 179347.96 1.0000 47.6766 24.2418
6.50 1 15.250000 10.000000 0.000000 2 0.000000 25.250000 0.00000021.5668 -94.8965 3.8347 0.6974 2.0394 1000000.00 288656.06 0.0802 30.3798 16.9768
6.60 0 0.000000 0.000000 0.000000 1 15.000000 10.000000 0.00000018.0278 -90.5373 9.4627 0.1369 0.1586 11000000.00 3573163.02 0.0000 4.2926 0.8841
6.60 0 0.000000 0.000000 0.000000 2 0.000000 25.000000 0.00000025.0000 -98.4892 -5.4516 1.0000 6.0000 1000000.00 179347.96 1.0000 47.6766 24.2418
6.60 1 15.000000 10.000000 0.000000 2 0.000000 25.000000 0.00000021.2132 -94.4945 3.9947 0.5943 1.4002 1000000.00 352819.88 0.0262 25.2186 13.8261
6.70 0 0.000000 0.000000 0.000000 1 14.750000 10.000000 0.00000017.8203 -90.2558 9.7442 0.1033 0.1152 11000000.00 3762102.92 0.0000 4.1775 0.7120
6.70 0 0.000000 0.000000 0.000000 2 0.000000 24.750000 0.00000024.7500 -98.2448 -5.5697 1.0000 6.0000 1000000.00 179347.96 1.0000 47.6766 24.2418
6.70 1 14.750000 10.000000 0.000000 2 0.000000 24.750000 0.00000020.8597 -94.0857 4.1590 0.5042 1.0003 1000000.00 421282.80 0.0083 21.4454 10.5248
6.80 0 0.000000 0.000000 0.000000 1 14.500000 10.000000 0.00000017.6139 -89.9725 10.0275 0.0778 0.0844 11000000.00 3903411.24 0.0000 4.0987 0.5868
6.80 0 0.000000 0.000000 0.000000 2 0.000000 24.500000 0.00000024.5000 -97.9978 0.0000 1.0000 6.0000 1000000.00 126818.16 1.0000 66.5964 34.2831
6.80 1 14.500000 10.000000 0.000000 2 0.000000 24.500000 0.00000020.5061 -93.6700 4.3279 0.4259 0.7374 1000000.00 488434.90 0.0025 18.7719 8.7141
6.90 0 0.000000 0.000000 0.000000 1 14.250000 10.000000 0.00000017.4087 -89.6874 10.3126 0.0585 0.0622 11000000.00 4009378.27 0.0000 4.0432 0.4947
6.90 0 0.000000 0.000000 0.000000 2 0.000000 24.250000 0.00000024.2500 -97.7484 0.0000 1.0000 6.0000 1000000.00 126818.16 1.0000 66.5964 34.2831
6.90 1 14.250000 10.000000 0.000000 2 0.000000 24.250000 0.00000020.1525 -93.2470 4.5014 0.3580 0.5566 1000000.00 550260.85 0.0008 16.8875 7.3052
7.00 0 0.000000 0.000000 0.000000 1 14.000000 10.000000 0.00000017.2047 -89.4007 10.5993 0.0439 0.0460 11000000.00 4088936.38 0.0000 4.0035 0.4263
7.00 0 0.000000 0.000000 0.000000 2 0.000000 24.000000 0.00000024.0000 -97.4964 0.0000 1.0000 6.0000 1000000.00 126818.16 1.0000 66.5964 34.2831
7.00 1 14.000000 10.000000 0.000000 2 0.000000 24.000000 0.00000019.7990 -92.8166 4.6798 0.2995 0.4273 1000000.00 604894.14 0.0002 15.5429 6.0826
7.10 0 0.000000 0.000000 0.000000 1 13.750000 10.000000 0.00000017.0018 -89.1123 10.8877 0.0329 0.0340 11000000.00 4148677.23 0.0000 3.9746 0.3754
7.10 0 0.000000 0.000000 0.000000 2 0.000000 23.750000 0.00000023.7500 -97.2417 0.0000 1.0000 6.0000 1000000.00 126818.16 1.0000 66.5964 34.2831
7.10 1 13.750000 10.000000 0.000000 2 0.000000 23.750000 0.00000019.4454 -92.3783 4.8634 0.2493 0.3320 1000000.00 652046.97 0.0001 14.5635 5.0473
7.20 0 0.000000 0.000000 0.000000 1 13.500000 10.000000 0.00000016.8003 -88.8223 11.1777 0.0246 0.0253 11000000.00 4193516.28 0.0000 3.9535 0.3375
7.20 0 0.000000 0.000000 0.000000 2 0.000000 23.500000 0.00000023.5000 -96.9843 0.0000 1.0000 6.0000 1000000.00 126818.16 1.0000 66.5964 34.2831
7.20 1 13.500000 10.000000 0.000000 2 0.000000 23.500000 0.00000019.0919 -91.9321 5.0523 0.2064 0.2600 1000000.00 692229.49 0.0000 13.8342 4.1780
7.30 0 0.000000 0.000000 0.000000 1 13.250000 10.000000 0.00000016.6001 -88.5307 11.4693 0.0184 0.0188 11000000.00 4227141.78 0.0000 3.9380 0.3091
7.30 0 0.000000 0.000000 0.000000 2 0.000000 23.250000 0.00000023.2500 -96.7242 0.0000 1.0000 6.0000 1000000.00 126818.16 1.0000 66.5964 34.2831
7.30 1 13.250000 10.000000 0.000000 2 0.000000 23.250000 0.00000018.7383 -91.4775 5.2468 0.1699 0.2047 1000000.00 726224.39 0.0000 13.2803 3.4503
7.40 0 0.000000 0.000000 0.000000 1 13.000000 10.000000 0.00000016.4012 -88.2376 11.7624 0.0137 0.0139 11000000.00 4252330.29 0.0000 3.9265 0.2879
7.40 0 0.000000 0.000000 0.000000 2 0.000000 23.000000 0.00000023.0000 -96.4613 0.0000 1.0000 6.0000 1000000.00 126818.16 1.0000 66.5964 34.2831
7.40 1 13.000000 10.000000 0.000000 2 0.000000 23.000000 0.00000018.3848 -91.0142 5.4471 0.1391 0.1615 1000000.00 754837.26 0.0000 12.8527 2.8422
7.50 0 0.000000 0.000000 0.000000 1 12.750000 10.000000 0.00000016.2038 -87.9431 12.0569 0.0102 0.0103 11000000.00 4271175.17 0.0000 3.9180 0.2721
7.50 0 0.000000 0.000000 0.000000 2 0.000000 22.750000 0.00000022.7500 -96.1955 0.0000 1.0000 6.0000 1000000.00 126818.16 1.0000 66.5964 34.2831
7.50 1 12.750000 10.000000 0.000000 2 0.000000 22.750000 0.00000018.0312 -90.5420 5.6535 0.1131 0.1276 1000000.00 778808.09 0.0000 12.5186 2.3354
7.60 0 0.000000 0.000000 0.000000 1 12.500000 10.000000 0.00000016.0078 -87.6471 12.3529 0.0076 0.0077 11000000.00 4285255.23 0.0000 3.9117 0.2604
7.60 0 0.000000 0.000000 0.000000 2 0.000000 22.500000 0.00000022.5000 -95.9268 0.0000 1.0000 6.0000 1000000.00 126818.16 1.0000 66.5964 34.2831
7.60 1 12.500000 10.000000 0.000000 2 0.000000 22.500000 0.00000017.6777 -90.0603 5.8664 0.0914 0.1006 1000000.00 798792.19 0.0000 12.2555 1.9143
7.70 0 0.000000 0.000000 0.000000 1 12.250000 10.000000 0.00000015.8134 -87.3499 12.6501 0.0057 0.0057 11000000.00 4295760.78 0.0000 3.9070 0.2516
7.70 0 0.000000 0.000000 0.000000 2 0.000000 22.250000 0.00000022.2500 -95.6550 0.0000 1.0000 6.0000 1000000.00 126818.16 1.0000 66.5964 34.2831
7.70 1 12.250000 10.000000 0.000000 2 0.000000 22.250000 0.00000017.3241 -89.5690 6.0860 0.0734 0.0792 1000000.00 815364.29 0.0000 12.0470 1.5660
7.80 0 0.000000 0.000000 0.000000 1 12.000000 10.000000 0.00000015.6205 -87.0515 12.9485 0.0042 0.0042 11000000.00 4303588.45 0.0000 3.9035 0.2450
7.80 0 0.000000 0.000000 0.000000 2 0.000000 22.000000 0.00000022.0000 -95.3802 0.0000 1.0000 6.0000 1000000.00 126818.16 1.0000 66.5964 34.2831
7.80 1 12.000000 10.000000 0.000000 2 0.000000 22.000000 0.00000016.9706 -89.0675 6.3127 0.0585 0.0622 1000000.00 829027.51 0.0000 11.8815 1.2794
7.90 0 0.000000 0.000000 0.000000 1 11.750000 10.000000 0.00000015.4293 -86.7519 13.2481 0.0031 0.0031 11000000.00 4309412.87 0.0000 3.9010 0.2402
7.90 0 0.000000 0.000000 0.000000 2 0.000000 21.750000 0.00000021.7500 -95.1023 0.0000 1.0000 6.0000 1000000.00 126818.16 1.0000 66.5964 34.2831
7.90 1 11.750000 10.000000 0.000000 2 0.000000 21.750000 0.00000016.6170 -88.5555 6.5468 0.0463 0.0486 1000000.00 840222.10 0.0000 11.7498 1.0449
8.00 0 0.000000 0.000000 0.000000 1 11.500000 10.000000 0.00000015.2398 -86.4513 13.5487 0.0023 0.0023 11000000.00 4313740.96 0.0000 3.8990 0.2366
8.00 0 0.000000 0.000000 0.000000 2 0.000000 21.500000 0.00000021.5000 -94.8211 0.0000 1.0000 6.0000 1000000.00 126818.16 1.0000 66.5964 34.2831
8.00 1 11.500000 10.000000 0.000000 2 0.000000 21.500000 0.00000016.2635 -88.0325 6.7886 0.0364 0.0377 1000000.00 849332.66 0.0000 11.6452 0.8542
8.10 0 0.000000 0.000000 0.000000 1 11.250000 10.000000 0.00000015.0520 -86.1498 13.8502 0.0017 0.0017 11000000.00 4316953.02 0.0000 3.8976 0.2339
8.10 0 0.000000 0.000000 0.000000 2 0.000000 21.250000 0.00000021.2500 -94.5366 0.0000 1.0000 6.0000 1000000.00 126818.16 1.0000 66.5964 34.2831
8.10 1 11.250000 10.000000 0.000000 2 0.000000 21.250000 0.00000015.9099 -87.4979 7.0387 0.0283 0.0291 1000000.00 856694.19 0.0000 11.5623 0.7003
8.20 0 0.000000 0.000000 0.000000 1 11.000000 10.000000 0.00000014.8661 -85.8475 14.1525 0.0013 0.0013 11000000.00 4319333.95 0.0000 3.8966 0.2319
8.20 0 0.000000 0.000000 0.000000 2 0.000000 21.000000 0.00000021.0000 -94.2488 0.0000 1.0000 6.0000 1000000.00 126818.16 1.0000 66.5964 34.2831
8.20 1 11.000000 10.000000 0.000000 2 0.000000 21.000000 0.00000015.5563 -86.9514 7.2975 0.0219 0.0223 1000000.00 862597.31 0.0000 11.4969 0.5769
8.30 0 0.000000 0.000000 0.000000 1 10.750000 10.000000 0.00000014.6820 -85.5446 14.4554 0.0009 0.0009 11000000.00 4321096.82 0.0000 3.8958 0.2304
8.30 0 0.000000 0.000000 0.000000 2 0.000000 20.750000 0.00000020.7500 -93.9576 6.0424 0.0767 0.0830 1000000.00 372545.06 0.0000 23.9893 3.5524
8.30 1 10.750000 10.000000 0.000000 2 0.000000 20.750000 0.00000015.2028 -86.3923 13.6077 0.0008 0.0008 2000000.00 1199272.66 0.0000 8.8308 0.2377
8.40 0 0.000000 0.000000 0.000000 1 10.500000 10.000000 0.00000014.5000 -85.2412 14.7588 0.0007 0.0007 11000000.00 4322400.73 0.0000 3.8952 0.2293
8.40 0 0.000000 0.000000 0.000000 2 0.000000 20.500000 0.00000020.5000 -93.6628 6.3372 0.0571 0.0606 1000000.00 380785.38 0.0000 23.5134 2.7303
8.40 1 10.500000 10.000000 0.000000 2 0.000000 20.500000 0.00000014.8492 -85.8200 14.1800 0.0246 0.0252 5500000.00 2662345.94 0.0000 5.0770 0.3911
8.50 0 0.000000 0.000000 0.000000 1 10.250000 10.000000 0.00000014.3200 -84.9374 15.0626 0.0005 0.0005 11000000.00 4323364.25 0.0000 3.8948 0.2285
8.50 0 0.000000 0.000000 0.000000 2 0.000000 20.250000 0.00000020.2500 -93.3643 6.6357 0.1152 0.1302 2000000.00 682041.77 0.0000 14.0110 2.9412
8.50 1 10.250000 10.000000 0.000000 2 0.000000 20.250000 0.00000014.4957 -85.2339 14.7661 0.0137 0.0139 5500000.00 2696895.19 0.0000 5.0376 0.3177
8.60 0 0.000000 0.000000 0.000000 1 10.000000 10.000000 0.00000014.1421 -84.6334 15.3666 0.0004 0.0004 11000000.00 4324075.68 0.0000 3.8945 0.2279
8.60 0 0.000000 0.000000 0.000000 2 0.000000 20.000000 0.00000020.0000 -93.0622 6.9378 0.0851 0.0931 2000000.00 707366.98 0.0000 13.5810 2.2542
8.60 1 10.000000 10.000000 0.000000 2 0.000000 20.000000 0.00000014.1421 -84.6334 15.3666 0.0075 0.0076 5500000.00 2716428.50 0.0000 5.0157 0.2763
8.70 0 0.000000 0.000000 0.000000 1 9.750000 10.000000 0.00000013.9665 -84.3294 15.6706 0.0003 0.0003 11000000.00 4324600.61 0.0000 3.8943 0.2275
8.70 0 0.000000 0.000000 0.000000 2 0.000000 19.750000 0.00000019.7500 -92.7563 7.2437 0.0627 0.0669 2000000.00 726193.95 0.0000 13.2807 1.7467
8.70 1 9.750000 10.000000 0.000000 2 0.000000 19.750000 0.00000013.7886 -84.0176 15.9824 0.0041 0.0041 5500000.00 2727327.03 0.0000 5.0037 0.2533
8.80 0 0.000000 0.000000 0.000000 1 9.500000 10.000000 0.00000013.7931 -84.0256 15.9744 0.0002 0.0002 11000000.00 4324987.72 0.0000 3.8941 0.2272
8.80 0 0.000000 0.000000 0.000000 2 0.000000 19.500000 0.00000019.5000 -92.4465 7.5535 0.1250 0.1429 5500000.00 1516708.51 0.0000 7.4012 1.6903
8.80 1 9.500000 10.000000 0.000000 2 0.000000 19.500000 0.00000013.4350 -83.3859 16.6141 0.0022 0.0022 5500000.00 2733320.97 0.0000 4.9971 0.2406
8.90 0 0.000000 0.000000 0.000000 1 9.250000 10.000000 0.00000013.6221 -83.7223 16.2777 0.0002 0.0002 11000000.00 4325273.08 0.0000 3.8940 0.2269
8.90 0 0.000000 0.000000 0.000000 2 0.000000 19.250000 0.00000019.2500 -92.1327 7.8673 0.0913 0.1005 5500000.00 1587915.52 0.0000 7.1590 1.3152
8.90 1 9.250000 10.000000 0.000000 2 0.000000 19.250000 0.00000013.0815 -82.7373 17.2627 0.1672 0.2008 11000000.00 3399733.12 0.0000 4.4096 1.0478
9.00 0 0.000000 0.000000 0.000000 1 9.000000 10.000000 0.00000013.4536 -83.4195 16.5805 0.0001 0.0001 11000000.00 4325483.39 0.0000 3.8939 0.2268
9.00 0 0.000000 0.000000 0.000000 2 0.000000 19.000000 0.00000019.0000 -91.8147 8.1853 0.0665 0.0712 5500000.00 1639954.60 0.0000 6.9953 1.0455
9.00 1 9.000000 10.000000 0.000000 2 0.000000 19.000000 0.00000012.7279 -82.0710 17.9290 0.0859 0.0940 11000000.00 3858927.80 0.0000 4.1229 0.6259
9.10 0 0.000000 0.000000 0.000000 1 8.750000 10.000000 0.00000013.2877 -83.1177 16.8823 0.0001 0.0001 11000000.00 4325638.37 0.0000 3.8938 0.2266
9.10 0 0.000000 0.000000 0.000000 2 0.000000 18.750000 0.00000018.7500 -91.4926 8.5074 0.3559 0.5514 11000000.00 1477708.84 0.0007 7.5437 3.6075
9.10 1 8.750000 10.000000 0.000000 2 0.000000 18.750000 0.00000012.3744 -81.3858 18.6142 0.0433 0.0452 11000000.00 4092464.14 0.0000 4.0017 0.4233
9.20 0 0.000000 0.000000 0.000000 1 9.100000 10.000000 0.00000013.5207 -83.5405 16.4595 0.0001 0.0001 11000000.00 4325406.88 0.0000 3.8939 0.2268
9.20 0 0.000000 0.000000 0.000000 2 0.000000 19.100000 0.00000019.1000 -91.9424 8.0576 0.5580 1.2245 11000000.00 818075.15 0.0169 12.0138 8.2789
9.20 1 9.100000 10.000000 0.000000 2 0.000000 19.100000 0.00000012.8693 -82.3397 17.6603 0.1124 0.1266 11000000.00 3711535.07 0.0000 4.2072 0.7575
9.30 0 0.000000 0.000000 0.000000 1 9.450000 10.000000 0.00000013.7587 -83.9649 16.0351 0.0002 0.0002 11000000.00 4325051.96 0.0000 3.8941 0.2271
9.30 0 0.000000 0.000000 0.000000 2 0.000000 19.450000 0.00000019.4500 -92.3840 7.6160 0.8679 3.7620 11000000.00 349205.64 0.3709 25.4590 19.7617
9.30 1 9.450000 10.000000 0.000000 2 0.000000 19.450000 0.00000013.3643 -83.2576 16.7424 0.2813 0.3913 11000000.00 2724139.72 0.0001 5.0072 1.7634
9.40 0 0.000000 0.000000 0.000000 1 9.800000 10.000000 0.00000014.0014 -84.3902 15.6098 0.0003 0.0003 11000000.00 4324508.00 0.0000 3.8943 0.2276
9.40 0 0.000000 0.000000 0.000000 2 0.000000 19.800000 0.00000019.8000 -92.8178 7.1822 0.1812 0.2214 5500000.00 1395539.80 0.0000 7.8701 2.3496
9.40 1 9.800000 10.000000 0.000000 2 0.000000 19.800000 0.00000013.8593 -84.1420 15.8580 0.6813 1.9243 11000000.00 868797.76 0.0682 11.4291 8.2646
9.50 0 0.000000 0.000000 0.000000 1 10.150000 10.000000 0.00000014.2486 -84.8158 15.1842 0.0004 0.0004 11000000.00 4323674.97 0.0000 3.8947 0.2283
9.50 0 0.000000 0.000000 0.000000 2 0.000000 20.150000 0.00000020.1500 -93.2439 6.7561 0.2775 0.3840 5500000.00 1181124.00 0.0001 8.9358 3.6134
9.50 1 10.150000 10.000000 0.000000 2 0.000000 20.150000 0.00000014.3543 -84.9955 15.0045 1.0000 6.0000 11000000.00 416598.15 1.0000 21.6640 15.0263
9.60 0 0.000000 0.000000 0.000000 1 10.500000 10.000000 0.00000014.5000 -85.2412 14.7588 0.0007 0.0007 11000000.00 4322400.73 0.0000 3.8952 0.2293
9.60 0 0.000000 0.000000 0.000000 2 0.000000 20.500000 0.00000020.5000 -93.6628 6.3372 0.4219 0.7257 5500000.00 859461.70 0.0024 11.5315 5.9063
9.60 1 10.500000 10.000000 0.000000 2 0.000000 20.500000 0.00000014.8492 -85.8200 14.1800 0.0246 0.0252 5500000.00 2662345.94 0.0000 5.0770 0.3911
9.70 0 0.000000 0.000000 0.000000 1 10.850000 10.000000 0.00000014.7554 -85.6658 14.3342 0.0010 0.0011 11000000.00 4320454.63 0.0000 3.8961 0.2310
9.70 0 0.000000 0.000000 0.000000 2 0.000000 20.850000 0.00000020.8500 -94.0745 0.0000 1.0000 6.0000 5500000.00 340650.68 1.0000 26.0481 16.9052
9.70 1 10.850000 10.000000 0.000000 2 0.000000 20.850000 0.00000015.3442 -86.6175 7.4570 1.0000 6.0000 5500000.00 481752.81 1.0000 19.0046 11.9538
9.80 0 0.000000 0.000000 0.000000 1 11.200000 10.000000 0.00000015.0147 -86.0894 13.9106 0.0016 0.0016 11000000.00 4317487.97 0.0000 3.8974 0.2334
9.80 0 0.000000 0.000000 0.000000 2 0.000000 21.200000 0.00000021.2000 -94.4794 0.0000 1.0000 6.0000 1000000.00 126818.16 1.0000 66.5964 34.2831
9.80 1 11.200000 10.000000 0.000000 2 0.000000 21.200000 0.00000015.8392 -87.3896 7.0898 0.5404 1.1464 2000000.00 706122.06 0.0135 13.6014 7.2082
9.90 0 0.000000 0.000000 0.000000 1 11.550000 10.000000 0.00000015.2775 -86.5115 13.4885 0.0024 0.0024 11000000.00 4312975.24 0.0000 3.8994 0.2372
9.90 0 0.000000 0.000000 0.000000 2 0.000000 21.550000 0.00000021.5500 -94.8776 0.0000 1.0000 6.0000 1000000.00 126818.16 1.0000 66.5964 34.2831
9.90 1 11.550000 10.000000 0.000000 2 0.000000 21.550000 0.00000016.3342 -88.1380 6.7396 0.7669 2.6211 2000000.00 433716.67 0.1561 20.8879 12.6045
10.00 0 0.000000 0.000000 0.000000 1 11.900000 10.000000 0.00000015.5438 -86.9318 13.0682 0.0037 0.0037 11000000.00 4306126.96 0.0000 3.9024 0.2429
10.00 0 0.000000 0.000000 0.000000 2 0.000000 21.900000 0.00000021.9000 -95.2694 0.0000 1.0000 6.0000 1000000.00 126818.16 1.0000 66.5964 34.2831
10.00 1 11.900000 10.000000 0.000000 2 0.000000 21.900000 0.00000016.8291 -88.8640 6.4054 0.0533 0.0563 1000000.00 833778.87 0.0000 11.8251 1.1798
10.10 0 0.000000 0.000000 0.000000 1 12.250000 10.000000 0.00000015.8134 -87.3499 12.6501 0.0057 0.0057 11000000.00 4295760.78 0.0000 3.9070 0.2516
10.10 0 0.000000 0.000000 0.000000 2 0.000000 22.250000 0.00000022.2500 -95.6550 0.0000 1.0000 6.0000 1000000.00 126818.16 1.0000 66.5964 34.2831
10.10 1 12.250000 10.000000 0.000000 2 0.000000 22.250000 0.00000017.3241 -89.5690 6.0860 0.0734 0.0792 1000000.00 815364.29 0.0000 12.0470 1.5660
10.20 0 0.000000 0.000000 0.000000 1 12.600000 10.000000 0.00000016.0860 -87.7657 12.2343 0.0086 0.0086 11000000.00 4280111.33 0.0000 3.9140 0.2647
10.20 0 0.000000 0.000000 0.000000 2 0.000000 22.600000 0.00000022.6000 -96.0346 0.0000 1.0000 6.0000 1000000.00 126818.16 1.0000 66.5964 34.2831
10.20 1 12.600000 10.000000 0.000000 2 0.000000 22.600000 0.00000017.8191 -90.2541 5.7805 0.0996 0.1107 1000000.00 791238.47 0.0000 12.3534 2.0733
10.30 0 0.000000 0.000000 0.000000 1 12.950000 10.000000 0.00000016.3616 -88.1788 11.8212 0.0129 0.0131 11000000.00 4256549.73 0.0000 3.9246 0.2844
10.30 0 0.000000 0.000000 0.000000 2 0.000000 22.950000 0.00000022.9500 -96.4084 0.0000 1.0000 6.0000 1000000.00 126818.16 1.0000 66.5964 34.2831
10.30 1 12.950000 10.000000 0.000000 2 0.000000 22.950000 0.00000018.3141 -90.9205 5.4879 0.1335 0.1541 1000000.00 759980.60 0.0000 12.7792 2.7333
10.40 0 0.000000 0.000000 0.000000 1 13.300000 10.000000 0.00000016.6400 -88.5891 11.4109 0.0195 0.0199 11000000.00 4221169.41 0.0000 3.9407 0.3141
10.40 0 0.000000 0.000000 0.000000 2 0.000000 23.300000 0.00000023.3000 -96.7765 0.0000 1.0000 6.0000 1000000.00 126818.16 1.0000 66.5964 34.2831
10.40 1 13.300000 10.000000 0.000000 2 0.000000 23.300000 0.00000018.8090 -91.5691 5.2074 0.1767 0.2147 1000000.00 719881.07 0.0000 13.3797 3.5856
10.50 0 0.000000 0.000000 0.000000 1 13.650000 10.000000 0.00000016.9211 -88.9965 11.0035 0.0293 0.0302 11000000.00 4168170.92 0.0000 3.9654 0.3589
10.50 0 0.000000 0.000000 0.000000 2 0.000000 23.650000 0.00000023.6500 -97.1391 0.0000 1.0000 6.0000 1000000.00 126818.16 1.0000 66.5964 34.2831
10.50 1 13.650000 10.000000 0.000000 2 0.000000 23.650000 0.00000019.3040 -92.2008 4.9383 0.2313 0.3009 1000000.00 668914.97 0.0000 14.2467 4.6810
10.60 0 0.000000 0.000000 0.000000 1 14.000000 10.000000 0.00000017.2047 -89.4007 10.5993 0.0439 0.0460 11000000.00 4088936.38 0.0000 4.0035 0.4263
10.60 0 0.000000 0.000000 0.000000 2 0.000000 24.000000 0.00000024.0000 -97.4964 0.0000 1.0000 6.0000 1000000.00 126818.16 1.0000 66.5964 34.2831
10.60 1 14.000000 10.000000 0.000000 2 0.000000 24.000000 0.00000019.7990 -92.8166 4.6798 0.2995 0.4273 1000000.00 604894.14 0.0002 15.5429 6.0826
10.70 0 0.000000 0.000000 0.000000 1 14.350000 10.000000 0.00000017.4906 -89.8017 10.1983 0.0656 0.0702 11000000.00 3970599.40 0.0000 4.0632 0.5282
10.70 0 0.000000 0.000000 0.000000 2 0.000000 24.350000 0.00000024.3500 -97.8485 0.0000 1.0000 6.0000 1000000.00 126818.16 1.0000 66.5964 34.2831
10.70 1 14.350000 10.000000 0.000000 2 0.000000 24.350000 0.00000020.2940 -93.4171 4.4314 0.3840 0.6214 1000000.00 526333.37 0.0012 17.5643 7.8480
10.80 0 0.000000 0.000000 0.000000 1 14.700000 10.000000 0.00000017.7789 -90.1992 9.8008 0.0976 0.1082 11000000.00 3793722.85 0.0000 4.1594 0.6837
10.80 0 0.000000 0.000000 0.000000 2 0.000000 24.700000 0.00000024.7000 -98.1956 -5.5939 1.0000 6.0000 1000000.00 179347.96 1.0000 47.6766 24.2418
10.80 1 14.700000 10.000000 0.000000 2 0.000000 24.700000 0.00000020.7889 -94.0032 4.1924 0.4877 0.9390 1000000.00 434977.86 0.0066 20.8331 9.9341
10.90 0 0.000000 0.000000 0.000000 1 15.050000 10.000000 0.00000018.0694 -90.5934 9.4066 0.1448 0.1693 11000000.00 3528255.97 0.0000 4.3218 0.9259
10.90 0 0.000000 0.000000 0.000000 2 0.000000 25.050000 0.00000025.0500 -98.5378 -5.4285 1.0000 6.0000 1000000.00 179347.96 1.0000 47.6766 24.2418
10.90 1 15.050000 10.000000 0.000000 2 0.000000 25.050000 0.00000021.2839 -94.5754 3.9623 0.6138 1.5044 1000000.00 339454.90 0.0328 26.1328 14.4967
11.00 0 0.000000 0.000000 0.000000 1 15.400000 10.000000 0.00000018.3619 -90.9840 9.0160 0.2140 0.2722 11000000.00 3126637.60 0.0000 4.6201 1.3198
11.00 0 0.000000 0.000000 0.000000 2 0.000000 25.400000 0.00000025.4000 -98.8752 -5.2715 1.0000 6.0000 1000000.00 179347.96 1.0000 47.6766 24.2418
11.00 1 15.400000 10.000000 0.000000 2 0.000000 25.400000 0.00000021.7789 -95.1345 3.7407 0.7661 2.6134 1000000.00 254472.36 0.1549 34.1921 19.3645
11.10 0 0.000000 0.000000 0.000000 1 15.750000 10.000000 0.00000018.6564 -91.3709 8.6291 0.3151 0.4597 11000000.00 2520965.84 0.0003 5.2495 2.0129
11.10 0 0.000000 0.000000 0.000000 2 0.000000 25.750000 0.00000025.7500 -99.2081 -5.1224 1.0000 6.0000 1000000.00 179347.96 1.0000 47.6766 24.2418
11.10 1 15.750000 10.000000 0.000000 2 0.000000 25.750000 0.00000022.2739 -95.6811 3.5270 0.9487 5.0096 1000000.00 191460.18 0.6915 44.7870 23.4231
11.20 0 0.000000 0.000000 0.000000 1 16.100000 10.000000 0.00000018.9528 -91.7543 8.2457 0.4624 0.8516 11000000.00 1690980.07 0.0045 6.8445 3.6117
11.20 0 0.000000 0.000000 0.000000 2 0.000000 26.100000 0.00000026.1000 -99.5364 -4.9806 1.0000 6.0000 1000000.00 179347.96 1.0000 47.6766 24.2418
11.20 1 16.100000 10.000000 0.000000 2 0.000000 26.100000 0.00000022.7688 -96.2156 3.3208 1.0000 6.0000 1000000.00 179347.96 1.0000 47.6766 24.2418
11.30 0 0.000000 0.000000 0.000000 1 16.450000 10.000000 0.00000019.2510 -92.1340 7.8660 0.6759 1.8864 11000000.00 882707.40 0.0644 11.2805 8.1237
11.30 0 0.000000 0.000000 0.000000 2 0.000000 26.450000 0.00000026.4500 -99.8604 -4.8458 1.0000 6.0000 1000000.00 179347.96 1.0000 47.6766 24.2418
11.30 1 16.450000 10.000000 0.000000 2 0.000000 26.450000 0.00000023.2638 -96.7387 3.1217 1.0000 6.0000 1000000.00 179347.96 1.0000 47.6766 24.2418
11.40 0 0.000000 0.000000 0.000000 1 16.800000 10.000000 0.00000019.5510 -92.5100 7.4900 0.9844 5.6798 11000000.00 427974.18 0.8955 21.1413 14.8513
11.40 0 0.000000 0.000000 0.000000 2 0.000000 26.800000 0.00000026.8000 -100.1801 -2.9294 1.0000 6.0000 1000000.00 179347.96 1.0000 47.6766 24.2418
11.40 1 16.800000 10.000000 0.000000 2 0.000000 26.800000 0.00000023.7588 -97.2507 2.7493 1.0000 6.0000 1000000.00 179347.96 1.0000 47.6766 24.2418
11.50 0 0.000000 0.000000 0.000000 1 17.150000 10.000000 0.00000019.8525 -92.8822 7.1178 0.1933 0.2396 5500000.00 2111070.36 0.0000 5.8805 1.6198
11.50 0 0.000000 0.000000 0.000000 2 0.000000 27.150000 0.00000027.1500 -100.4957 -2.7435 1.0000 6.0000 1000000.00 179347.96 1.0000 47.6766 24.2418
11.50 1 17.150000 10.000000 0.000000 2 0.000000 27.150000 0.00000024.2538 -97.7522 2.2478 1.0000 6.0000 1000000.00 179347.96 1.0000 47.6766 24.2418
11.60 0 0.000000 0.000000 0.000000 1 17.500000 10.000000 0.00000020.1556 -93.2508 6.7492 0.2794 0.3876 5500000.00 1814557.89 0.0001 6.5146 2.3610
11.60 0 0.000000 0.000000 0.000000 2 0.000000 27.500000 0.00000027.5000 -100.8072 -2.5637 1.0000 6.0000 1000000.00 179347.96 1.0000 47.6766 24.2418
11.60 1 17.500000 10.000000 0.000000 2 0.000000 27.500000 0.00000024.7487 -98.2435 1.7565 1.0000 6.0000 1000000.00 179347.96 1.0000 47.6766 24.2418
11.70 0 0.000000 0.000000 0.000000 1 17.850000 10.000000 0.00000020.4603 -93.6156 6.3844 0.4025 0.6707 5500000.00 1389578.49 0.0017 7.8953 3.6139
11.70 0 0.000000 0.000000 0.000000 2 0.000000 27.850000 0.00000027.8500 -101.1148 -2.3896 1.0000 6.0000 1000000.00 179347.96 1.0000 47.6766 24.2418
11.70 1 17.850000 10.000000 0.000000 2 0.000000 27.850000 0.00000025.2437 -98.7251 1.2749 1.0000 6.0000 1000000.00 179347.96 1.0000 47.6766 24.2418
11.80 0 0.000000 0.000000 0.000000 1 18.200000 10.000000 0.00000020.7663 -93.9767 6.0233 0.5775 1.3162 5500000.00 878633.26 0.0214 11.3236 7.0091
11.80 0 0.000000 0.000000 0.000000 2 0.000000 28.200000 0.00000028.2000 -101.4185 -2.2211 1.0000 6.0000 1000000.00 179347.96 1.0000 47.6766 24.2418
11.80 1 18.200000 10.000000 0.000000 2 0.000000 28.200000 0.00000025.7387 -99.1974 0.8026 1.0000 6.0000 1000000.00 179347.96 1.0000 47.6766 24.2418
11.90 0 0.000000 0.000000 0.000000 1 18.550000 10.000000 0.00000021.0737 -94.3341 0.0000 1.0000 6.0000 5500000.00 481752.81 1.0000 19.0046 11.9538
11.90 0 0.000000 0.000000 0.000000 2 0.000000 28.550000 0.00000028.5500 -101.7185 -2.0578 1.0000 6.0000 1000000.00 179347.96 1.0000 47.6766 24.2418
11.90 1 18.550000 10.000000 0.000000 2 0.000000 28.550000 0.00000026.2337 -99.6606 0.3394 1.0000 6.0000 1000000.00 179347.96 1.0000 47.6766 24.2418
12.00 0 0.000000 0.000000 0.000000 1 18.900000 10.000000 0.00000021.3825 -94.6878 0.0000 1.0000 6.0000 1000000.00 179347.96 1.0000 47.6766 24.2418
12.00 0 0.000000 0.000000 0.000000 2 0.000000 28.900000 0.00000028.9000 -102.0148 -2.0148 1.0000 6.0000 1000000.00 179347.96 1.0000 47.6766 24.2418
12.00 1 18.900000 10.000000 0.000000 2 0.000000 28.900000 0.00000026.7286 -100.1152 -0.1152 1.0000 6.0000 1000000.00 179347.96 1.0000 47.6766 24.2418
12.10 0 0.000000 0.000000 0.000000 1 19.250000 10.000000 0.00000021.6925 -95.0378 0.0000 1.0000 6.0000 1000000.00 179347.96 1.0000 47.6766 24.2418
12.10 0 0.000000 0.000000 0.000000 2 0.000000 29.250000 0.00000029.2500 -102.3076 -2.3076 1.0000 6.0000 1000000.00 179347.96 1.0000 47.6766 24.2418
12.10 1 19.250000 10.000000 0.000000 2 0.000000 29.250000 0.00000027.2236 -100.5615 -0.5615 1.0000 6.0000 1000000.00 179347.96 1.0000 47.6766 24.2418
12.20 0 0.000000 0.000000 0.000000 1 19.300000 10.000000 0.00000021.7368 -95.0875 0.0000 1.0000 6.0000 1000000.00 179347.96 1.0000 47.6766 24.2418
12.20 0 0.000000 0.000000 0.000000 2 0.000000 29.300000 0.00000029.3000 -102.3491 -2.3491 1.0000 6.0000 1000000.00 179347.96 1.0000 47.6766 24.2418
12.20 1 19.300000 10.000000 0.000000 2 0.000000 29.300000 0.00000027.2943 -100.6246 -0.6246 1.0000 6.0000 1000000.00 179347.96 1.0000 47.6766 24.2418
12.30 0 0.000000 0.000000 0.000000 1 19.350000 10.000000 0.00000021.7812 -95.1372 0.0000 1.0000 6.0000 1000000.00 179347.96 1.0000 47.6766 24.2418
12.30 0 0.000000 0.000000 0.000000 2 0.000000 29.350000 0.00000029.3500 -102.3906 -2.3906 1.0000 6.0000 1000000.00 179347.96 1.0000 47.6766 24.2418
12.30 1 19.350000 10.000000 0.000000 2 0.000000 29.350000 0.00000027.3650 -100.6875 -0.6875 1.0000 6.0000 1000000.00 179347.96 1.0000 47.6766 24.2418
12.40 0 0.000000 0.000000 0.000000 1 19.400000 10.000000 0.00000021.8257 -95.1867 0.0000 1.0000 6.0000 1000000.00 179347.96 1.0000 47.6766 24.2418
12.40 0 0.000000 0.000000 0.000000 2 0.000000 29.400000 0.00000029.4000 -102.4320 -2.4320 1.0000 6.0000 1000000.00 179347.96 1.0000 47.6766 24.2418
12.40 1 19.400000 10.000000 0.000000 2 0.000000 29.400000 0.00000027.4357 -100.7503 -0.7503 1.0000 6.0000 1000000.00 179347.96 1.0000 47.6766 24.2418
12.50 0 0.000000 0.000000 0.000000 1 19.450000 10.000000 0.00000021.8701 -95.2362 0.0000 1.0000 6.0000 1000000.00 179347.96 1.0000 47.6766 24.2418
12.50 0 0.000000 0.000000 0.000000 2 0.000000 29.450000 0.00000029.4500 -102.4733 -2.4733 1.0000 6.0000 1000000.00 179347.96 1.0000 47.6766 24.2418
12.50 1 19.450000 10.000000 0.000000 2 0.000000 29.450000 0.00000027.5065 -100.8129 -0.8129 1.0000 6.0000 1000000.00 179347.96 1.0000 47.6766 24.2418
12.60 0 0.000000 0.000000 0.000000 1 19.500000 10.000000 0.00000021.9146 -95.2856 0.0000 1.0000 6.0000 1000000.00 179347.96 1.0000 47.6766 24.2418
12.60 0 0.000000 0.000000 0.000000 2 0.000000 29.500000 0.00000029.5000 -102.5146 -2.5146 1.0000 6.0000 1000000.00 179347.96 1.0000 47.6766 24.2418
12.60 1 19.500000 10.000000 0.000000 2 0.000000 29.500000 0.00000027.5772 -100.8753 -0.8753 1.0000 6.0000 1000000.00 179347.96 1.0000 47.6766 24.2418
12.70 0 0.000000 0.000000 0.000000 1 19.550000 10.000000 0.00000021.9591 -95.3350 0.0000 1.0000 6.0000 1000000.00 179347.96 1.0000 47.6766 24.2418
12.70 0 0.000000 0.000000 0.000000 2 0.000000 29.550000 0.00000029.5500 -102.5558 -2.5558 1.0000 6.0000 1000000.00 179347.96 1.0000 47.6766 24.2418
12.70 1 19.550000 10.000000 0.000000 2 0.000000 29.550000 0.00000027.6479 -100.9376 -0.9376 1.0000 6.0000 1000000.00 179347.96 1.0000 47.6766 24.2418
12.80 0 0.000000 0.000000 0.000000 1 19.600000 10.000000 0.00000022.0036 -95.3842 0.0000 1.0000 6.0000 1000000.00 179347.96 1.0000 47.6766 24.2418
12.80 0 0.000000 0.000000 0.000000 2 0.000000 29.600000 0.00000029.6000 -102.5969 -2.5969 1.0000 6.0000 1000000.00 179347.96 1.0000 47.6766 24.2418
12.80 1 19.600000 10.000000 0.000000 2 0.000000 29.600000 0.00000027.7186 -100.9997 -0.9997 1.0000 6.0000 1000000.00 179347.96 1.0000 47.6766 24.2418
12.90 0 0.000000 0.000000 0.000000 1 19.650000 10.000000 0.00000022.0482 -95.4334 0.0000 1.0000 6.0000 1000000.00 179347.96 1.0000 47.6766 24.2418
12.90 0 0.000000 0.000000 0.000000 2 0.000000 29.650000 0.00000029.6500 -102.6379 -2.6379 1.0000 6.0000 1000000.00 179347.96 1.0000 47.6766 24.2418
12.90 1 19.650000 10.000000 0.000000 2 0.000000 29.650000 0.00000027.7893 -101.0617 -1.0617 1.0000 6.0000 1000000.00 179347.96 1.0000 47.6766 24.2418
13.00 0 0.000000 0.000000 0.000000 1 19.700000 10.000000 0.00000022.0928 -95.4825 0.0000 1.0000 6.0000 1000000.00 179347.96 1.0000 47.6766 24.2418
13.00 0 0.000000 0.000000 0.000000 2 0.000000 29.700000 0.00000029.7000 -102.6789 -2.6789 1.0000 6.0000 1000000.00 179347.96 1.0000 47.6766 24.2418
13.00 1 19.700000 10.000000 0.000000 2 0.000000 29.700000 0.00000027.8600 -101.1235 -1.1235 1.0000 6.0000 1000000.00 179347.96 1.0000 47.6766 24.2418
13.10 0 0.000000 0.000000 0.000000 1 19.750000 10.000000 0.00000022.1374 -95.5316 0.0000 1.0000 6.0000 1000000.00 179347.96 1.0000 47.6766 24.2418
13.10 0 0.000000 0.000000 0.000000 2 0.000000 29.750000 0.00000029.7500 -102.7198 -2.7198 1.0000 6.0000 1000000.00 179347.96 1.0000 47.6766 24.2418
13.10 1 19.750000 10.000000 0.000000 2 0.000000 29.750000 0.00000027.9307 -101.1851 -1.1851 1.0000 6.0000 1000000.00 179347.96 1.0000 47.6766 24.2418
13.20 0 0.000000 0.000000 0.000000 1 19.800000 10.000000 0.00000022.1820 -95.5806 0.0000 1.0000 6.0000 1000000.00 179347.96 1.0000 47.6766 24.2418
13.20 0 0.000000 0.000000 0.000000 2 0.000000 29.800000 0.00000029.8000 -102.7607 -2.7607 1.0000 6.0000 1000000.00 179347.96 1.0000 47.6766 24.2418
13.20 1 19.800000 10.000000 0.000000 2 0.000000 29.800000 0.00000028.0014 -101.2466 -1.2466 1.0000 6.0000 1000000.00 179347.96 1.0000 47.6766 24.2418
13.30 0 0.000000 0.000000 0.000000 1 19.850000 10.000000 0.00000022.2266 -95.6295 0.0000 1.0000 6.0000 1000000.00 179347.96 1.0000 47.6766 24.2418
13.30 0 0.000000 0.000000 0.000000 2 0.000000 29.850000 0.00000029.8500 -102.8014 -2.8014 1.0000 6.0000 1000000.00 179347.96 1.0000 47.6766 24.2418
13.30 1 19.850000 10.000000 0.000000 2 0.000000 29.850000 0.00000028.0721 -101.3080 -1.3080 1.0000 6.0000 1000000.00 179347.96 1.0000 47.6766 24.2418
13.40 0 0.000000 0.000000 0.000000 1 19.900000 10.000000 0.00000022.2713 -95.6783 0.0000 1.0000 6.0000 1000000.00 179347.96 1.0000 47.6766 24.2418
13.40 0 0.000000 0.000000 0.000000 2 0.000000 29.900000 0.00000029.9000 -102.8421 -2.8421 1.0000 6.0000 1000000.00 179347.96 1.0000 47.6766 24.2418
13.40 1 19.900000 10.000000 0.000000 2 0.000000 29.900000 0.00000028.1428 -101.3692 -1.3692 1.0000 6.0000 1000000.00 179347.96 1.0000 47.6766 24.2418
13.50 0 0.000000 0.000000 0.000000 1 19.950000 10.000000 0.00000022.3160 -95.7270 0.0000 1.0000 6.0000 1000000.00 179347.96 1.0000 47.6766 24.2418
13.50 0 0.000000 0.000000 0.000000 2 0.000000 29.950000 0.00000029.9500 -102.8828 -2.8828 1.0000 6.0000 1000000.00 179347.96 1.0000 47.6766 24.2418
13.50 1 19.950000 10.000000 0.000000 2 0.000000 29.950000 0.00000028.2136 -101.4302 -1.4302 1.0000 6.0000 1000000.00 179347.96 1.0000 47.6766 24.2418
13.60 0 0.000000 0.000000 0.000000 1 20.000000 10.000000 0.00000022.3607 -95.7757 0.0000 1.0000 6.0000 1000000.00 179347.96 1.0000 47.6766 24.2418
13.60 0 0.000000 0.000000 0.000000 2 0.000000 30.000000 0.00000030.0000 -102.9233 -2.9233 1.0000 6.0000 1000000.00 179347.96 1.0000 47.6766 24.2418
13.60 1 20.000000 10.000000 0.000000 2 0.000000 30.000000 0.00000028.2843 -101.4911 -1.4911 1.0000 6.0000 1000000.00 179347.96 1.0000 47.6766 24.2418
13.70 0 0.000000 0.000000 0.000000 1 20.050000 10.000000 0.00000022.4054 -95.8243 0.0000 1.0000 6.0000 1000000.00 179347.96 1.0000 47.6766 24.2418
13.70 0 0.000000 0.000000 0.000000 2 0.000000 30.050000 0.00000030.0500 -102.9638 -2.9638 1.0000 6.0000 1000000.00 179347.96 1.0000 47.6766 24.2418
13.70 1 20.050000 10.000000 0.000000 2 0.000000 30.050000 0.00000028.3550 -101.5518 -1.5518 1.0000 6.0000 1000000.00 179347.96 1.0000 47.6766 24.2418
13.80 0 0.000000 0.000000 0.000000 1 20.100000 10.000000 0.00000022.4502 -95.8728 0.0000 1.0000 6.0000 1000000.00 179347.96 1.0000 47.6766 24.2418
13.80 0 0.000000 0.000000 0.000000 2 0.000000 30.100000 0.00000030.1000 -103.0043 -3.0043 1.0000 6.0000 1000000.00 179347.96 1.0000 47.6766 24.2418
13.80 1 20.100000 10.000000 0.000000 2 0.000000 30.100000 0.00000028.4257 -101.6124 -1.6124 1.0000 6.0000 1000000.00 179347.96 1.0000 47.6766 24.2418
13.90 0 0.000000 0.000000 0.000000 1 20.150000 10.000000 0.00000022.4949 -95.9213 0.0000 1.0000 6.0000 1000000.00 179347.96 1.0000 47.6766 24.2418
13.90 0 0.000000 0.000000 0.000000 2 0.000000 30.150000 0.00000030.1500 -103.0446 -3.0446 1.0000 6.0000 1000000.00 179347.96 1.0000 47.6766 24.2418
13.90 1 20.150000 10.000000 0.000000 2 0.000000 30.150000 0.00000028.4964 -101.6728 -1.6728 1.0000 6.0000 1000000.00 179347.96 1.0000 47.6766 24.2418
14.00 0 0.000000 0.000000 0.000000 1 20.200000 10.000000 0.00000022.5397 -95.9697 0.0000 1.0000 6.0000 1000000.00 179347.96 1.0000 47.6766 24.2418
14.00 0 0.000000 0.000000 0.000000 2 0.000000 30.200000 0.00000030.2000 -103.0849 -3.0849 1.0000 6.0000 1000000.00 179347.96 1.0000 47.6766 24.2418
14.00 1 20.200000 10.000000 0.000000 2 0.000000 30.200000 0.00000028.5671 -101.7331 -1.7331 1.0000 6.0000 1000000.00 179347.96 1.0000 47.6766 24.2418
14.10 0 0.000000 0.000000 0.000000 1 20.250000 10.000000 0.00000022.5846 -96.0180 0.0000 1.0000 6.0000 1000000.00 179347.96 1.0000 47.6766 24.2418
14.10 0 0.000000 0.000000 0.000000 2 0.000000 30.250000 0.00000030.2500 -103.1252 -3.1252 1.0000 6.0000 1000000.00 179347.96 1.0000 47.6766 24.2418
14.10 1 20.250000 10.000000 0.000000 2 0.000000 30.250000 0.00000028.6378 -101.7932 -1.7932 1.0000 6.0000 1000000.00 179347.96 1.0000 47.6766 24.2418
14.20 0 0.000000 0.000000 0.000000 1 20.300000 10.000000 0.00000022.6294 -96.0662 0.0000 1.0000 6.0000 1000000.00 179347.96 1.0000 47.6766 24.2418
14.20 0 0.000000 0.000000 0.000000 2 0.000000 30.300000 0.00000030.3000 -103.1653 -3.1653 1.0000 6.0000 1000000.00 179347.96 1.0000 47.6766 24.2418
14.20 1 20.300000 10.000000 0.000000 2 0.000000 30.300000 0.00000028.7085 -101.8532 -1.8532 1.0000 6.0000 1000000.00 179347.96 1.0000 47.6766 24.2418
14.30 0 0.000000 0.000000 0.000000 1 20.350000 10.000000 0.00000022.6743 -96.1144 0.0000 1.0000 6.0000 1000000.00 179347.96 1.0000 47.6766 24.2418
14.30 0 0.000000 0.000000 0.000000 2 0.000000 30.350000 0.00000030.3500 -103.2054 -3.2054 1.0000 6.0000 1000000.00 179347.96 1.0000 47.6766 24.2418
14.30 1 20.350000 10.000000 0.000000 2 0.000000 30.350000 0.00000028.7792 -101.9130 -1.9130 1.0000 6.0000 1000000.00 179347.96 1.0000 47.6766 24.2418
14.40 0 0.000000 0.000000 0.000000 1 20.400000 10.000000 0.00000022.7192 -96.1625 0.0000 1.0000 6.0000 1000000.00 179347.96 1.0000 47.6766 24.2418
14.40 0 0.000000 0.000000 0.000000 2 0.000000 30.400000 0.00000030.4000 -103.2455 -3.2455 1.0000 6.0000 1000000.00 179347.96 1.0000 47.6766 24.2418
14.40 1 20.400000 10.000000 0.000000 2 0.000000 30.400000 0.00000028.8500 -101.9727 -1.9727 1.0000 6.0000 1000000.00 179347.96 1.0000 47.6766 24.2418
14.50 0 0.000000 0.000000 0.000000 1 20.450000 10.000000 0.00000022.7641 -96.2105 0.0000 1.0000 6.0000 1000000.00 179347.96 1.0000 47.6766 24.2418
14.50 0 0.000000 0.000000 0.000000 2 0.000000 30.450000 0.00000030.4500 -103.2854 -3.2854 1.0000 6.0000 1000000.00 179347.96 1.0000 47.6766 24.2418
14.50 1 20.450000 10.000000 0.000000 2 0.000000 30.450000 0.00000028.9207 -102.0322 -2.0322 1.0000 6.0000 1000000.00 179347.96 1.0000 47.6766 24.2418
14.60 0 0.000000 0.000000 0.000000 1 20.500000 10.000000 0.00000022.8090 -96.2585 0.0000 1.0000 6.0000 1000000.00 179347.96 1.0000 47.6766 24.2418
14.60 0 0.000000 0.000000 0.000000 2 0.000000 30.500000 0.00000030.5000 -103.3253 -3.3253 1.0000 6.0000 1000000.00 179347.96 1.0000 47.6766 24.2418
14.60 1 20.500000 10.000000 0.000000 2 0.000000 30.500000 0.00000028.9914 -102.0916 -2.0916 1.0000 6.0000 1000000.00 179347.96 1.0000 47.6766 24.2418
14.70 0 0.000000 0.000000 0.000000 1 20.550000 10.000000 0.00000022.8539 -96.3064 0.0000 1.0000 6.0000 1000000.00 179347.96 1.0000 47.6766 24.2418
14.70 0 0.000000 0.000000 0.000000 2 0.000000 30.550000 0.00000030.5500 -103.3652 -3.3652 1.0000 6.0000 1000000.00 179347.96 1.0000 47.6766 24.2418
14.70 1 20.550000 10.000000 0.000000 2 0.000000 30.550000 0.00000029.0621 -102.1508 -2.1508 1.0000 6.0000 1000000.00 179347.96 1.0000 47.6766 24.2418
14.80 0 0.000000 0.000000 0.000000 1 20.600000 10.000000 0.00000022.8989 -96.3542 0.0000 1.0000 6.0000 1000000.00 179347.96 1.0000 47.6766 24.2418
14.80 0 0.000000 0.000000 0.000000 2 0.000000 30.600000 0.00000030.6000 -103.4049 -3.4049 1.0000 6.0000 1000000.00 179347.96 1.0000 47.6766 24.2418
14.80 1 20.600000 10.000000 0.000000 2 0.000000 30.600000 0.00000029.1328 -102.2100 -2.2100 1.0000 6.0000 1000000.00 179347.96 1.0000 47.6766 24.2418
14.90 0 0.000000 0.000000 0.000000 1 20.650000 10.000000 0.00000022.9439 -96.4019 0.0000 1.0000 6.0000 1000000.00 179347.96 1.0000 47.6766 24.2418
14.90 0 0.000000 0.000000 0.000000 2 0.000000 30.650000 0.00000030.6500 -103.4447 -3.4447 1.0000 6.0000 1000000.00 179347.96 1.0000 47.6766 24.2418
14.90 1 20.650000 10.000000 0.000000 2 0.000000 30.650000 0.00000029.2035 -102.2689 -2.2689 1.0000 6.0000 1000000.00 179347.96 1.0000 47.6766 24.2418
15.00 0 0.000000 0.000000 0.000000 1 20.700000 10.000000 0.00000022.9889 -96.4496 0.0000 1.0000 6.0000 1000000.00 179347.96 1.0000 47.6766 24.2418
15.00 0 0.000000 0.000000 0.000000 2 0.000000 30.700000 0.00000030.7000 -103.4843 -3.4843 1.0000 6.0000 1000000.00 179347.96 1.0000 47.6766 24.2418
15.00 1 20.700000 10.000000 0.000000 2 0.000000 30.700000 0.00000029.2742 -102.3277 -2.3277 1.0000 6.0000 1000000.00 179347.96 1.0000 47.6766 24.2418
15.10 0 0.000000 0.000000 0.000000 1 20.750000 10.000000 0.00000023.0339 -96.4972 0.0000 1.0000 6.0000 1000000.00 179347.96 1.0000 47.6766 24.2418
15.10 0 0.000000 0.000000 0.000000 2 0.000000 30.750000 0.00000030.7500 -103.5239 -3.5239 1.0000 6.0000 1000000.00 179347.96 1.0000 47.6766 24.2418
15.10 1 20.750000 10.000000 0.000000 2 0.000000 30.750000 0.00000029.3449 -102.3864 -2.3864 1.0000 6.0000 1000000.00 179347.96 1.0000 47.6766 24.2418
15.20 0 0.000000 0.000000 0.000000 1 20.650000 10.000000 0.00000022.9439 -96.4019 0.0000 1.0000 6.0000 1000000.00 179347.96 1.0000 47.6766 24.2418
15.20 0 0.000000 0.000000 0.000000 2 0.000000 30.650000 0.00000030.6500 -103.4447 -3.4447 1.0000 6.0000 1000000.00 179347.96 1.0000 47.6766 24.2418
15.20 1 20.650000 10.000000 0.000000 2 0.000000 30.650000 0.00000029.2035 -102.2689 -2.2689 1.0000 6.0000 1000000.00 179347.96 1.0000 47.6766 24.2418
15.30 0 0.000000 0.000000 0.000000 1 20.550000 10.000000 0.00000022.8539 -96.3064 0.0000 1.0000 6.0000 1000000.00 179347.96 1.0000 47.6766 24.2418
15.30 0 0.000000 0.000000 0.000000 2 0.000000 30.550000 0.00000030.5500 -103.3652 -3.3652 1.0000 6.0000 1000000.00 179347.96 1.0000 47.6766 24.2418
15.30 1 20.550000 10.000000 0.000000 2 0.000000 30.550000 0.00000029.0621 -102.1508 -2.1508 1.0000 6.0000 1000000.00 179347.96 1.0000 47.6766 24.2418
15.40 0 0.000000 0.000000 0.000000 1 20.450000 10.000000 0.00000022.7641 -96.2105 0.0000 1.0000 6.0000 1000000.00 179347.96 1.0000 47.6766 24.2418
15.40 0 0.000000 0.000000 0.000000 2 0.000000 30.450000 0.00000030.4500 -103.2854 -3.2854 1.0000 6.0000 1000000.00 179347.96 1.0000 47.6766 24.2418
15.40 1 20.450000 10.000000 0.000000 2 0.000000 30.450000 0.00000028.9207 -102.0322 -2.0322 1.0000 6.0000 1000000.00 179347.96 1.0000 47.6766 24.2418
15.50 0 0.000000 0.000000 0.000000 1 20.350000 10.000000 0.00000022.6743 -96.1144 0.0000 1.0000 6.0000 1000000.00 179347.96 1.0000 47.6766 24.2418
15.50 0 0.000000 0.000000 0.000000 2 0.000000 30.350000 0.00000030.3500 -103.2054 -3.2054 1.0000 6.0000 1000000.00 179347.96 1.0000 47.6766 24.2418
15.50 1 20.350000 10.000000 0.000000 2 0.000000 30.350000 0.00000028.7792 -101.9130 -1.9130 1.0000 6.0000 1000000.00 179347.96 1.0000 47.6766 24.2418
15.60 0 0.000000 0.000000 0.000000 1 20.250000 10.000000 0.00000022.5846 -96.0180 0.0000 1.0000 6.0000 1000000.00 179347.96 1.0000 47.6766 24.2418
15.60 0 0.000000 0.000000 0.000000 2 0.000000 30.250000 0.00000030.2500 -103.1252 -3.1252 1.0000 6.0000 1000000.00 179347.96 1.0000 47.6766 24.2418
15.60 1 20.250000 10.000000 0.000000 2 0.000000 30.250000 0.00000028.6378 -101.7932 -1.7932 1.0000 6.0000 1000000.00 179347.96 1.0000 47.6766 24.2418
15.70 0 0.000000 0.000000 0.000000 1 20.150000 10.000000 0.00000022.4949 -95.9213 0.0000 1.0000 6.0000 1000000.00 179347.96 1.0000 47.6766 24.2418
15.70 0 0.000000 0.000000 0.000000 2 0.000000 30.150000 0.00000030.1500 -103.0446 -3.0446 1.0000 6.0000 1000000.00 179347.96 1.0000 47.6766 24.2418
15.70 1 20.150000 10.000000 0.000000 2 0.000000 30.150000 0.00000028.4964 -101.6728 -1.6728 1.0000 6.0000 1000000.00 179347.96 1.0000 47.6766 24.2418
15.80 0 0.000000 0.000000 0.000000 1 20.050000 10.000000 0.00000022.4054 -95.8243 0.0000 1.0000 6.0000 1000000.00 179347.96 1.0000 47.6766 24.2418
15.80 0 0.000000 0.000000 0.000000 2 0.000000 30.050000 0.00000030.0500 -102.9638 -2.9638 1.0000 6.0000 1000000.00 179347.96 1.0000 47.6766 24.2418
15.80 1 20.050000 10.000000 0.000000 2 0.000000 30.050000 0.00000028.3550 -101.5518 -1.5518 1.0000 6.0000 1000000.00 179347.96 1.0000 47.6766 24.2418
15.90 0 0.000000 0.000000 0.000000 1 19.950000 10.000000 0.00000022.3160 -95.7270 0.0000 1.0000 6.0000 1000000.00 179347.96 1.0000 47.6766 24.2418
15.90 0 0.000000 0.000000 0.000000 2 0.000000 29.950000 0.00000029.9500 -102.8828 -2.8828 1.0000 6.0000 1000000.00 179347.96 1.0000 47.6766 24.2418
15.90 1 19.950000 10.000000 0.000000 2 0.000000 29.950000 0.00000028.2136 -101.4302 -1.4302 1.0000 6.0000 1000000.00 179347.96 1.0000 47.6766 24.2418
16.00 0 0.000000 0.000000 0.000000 1 19.850000 10.000000 0.00000022.2266 -95.6295 0.0000 1.0000 6.0000 1000000.00 179347.96 1.0000 47.6766 24.2418
16.00 0 0.000000 0.000000 0.000000 2 0.000000 29.850000 0.00000029.8500 -102.8014 -2.8014 1.0000 6.0000 1000000.00 179347.96 1.0000 47.6766 24.2418
16.00 1 19.850000 10.000000 0.000000 2 0.000000 29.850000 0.00000028.0721 -101.3080 -1.3080 1.0000 6.0000 1000000.00 179347.96 1.0000 47.6766 24.2418
16.10 0 0.000000 0.000000 0.000000 1 19.750000 10.000000 0.00000022.1374 -95.5316 0.0000 1.0000 6.0000 1000000.00 179347.96 1.0000 47.6766 24.2418
16.10 0 0.000000 0.000000 0.000000 2 0.000000 29.750000 0.00000029.7500 -102.7198 -2.7198 1.0000 6.0000 1000000.00 179347.96 1.0000 47.6766 24.2418
16.10 1 19.750000 10.000000 0.000000 2 0.000000 29.750000 0.00000027.9307 -101.1851 -1.1851 1.0000 6.0000 1000000.00 179347.96 1.0000 47.6766 24.2418
16.20 0 0.000000 0.000000 0.000000 1 19.650000 10.000000 0.00000022.0482 -95.4334 0.0000 1.0000 6.0000 1000000.00 179347.96 1.0000 47.6766 24.2418
16.20 0 0.000000 0.000000 0.000000 2 0.000000 29.650000 0.00000029.6500 -102.6379 -2.6379 1.0000 6.0000 1000000.00 179347.96 1.0000 47.6766 24.2418
16.20 1 19.650000 10.000000 0.000000 2 0.000000 29.650000 0.00000027.7893 -101.0617 -1.0617 1.0000 6.0000 1000000.00 179347.96 1.0000 47.6766 24.2418
16.30 0 0.000000 0.000000 0.000000 1 19.550000 10.000000 0.00000021.9591 -95.3350 0.0000 1.0000 6.0000 1000000.00 179347.96 1.0000 47.6766 24.2418
16.30 0 0.000000 0.000000 0.000000 2 0.000000 29.550000 0.00000029.5500 -102.5558 -2.5558 1.0000 6.0000 1000000.00 179347.96 1.0000 47.6766 24.2418
16.30 1 19.550000 10.000000 0.000000 2 0.000000 29.550000 0.00000027.6479 -100.9376 -0.9376 1.0000 6.0000 1000000.00 179347.96 1.0000 47.6766 24.2418
16.40 0 0.000000 0.000000 0.000000 1 19.450000 10.000000 0.00000021.8701 -95.2362 0.0000 1.0000 6.0000 1000000.00 179347.96 1.0000 47.6766 24.2418
16.40 0 0.000000 0.000000 0.000000 2 0.000000 29.450000 0.00000029.4500 -102.4733 -2.4733 1.0000 6.0000 1000000.00 179347.96 1.0000 47.6766 24.2418
16.40 1 19.450000 10.000000 0.000000 2 0.000000 29.450000 0.00000027.5065 -100.8129 -0.8129 1.0000 6.0000 1000000.00 179347.96 1.0000 47.6766 24.2418
16.50 0 0.000000 0.000000 0.000000 1 19.350000 10.000000 0.00000021.7812 -95.1372 0.0000 1.0000 6.0000 1000000.00 179347.96 1.0000 47.6766 24.2418
16.50 0 0.000000 0.000000 0.000000 2 0.000000 29.350000 0.00000029.3500 -102.3906 -2.3906 1.0000 6.0000 1000000.00 179347.96 1.0000 47.6766 24.2418
16.50 1 19.350000 10.000000 0.000000 2 0.000000 29.350000 0.00000027.3650 -100.6875 -0.6875 1.0000 6.0000 1000000.00 179347.96 1.0000 47.6766 24.2418
16.60 0 0.000000 0.000000 0.000000 1 19.250000 10.000000 0.00000021.6925 -95.0378 0.0000 1.0000 6.0000 1000000.00 179347.96 1.0000 47.6766 24.2418
16.60 0 0.000000 0.000000 0.000000 2 0.000000 29.250000 0.00000029.2500 -102.3076 -2.3076 1.0000 6.0000 1000000.00 179347.96 1.0000 47.6766 24.2418
16.60 1 19.250000 10.000000 0.000000 2 0.000000 29.250000 0.00000027.2236 -100.5615 -0.5615 1.0000 6.0000 1000000.00 179347.96 1.0000 47.6766 24.2418
16.70 0 0.000000 0.000000 0.000000 1 19.150000 10.000000 0.00000021.6038 -94.9382 0.0000 1.0000 6.0000 1000000.00 179347.96 1.0000 47.6766 24.2418
16.70 0 0.000000 0.000000 0.000000 2 0.000000 29.150000 0.00000029.1500 -102.2243 -2.2243 1.0000 6.0000 1000000.00 179347.96 1.0000 47.6766 24.2418
16.70 1 19.150000 10.000000 0.000000 2 0.000000 29.150000 0.00000027.0822 -100.4348 -0.4348 1.0000 6.0000 1000000.00 179347.96 1.0000 47.6766 24.2418
16.80 0 0.000000 0.000000 0.000000 1 19.050000 10.000000 0.00000021.5152 -94.8383 0.0000 1.0000 6.0000 1000000.00 179347.96 1.0000 47.6766 24.2418
16.80 0 0.000000 0.000000 0.000000 2 0.000000 29.050000 0.00000029.0500 -102.1407 -2.1407 1.0000 6.0000 1000000.00 179347.96 1.0000 47.6766 24.2418
16.80 1 19.050000 10.000000 0.000000 2 0.000000 29.050000 0.00000026.9408 -100.3075 -0.3075 1.0000 6.0000 1000000.00 179347.96 1.0000 47.6766 24.2418
16.90 0 0.000000 0.000000 0.000000 1 18.950000 10.000000 0.00000021.4267 -94.7380 0.0000 1.0000 6.0000 1000000.00 179347.96 1.0000 47.6766 24.2418
16.90 0 0.000000 0.000000 0.000000 2 0.000000 28.950000 0.00000028.9500 -102.0569 -2.0569 1.0000 6.0000 1000000.00 179347.96 1.0000 47.6766 24.2418
16.90 1 18.950000 10.000000 0.000000 2 0.000000 28.950000 0.00000026.7993 -100.1795 -0.1795 1.0000 6.0000 1000000.00 179347.96 1.0000 47.6766 24.2418
17.00 0 0.000000 0.000000 0.000000 1 18.850000 10.000000 0.00000021.3383 -94.6375 0.0000 1.0000 6.0000 1000000.00 179347.96 1.0000 47.6766 24.2418
17.00 0 0.000000 0.000000 0.000000 2 0.000000 28.850000 0.00000028.8500 -101.9727 -1.9727 1.0000 6.0000 1000000.00 179347.96 1.0000 47.6766 24.2418
17.00 1 18.850000 10.000000 0.000000 2 0.000000 28.850000 0.00000026.6579 -100.0508 -0.0508 1.0000 6.0000 1000000.00 179347.96 1.0000 47.6766 24.2418
17.10 0 0.000000 0.000000 0.000000 1 18.750000 10.000000 0.00000021.2500 -94.5366 0.0000 1.0000 6.0000 1000000.00 179347.96 1.0000 47.6766 24.2418
17.10 0 0.000000 0.000000 0.000000 2 0.000000 28.750000 0.00000028.7500 -101.8883 -1.9668 1.0000 6.0000 1000000.00 179347.96 1.0000 47.6766 24.2418
17.10 1 18.750000 10.000000 0.000000 2 0.000000 28.750000 0.00000026.5165 -99.9215 0.0785 1.0000 6.0000 1000000.00 179347.96 1.0000 47.6766 24.2418
17.20 0 0.000000 0.000000 0.000000 1 18.650000 10.000000 0.00000021.1618 -94.4355 0.0000 1.0000 6.0000 1000000.00 179347.96 1.0000 47.6766 24.2418
17.20 0 0.000000 0.000000 0.000000 2 0.000000 28.650000 0.00000028.6500 -101.8035 -2.0121 1.0000 6.0000 1000000.00 179347.96 1.0000 47.6766 24.2418
17.20 1 18.650000 10.000000 0.000000 2 0.000000 28.650000 0.00000026.3751 -99.7914 0.2086 1.0000 6.0000 1000000.00 179347.96 1.0000 47.6766 24.2418
17.30 0 0.000000 0.000000 0.000000 1 18.550000 10.000000 0.00000021.0737 -94.3341 0.0000 1.0000 6.0000 1000000.00 179347.96 1.0000 47.6766 24.2418
17.30 0 0.000000 0.000000 0.000000 2 0.000000 28.550000 0.00000028.5500 -101.7185 -2.0578 1.0000 6.0000 1000000.00 179347.96 1.0000 47.6766 24.2418
17.30 1 18.550000 10.000000 0.000000 2 0.000000 28.550000 0.00000026.2337 -99.6606 0.3394 1.0000 6.0000 1000000.00 179347.96 1.0000 47.6766 24.2418
17.40 0 0.000000 0.000000 0.000000 1 18.450000 10.000000 0.00000020.9858 -94.2323 0.0000 1.0000 6.0000 1000000.00 179347.96 1.0000 47.6766 24.2418
17.40 0 0.000000 0.000000 0.000000 2 0.000000 28.450000 0.00000028.4500 -101.6332 -2.1040 1.0000 6.0000 1000000.00 179347.96 1.0000 47.6766 24.2418
17.40 1 18.450000 10.000000 0.000000 2 0.000000 28.450000 0.00000026.0922 -99.5292 0.4708 1.0000 6.0000 1000000.00 179347.96 1.0000 47.6766 24.2418
17.50 0 0.000000 0.000000 0.000000 1 18.350000 10.000000 0.00000020.8979 -94.1303 0.0000 1.0000 6.0000 1000000.00 179347.96 1.0000 47.6766 24.2418
17.50 0 0.000000 0.000000 0.000000 2 0.000000 28.350000 0.00000028.3500 -101.5475 -2.1505 1.0000 6.0000 1000000.00 179347.96 1.0000 47.6766 24.2418
17.50 1 18.350000 10.000000 0.000000 2 0.000000 28.350000 0.00000025.9508 -99.3970 0.6030 1.0000 6.0000 1000000.00 179347.96 1.0000 47.6766 24.2418
17.60 0 0.000000 0.000000 0.000000 1 18.250000 10.000000 0.00000020.8102 -94.0280 0.0000 1.0000 6.0000 1000000.00 179347.96 1.0000 47.6766 24.2418
17.60 0 0.000000 0.000000 0.000000 2 0.000000 28.250000 0.00000028.2500 -101.4616 -2.1975 1.0000 6.0000 1000000.00 179347.96 1.0000 47.6766 24.2418
17.60 1 18.250000 10.000000 0.000000 2 0.000000 28.250000 0.00000025.8094 -99.2641 0.7359 1.0000 6.0000 1000000.00 179347.96 1.0000 47.6766 24.2418
17.70 0 0.000000 0.000000 0.000000 1 18.150000 10.000000 0.00000020.7225 -93.9253 6.0747 0.0742 0.0802 1000000.00 576005.91 0.0000 16.2221 2.2375
17.70 0 0.000000 0.000000 0.000000 2 0.000000 28.150000 0.00000028.1500 -101.3753 -2.2449 1.0000 6.0000 1000000.00 179347.96 1.0000 47.6766 24.2418
17.70 1 18.150000 10.000000 0.000000 2 0.000000 28.150000 0.00000025.6680 -99.1305 0.8695 1.0000 6.0000 1000000.00 179347.96 1.0000 47.6766 24.2418
17.80 0 0.000000 0.000000 0.000000 1 18.050000 10.000000 0.00000020.6350 -93.8224 6.1776 0.0670 0.0718 1000000.00 580721.24 0.0000 16.1066 2.0396
17.80 0 0.000000 0.000000 0.000000 2 0.000000 28.050000 0.00000028.0500 -101.2888 -2.2927 1.0000 6.0000 1000000.00 179347.96 1.0000 47.6766 24.2418
17.80 1 18.050000 10.000000 0.000000 2 0.000000 28.050000 0.00000025.5266 -98.9961 1.0039 1.0000 6.0000 1000000.00 179347.96 1.0000 47.6766 24.2418
17.90 0 0.000000 0.000000 0.000000 1 17.950000 10.000000 0.00000020.5476 -93.7191 6.2809 0.0604 0.0643 1000000.00 584984.33 0.0000 16.0038 1.8608
17.90 0 0.000000 0.000000 0.000000 2 0.000000 27.950000 0.00000027.9500 -101.2019 -2.3409 1.0000 6.0000 1000000.00 179347.96 1.0000 47.6766 24.2418
17.90 1 17.950000 10.000000 0.000000 2 0.000000 27.950000 0.00000025.3851 -98.8610 1.1390 1.0000 6.0000 1000000.00 179347.96 1.0000 47.6766 24.2418
18.00 0 0.000000 0.000000 0.000000 1 17.850000 10.000000 0.00000020.4603 -93.6156 6.3844 0.1481 0.1738 2000000.00 1008566.35 0.0000 10.1224 2.4034
18.00 0 0.000000 0.000000 0.000000 2 0.000000 27.850000 0.00000027.8500 -101.1148 -2.3896 1.0000 6.0000 1000000.00 179347.96 1.0000 47.6766 24.2418
18.00 1 17.850000 10.000000 0.000000 2 0.000000 27.850000 0.00000025.2437 -98.7251 1.2749 1.0000 6.0000 1000000.00 179347.96 1.0000 47.6766 24.2418
18.10 0 0.000000 0.000000 0.000000 1 17.750000 10.000000 0.00000020.3731 -93.5117 6.4883 0.1335 0.1540 2000000.00 1027732.54 0.0000 9.9709 2.1821
18.10 0 0.000000 0.000000 0.000000 2 0.000000 27.750000 0.00000027.7500 -101.0273 -2.4388 1.0000 6.0000 1000000.00 179347.96 1.0000 47.6766 24.2418
18.10 1 17.750000 10.000000 0.000000 2 0.000000 27.750000 0.00000025.1023 -98.5885 1.4115 1.0000 6.0000 1000000.00 179347.96 1.0000 47.6766 24.2418
18.20 0 0.000000 0.000000 0.000000 1 18.000000 10.000000 0.00000020.5913 -93.7708 6.2292 0.1729 0.2091 2000000.00 975780.62 0.0000 10.3953 2.7848
18.20 0 0.000000 0.000000 0.000000 2 0.000000 28.000000 0.00000028.0000 -101.2454 -2.3167 1.0000 6.0000 1000000.00 179347.96 1.0000 47.6766 24.2418
18.20 1 18.000000 10.000000 0.000000 2 0.000000 28.000000 0.00000025.4558 -98.9286 1.0714 1.0000 6.0000 1000000.00 179347.96 1.0000 47.6766 24.2418
18.30 0 0.000000 0.000000 0.000000 1 18.250000 10.000000 0.00000020.8102 -94.0280 0.0000 1.0000 6.0000 2000000.00 294120.06 1.0000 29.8526 16.6029
18.30 0 0.000000 0.000000 0.000000 2 0.000000 28.250000 0.00000028.2500 -101.4616 -2.1975 1.0000 6.0000 1000000.00 179347.96 1.0000 47.6766 24.2418
18.30 1 18.250000 10.000000 0.000000 2 0.000000 28.250000 0.00000025.8094 -99.2641 0.7359 1.0000 6.0000 1000000.00 179347.96 1.0000 47.6766 24.2418
18.40 0 0.000000 0.000000 0.000000 1 18.500000 10.000000 0.00000021.0297 -94.2832 0.0000 1.0000 6.0000 1000000.00 179347.96 1.0000 47.6766 24.2418
18.40 0 0.000000 0.000000 0.000000 2 0.000000 28.500000 0.00000028.5000 -101.6759 -2.0809 1.0000 6.0000 1000000.00 179347.96 1.0000 47.6766 24.2418
18.40 1 18.500000 10.000000 0.000000 2 0.000000 28.500000 0.00000026.1630 -99.5950 0.4050 1.0000 6.0000 1000000.00 179347.96 1.0000 47.6766 24.2418
18.50 0 0.000000 0.000000 0.000000 1 18.750000 10.000000 0.00000021.2500 -94.5366 0.0000 1.0000 6.0000 1000000.00 179347.96 1.0000 47.6766 24.2418
18.50 0 0.000000 0.000000 0.000000 2 0.000000 28.750000 0.00000028.7500 -101.8883 -1.9668 1.0000 6.0000 1000000.00 179347.96 1.0000 47.6766 24.2418
18.50 1 18.750000 10.000000 0.000000 2 0.000000 28.750000 0.00000026.5165 -99.9215 0.0785 1.0000 6.0000 1000000.00 179347.96 1.0000 47.6766 24.2418
18.60 0 0.000000 0.000000 0.000000 1 19.000000 10.000000 0.00000021.4709 -94.7882 0.0000 1.0000 6.0000 1000000.00 179347.96 1.0000 47.6766 24.2418
18.60 0 0.000000 0.000000 0.000000 2 0.000000 29.000000 0.00000029.0000 -102.0988 -2.0988 1.0000 6.0000 1000000.00 179347.96 1.0000 47.6766 24.2418
18.60 1 19.000000 10.000000 0.000000 2 0.000000 29.000000 0.00000026.8701 -100.2436 -0.2436 1.0000 6.0000 1000000.00 179347.96 1.0000 47.6766 24.2418
18.70 0 0.000000 0.000000 0.000000 1 19.250000 10.000000 0.00000021.6925 -95.0378 0.0000 1.0000 6.0000 1000000.00 179347.96 1.0000 47.6766 24.2418
18.70 0 0.000000 0.000000 0.000000 2 0.000000 29.250000 0.00000029.2500 -102.3076 -2.3076 1.0000 6.0000 1000000.00 179347.96 1.0000 47.6766 24.2418
18.70 1 19.250000 10.000000 0.000000 2 0.000000 29.250000 0.00000027.2236 -100.5615 -0.5615 1.0000 6.0000 1000000.00 179347.96 1.0000 47.6766 24.2418
18.80 0 0.000000 0.000000 0.000000 1 19.500000 10.000000 0.00000021.9146 -95.2856 0.0000 1.0000 6.0000 1000000.00 179347.96 1.0000 47.6766 24.2418
18.80 0 0.000000 0.000000 0.000000 2 0.000000 29.500000 0.00000029.5000 -102.5146 -2.5146 1.0000 6.0000 1000000.00 179347.96 1.0000 47.6766 24.2418
18.80 1 19.500000 10.000000 0.000000 2 0.000000 29.500000 0.00000027.5772 -100.8753 -0.8753 1.0000 6.0000 1000000.00 179347.96 1.0000 47.6766 24.2418
18.90 0 0.000000 0.000000 0.000000 1 19.750000 10.000000 0.00000022.1374 -95.5316 0.0000 1.0000 6.0000 1000000.00 179347.96 1.0000 47.6766 24.2418
18.90 0 0.000000 0.000000 0.000000 2 0.000000 29.750000 0.00000029.7500 -102.7198 -2.7198 1.0000 6.0000 1000000.00 179347.96 1.0000 47.6766 24.2418
18.90 1 19.750000 10.000000 0.000000 2 0.000000 29.750000 0.00000027.9307 -101.1851 -1.1851 1.0000 6.0000 1000000.00 179347.96 1.0000 47.6766 24.2418
19.00 0 0.000000 0.000000 0.000000 1 20.000000 10.000000 0.00000022.3607 -95.7757 0.0000 1.0000 6.0000 1000000.00 179347.96 1.0000 47.6766 24.2418
19.00 0 0.000000 0.000000 0.000000 2 0.000000 30.000000 0.00000030.0000 -102.9233 -2.9233 1.0000 6.0000 1000000.00 179347.96 1.0000 47.6766 24.2418
19.00 1 20.000000 10.000000 0.000000 2 0.000000 30.000000 0.00000028.2843 -101.4911 -1.4911 1.0000 6.0000 1000000.00 179347.96 1.0000 47.6766 24.2418
19.10 0 0.000000 0.000000 0.000000 1 20.250000 10.000000 0.00000022.5846 -96.0180 0.0000 1.0000 6.0000 1000000.00 179347.96 1.0000 47.6766 24.2418
19.10 0 0.000000 0.000000 0.000000 2 0.000000 30.250000 0.00000030.2500 -103.1252 -3.1252 1.0000 6.0000 1000000.00 179347.96 1.0000 47.6766 24.2418
19.10 1 20.250000 10.000000 0.000000 2 0.000000 30.250000 0.00000028.6378 -101.7932 -1.7932 1.0000 6.0000 1000000.00 179347.96 1.0000 47.6766 24.2418
19.20 0 0.000000 0.000000 0.000000 1 20.500000 10.000000 0.00000022.8090 -96.2585 0.0000 1.0000 6.0000 1000000.00 179347.96 1.0000 47.6766 24.2418
19.20 0 0.000000 0.000000 0.000000 2 0.000000 30.500000 0.00000030.5000 -103.3253 -3.3253 1.0000 6.0000 1000000.00 179347.96 1.0000 47.6766 24.2418
19.20 1 20.500000 10.000000 0.000000 2 0.000000 30.500000 0.00000028.9914 -102.0916 -2.0916 1.0000 6.0000 1000000.00 179347.96 1.0000 47.6766 24.2418
19.30 0 0.000000 0.000000 0.000000 1 20.750000 10.000000 0.00000023.0339 -96.4972 0.0000 1.0000 6.0000 1000000.00 179347.96 1.0000 47.6766 24.2418
19.30 0 0.000000 0.000000 0.000000 2 0.000000 30.750000 0.00000030.7500 -103.5239 -3.5239 1.0000 6.0000 1000000.00 179347.96 1.0000 47.6766 24.2418
19.30 1 20.750000 10.000000 0.000000 2 0.000000 30.750000 0.00000029.3449 -102.3864 -2.3864 1.0000 6.0000 1000000.00 179347.96 1.0000 47.6766 24.2418
19.40 0 0.000000 0.000000 0.000000 1 21.000000 10.000000 0.00000023.2594 -96.7341 0.0000 1.0000 6.0000 1000000.00 179347.96 1.0000 47.6766 24.2418
19.40 0 0.000000 0.000000 0.000000 2 0.000000 31.000000 0.00000031.0000 -103.7208 -3.7208 1.0000 6.0000 1000000.00 179347.96 1.0000 47.6766 24.2418
19.40 1 21.000000 10.000000 0.000000 2 0.000000 31.000000 0.00000029.6985 -102.6777 -2.6777 1.0000 6.0000 1000000.00 179347.96 1.0000 47.6766 24.2418
19.50 0 0.000000 0.000000 0.000000 1 21.250000 10.000000 0.00000023.4854 -96.9692 0.0000 1.0000 6.0000 1000000.00 179347.96 1.0000 47.6766 24.2418
19.50 0 0.000000 0.000000 0.000000 2 0.000000 31.250000 0.00000031.2500 -103.9161 -3.9161 1.0000 6.0000 1000000.00 179347.96 1.0000 47.6766 24.2418
19.50 1 21.250000 10.000000 0.000000 2 0.000000 31.250000 0.00000030.0520 -102.9655 -2.9655 1.0000 6.0000 1000000.00 179347.96 1.0000 47.6766 24.2418
19.60 0 0.000000 0.000000 0.000000 1 21.500000 10.000000 0.00000023.7118 -97.2026 0.0000 1.0000 6.0000 1000000.00 179347.96 1.0000 47.6766 24.2418
19.60 0 0.000000 0.000000 0.000000 2 0.000000 31.500000 0.00000031.5000 -104.1099 -4.1099 1.0000 6.0000 1000000.00 179347.96 1.0000 47.6766 24.2418
19.60 1 21.500000 10.000000 0.000000 2 0.000000 31.500000 0.00000030.4056 -103.2499 -3.2499 1.0000 6.0000 1000000.00 179347.96 1.0000 47.6766 24.2418
19.70 0 0.000000 0.000000 0.000000 1 21.750000 10.000000 0.00000023.9387 -97.4342 0.0000 1.0000 6.0000 1000000.00 179347.96 1.0000 47.6766 24.2418
19.70 0 0.000000 0.000000 0.000000 2 0.000000 31.750000 0.00000031.7500 -104.3022 -4.3022 1.0000 6.0000 1000000.00 179347.96 1.0000 47.6766 24.2418
19.70 1 21.750000 10.000000 0.000000 2 0.000000 31.750000 0.00000030.7591 -103.5311 -3.5311 1.0000 6.0000 1000000.00 179347.96 1.0000 47.6766 24.2418
19.80 0 0.000000 0.000000 0.000000 1 22.000000 10.000000 0.00000024.1661 -97.6641 0.0000 1.0000 6.0000 1000000.00 179347.96 1.0000 47.6766 24.2418
19.80 0 0.000000 0.000000 0.000000 2 0.000000 32.000000 0.00000032.0000 -104.4929 -4.4929 1.0000 6.0000 1000000.00 179347.96 1.0000 47.6766 24.2418
19.80 1 22.000000 10.000000 0.000000 2 0.000000 32.000000 0.00000031.1127 -103.8091 -3.8091 1.0000 6.0000 1000000.00 179347.96 1.0000 47.6766 24.2418
19.90 0 0.000000 0.000000 0.000000 1 22.250000 10.000000 0.00000024.3939 -97.8923 0.0000 1.0000 6.0000 1000000.00 179347.96 1.0000 47.6766 24.2418
19.90 0 0.000000 0.000000 0.000000 2 0.000000 32.250000 0.00000032.2500 -104.6822 -4.6822 1.0000 6.0000 1000000.00 179347.96 1.0000 47.6766 24.2418
19.90 1 22.250000 10.000000 0.000000 2 0.000000 32.250000 0.00000031.4663 -104.0839 -4.0839 1.0000 6.0000 1000000.00 179347.96 1.0000 47.6766 24.2418
20.00 0 0.000000 0.000000 0.000000 1 22.500000 10.000000 0.00000024.6221 -98.1188 0.0000 1.0000 6.0000 1000000.00 179347.96 1.0000 47.6766 24.2418
20.00 0 0.000000 0.000000 0.000000 2 0.000000 32.500000 0.00000032.5000 -104.8700 -4.8700 1.0000 6.0000 1000000.00 179347.96 1.0000 47.6766 24.2418
20.00 1 22.500000 10.000000 0.000000 2 0.000000 32.500000 0.00000031.8198 -104.3556 -4.3556 1.0000 6.0000 1000000.00 179347.96 1.0000 47.6766 24.2418
